/usr/bin/ld: /home/pi/do_an_ws/devel/.private/robot_localization/lib/libfilter_utilities.so: invalid string offset 1718 >= 1607 for section `.strtab'
/usr/bin/ld: /home/pi/do_an_ws/devel/.private/robot_localization/lib/libfilter_utilities.so: invalid string offset 1665 >= 1607 for section `.strtab'
/usr/bin/ld: /home/pi/do_an_ws/devel/.private/robot_localization/lib/libfilter_utilities.so: invalid string offset 1699 >= 1607 for section `.strtab'
/usr/bin/ld: /home/pi/do_an_ws/devel/.private/robot_localization/lib/libfilter_utilities.so: invalid string offset 1698 >= 1607 for section `.strtab'
/usr/bin/ld: /home/pi/do_an_ws/devel/.private/robot_localization/lib/libfilter_utilities.so: invalid string offset 1672 >= 1607 for section `.strtab'
/usr/bin/ld: /home/pi/do_an_ws/devel/.private/robot_localization/lib/libfilter_utilities.so: invalid string offset 1684 >= 1607 for section `.strtab'
/usr/bin/ld: /home/pi/do_an_ws/devel/.private/robot_localization/lib/libfilter_utilities.so: invalid string offset 1710 >= 1607 for section `.strtab'
/usr/bin/ld: /home/pi/do_an_ws/devel/.private/robot_localization/lib/libfilter_utilities.so: invalid string offset 1718 >= 1607 for section `.strtab'
/usr/bin/ld: /home/pi/do_an_ws/devel/.private/robot_localization/lib/libfilter_utilities.so: invalid string offset 1665 >= 1607 for section `.strtab'
/usr/bin/ld: /home/pi/do_an_ws/devel/.private/robot_localization/lib/libfilter_utilities.so: invalid string offset 1699 >= 1607 for section `.strtab'
/usr/bin/ld: /home/pi/do_an_ws/devel/.private/robot_localization/lib/libfilter_utilities.so: invalid string offset 1698 >= 1607 for section `.strtab'
/usr/bin/ld: /home/pi/do_an_ws/devel/.private/robot_localization/lib/libfilter_utilities.so: invalid string offset 1672 >= 1607 for section `.strtab'
/usr/bin/ld: /home/pi/do_an_ws/devel/.private/robot_localization/lib/libfilter_utilities.so: invalid string offset 1684 >= 1607 for section `.strtab'
/usr/bin/ld: /home/pi/do_an_ws/devel/.private/robot_localization/lib/libfilter_utilities.so: invalid string offset 1710 >= 1607 for section `.strtab'
/usr/bin/ld: /home/pi/do_an_ws/devel/.private/robot_localization/lib/libfilter_utilities.so: invalid string offset 1718 >= 1607 for section `.strtab'
/usr/bin/ld: /home/pi/do_an_ws/devel/.private/robot_localization/lib/libfilter_utilities.so: invalid string offset 1665 >= 1607 for section `.strtab'
/usr/bin/ld: /home/pi/do_an_ws/devel/.private/robot_localization/lib/libfilter_utilities.so: invalid string offset 1699 >= 1607 for section `.strtab'
/usr/bin/ld: /home/pi/do_an_ws/devel/.private/robot_localization/lib/libfilter_utilities.so: invalid string offset 1698 >= 1607 for section `.strtab'
/usr/bin/ld: /home/pi/do_an_ws/devel/.private/robot_localization/lib/libfilter_utilities.so: invalid string offset 1672 >= 1607 for section `.strtab'
/usr/bin/ld: /home/pi/do_an_ws/devel/.private/robot_localization/lib/libfilter_utilities.so: invalid string offset 1684 >= 1607 for section `.strtab'
/usr/bin/ld: /home/pi/do_an_ws/devel/.private/robot_localization/lib/libfilter_utilities.so: invalid string offset 1710 >= 1607 for section `.strtab'
/usr/bin/ld: /home/pi/do_an_ws/devel/.private/robot_localization/lib/libfilter_utilities.so: invalid string offset 1718 >= 1607 for section `.strtab'
/usr/bin/ld: /home/pi/do_an_ws/devel/.private/robot_localization/lib/libfilter_utilities.so: invalid string offset 1665 >= 1607 for section `.strtab'
/usr/bin/ld: /home/pi/do_an_ws/devel/.private/robot_localization/lib/libfilter_utilities.so: invalid string offset 1699 >= 1607 for section `.strtab'
/usr/bin/ld: /home/pi/do_an_ws/devel/.private/robot_localization/lib/libfilter_utilities.so: invalid string offset 1698 >= 1607 for section `.strtab'
/usr/bin/ld: /home/pi/do_an_ws/devel/.private/robot_localization/lib/libfilter_utilities.so: invalid string offset 1672 >= 1607 for section `.strtab'
/usr/bin/ld: /home/pi/do_an_ws/devel/.private/robot_localization/lib/libfilter_utilities.so: invalid string offset 1684 >= 1607 for section `.strtab'
/usr/bin/ld: /home/pi/do_an_ws/devel/.private/robot_localization/lib/libfilter_utilities.so: invalid string offset 1710 >= 1607 for section `.strtab'
/usr/bin/ld: /home/pi/do_an_ws/devel/.private/robot_localization/lib/libfilter_utilities.so: invalid string offset 1718 >= 1607 for section `.strtab'
/usr/bin/ld: /home/pi/do_an_ws/devel/.private/robot_localization/lib/libfilter_utilities.so: invalid string offset 1665 >= 1607 for section `.strtab'
/usr/bin/ld: /home/pi/do_an_ws/devel/.private/robot_localization/lib/libfilter_utilities.so: invalid string offset 1699 >= 1607 for section `.strtab'
/usr/bin/ld: /home/pi/do_an_ws/devel/.private/robot_localization/lib/libfilter_utilities.so: invalid string offset 1698 >= 1607 for section `.strtab'
/usr/bin/ld: /home/pi/do_an_ws/devel/.private/robot_localization/lib/libfilter_utilities.so: invalid string offset 1672 >= 1607 for section `.strtab'
/usr/bin/ld: /home/pi/do_an_ws/devel/.private/robot_localization/lib/libfilter_utilities.so: invalid string offset 1684 >= 1607 for section `.strtab'
/usr/bin/ld: /home/pi/do_an_ws/devel/.private/robot_localization/lib/libfilter_utilities.so: invalid string offset 1710 >= 1607 for section `.strtab'
/usr/bin/ld: /home/pi/do_an_ws/devel/.private/robot_localization/lib/libfilter_utilities.so: invalid string offset 1718 >= 1607 for section `.strtab'
/usr/bin/ld: /home/pi/do_an_ws/devel/.private/robot_localization/lib/libfilter_utilities.so: invalid string offset 1665 >= 1607 for section `.strtab'
/usr/bin/ld: /home/pi/do_an_ws/devel/.private/robot_localization/lib/libfilter_utilities.so: invalid string offset 1699 >= 1607 for section `.strtab'
/usr/bin/ld: /home/pi/do_an_ws/devel/.private/robot_localization/lib/libfilter_utilities.so: invalid string offset 1698 >= 1607 for section `.strtab'
/usr/bin/ld: /home/pi/do_an_ws/devel/.private/robot_localization/lib/libfilter_utilities.so: invalid string offset 1672 >= 1607 for section `.strtab'
/usr/bin/ld: /home/pi/do_an_ws/devel/.private/robot_localization/lib/libfilter_utilities.so: invalid string offset 1684 >= 1607 for section `.strtab'
/usr/bin/ld: /home/pi/do_an_ws/devel/.private/robot_localization/lib/libfilter_utilities.so: invalid string offset 1710 >= 1607 for section `.strtab'
In file included from [01m[K/usr/include/c++/8/vector:69[m[K,
                 from [01m[K/usr/include/boost/math/special_functions/math_fwd.hpp:26[m[K,
                 from [01m[K/usr/include/boost/math/special_functions/round.hpp:15[m[K,
                 from [01m[K/opt/ros/noetic/include/ros/time.h:58[m[K,
                 from [01m[K/home/pi/do_an_ws/src/geometry2/tf2/include/tf2/transform_storage.h:39[m[K,
                 from [01m[K/home/pi/do_an_ws/src/geometry2/tf2/include/tf2/buffer_core.h:35[m[K,
                 from [01m[K/home/pi/do_an_ws/src/geometry2/tf2_ros/include/tf2_ros/buffer_interface.h:35[m[K,
                 from [01m[K/home/pi/do_an_ws/src/geometry2/tf2_ros/include/tf2_ros/buffer.h:35[m[K,
                 from [01m[K/home/pi/do_an_ws/src/robot_localization/include/robot_localization/ros_filter_utilities.h:38[m[K,
                 from [01m[K/home/pi/do_an_ws/src/robot_localization/include/robot_localization/ros_filter.h:36[m[K,
                 from [01m[K/home/pi/do_an_ws/src/robot_localization/src/ros_filter.cpp:33[m[K:
[01m[K/usr/include/c++/8/bits/vector.tcc:[m[K In member function '[01m[Kvoid std::vector<_Tp, _Alloc>::_M_fill_insert(std::vector<_Tp, _Alloc>::iterator, std::vector<_Tp, _Alloc>::size_type, const value_type&) [with _Tp = double; _Alloc = std::allocator<double>][m[K':
[01m[K/usr/include/c++/8/bits/vector.tcc:478:5:[m[K [01;36m[Knote: [m[Kparameter passing for argument of type '[01m[Kstd::vector<double>::iterator[m[K' {aka '[01m[K__gnu_cxx::__normal_iterator<double*, std::vector<double> >[m[K'} changed in GCC 7.1
     [01;36m[Kvector<_Tp, _Alloc>[m[K::
     [01;36m[K^~~~~~~~~~~~~~~~~~~[m[K
In file included from [01m[K/usr/include/c++/8/vector:64[m[K,
                 from [01m[K/usr/include/boost/math/special_functions/math_fwd.hpp:26[m[K,
                 from [01m[K/usr/include/boost/math/special_functions/round.hpp:15[m[K,
                 from [01m[K/opt/ros/noetic/include/ros/time.h:58[m[K,
                 from [01m[K/home/pi/do_an_ws/src/geometry2/tf2/include/tf2/transform_storage.h:39[m[K,
                 from [01m[K/home/pi/do_an_ws/src/geometry2/tf2/include/tf2/buffer_core.h:35[m[K,
                 from [01m[K/home/pi/do_an_ws/src/geometry2/tf2_ros/include/tf2_ros/buffer_interface.h:35[m[K,
                 from [01m[K/home/pi/do_an_ws/src/geometry2/tf2_ros/include/tf2_ros/buffer.h:35[m[K,
                 from [01m[K/home/pi/do_an_ws/src/robot_localization/include/robot_localization/ros_filter_utilities.h:38[m[K,
                 from [01m[K/home/pi/do_an_ws/src/robot_localization/include/robot_localization/ros_filter.h:36[m[K,
                 from [01m[K/home/pi/do_an_ws/src/robot_localization/src/ros_filter.cpp:33[m[K:
[01m[K/usr/include/c++/8/bits/stl_vector.h:[m[K In member function '[01m[Kvoid std::vector<_Tp, _Alloc>::resize(std::vector<_Tp, _Alloc>::size_type, const value_type&) [with _Tp = double; _Alloc = std::allocator<double>][m[K':
[01m[K/usr/include/c++/8/bits/stl_vector.h:847:4:[m[K [01;36m[Knote: [m[Kparameter passing for argument of type '[01m[K__gnu_cxx::__normal_iterator<double*, std::vector<double> >[m[K' changed in GCC 7.1
    [01;36m[K_M_fill_insert[m[K(end(), __new_size - size(), __x);
    [01;36m[K^~~~~~~~~~~~~~[m[K
In file included from [01m[K/usr/include/c++/8/map:60[m[K,
                 from [01m[K/usr/include/boost/detail/container_fwd.hpp:94[m[K,
                 from [01m[K/usr/include/boost/container_hash/extensions.hpp:22[m[K,
                 from [01m[K/usr/include/boost/container_hash/hash.hpp:760[m[K,
                 from [01m[K/usr/include/boost/type_index/stl_type_index.hpp:43[m[K,
                 from [01m[K/usr/include/boost/type_index.hpp:29[m[K,
                 from [01m[K/usr/include/boost/function/function_base.hpp:21[m[K,
                 from [01m[K/usr/include/boost/function/detail/prologue.hpp:17[m[K,
                 from [01m[K/usr/include/boost/function.hpp:30[m[K,
                 from [01m[K/usr/include/boost/signals2/signal.hpp:18[m[K,
                 from [01m[K/usr/include/boost/signals2.hpp:19[m[K,
                 from [01m[K/home/pi/do_an_ws/src/geometry2/tf2/include/tf2/buffer_core.h:37[m[K,
                 from [01m[K/home/pi/do_an_ws/src/geometry2/tf2_ros/include/tf2_ros/buffer_interface.h:35[m[K,
                 from [01m[K/home/pi/do_an_ws/src/geometry2/tf2_ros/include/tf2_ros/buffer.h:35[m[K,
                 from [01m[K/home/pi/do_an_ws/src/robot_localization/include/robot_localization/ros_filter_utilities.h:38[m[K,
                 from [01m[K/home/pi/do_an_ws/src/robot_localization/include/robot_localization/ros_filter.h:36[m[K,
                 from [01m[K/home/pi/do_an_ws/src/robot_localization/src/ros_filter.cpp:33[m[K:
[01m[K/usr/include/c++/8/bits/stl_tree.h:[m[K In member function '[01m[Kstd::_Rb_tree<_Key, _Val, _KeyOfValue, _Compare, _Alloc>::iterator std::_Rb_tree<_Key, _Val, _KeyOfValue, _Compare, _Alloc>::_M_emplace_hint_unique(std::_Rb_tree<_Key, _Val, _KeyOfValue, _Compare, _Alloc>::const_iterator, _Args&& ...) [with _Args = {const std::piecewise_construct_t&, std::tuple<const std::__cxx11::basic_string<char, std::char_traits<char>, std::allocator<char> >&>, std::tuple<>}; _Key = std::__cxx11::basic_string<char>; _Val = std::pair<const std::__cxx11::basic_string<char>, tf2::Transform>; _KeyOfValue = std::_Select1st<std::pair<const std::__cxx11::basic_string<char>, tf2::Transform> >; _Compare = std::less<std::__cxx11::basic_string<char> >; _Alloc = std::allocator<std::pair<const std::__cxx11::basic_string<char>, tf2::Transform> >][m[K':
[01m[K/usr/include/c++/8/bits/stl_tree.h:2411:7:[m[K [01;36m[Knote: [m[Kparameter passing for argument of type '[01m[Kstd::_Rb_tree<std::__cxx11::basic_string<char>, std::pair<const std::__cxx11::basic_string<char>, tf2::Transform>, std::_Select1st<std::pair<const std::__cxx11::basic_string<char>, tf2::Transform> >, std::less<std::__cxx11::basic_string<char> >, std::allocator<std::pair<const std::__cxx11::basic_string<char>, tf2::Transform> > >::const_iterator[m[K' {aka '[01m[Kstd::_Rb_tree_const_iterator<std::pair<const std::__cxx11::basic_string<char>, tf2::Transform> >[m[K'} changed in GCC 7.1
       [01;36m[K_Rb_tree<_Key, _Val, _KeyOfValue, _Compare, _Alloc>[m[K::
       [01;36m[K^~~~~~~~~~~~~~~~~~~~~~~~~~~~~~~~~~~~~~~~~~~~~~~~~~~[m[K
In file included from [01m[K/usr/include/c++/8/map:61[m[K,
                 from [01m[K/usr/include/boost/detail/container_fwd.hpp:94[m[K,
                 from [01m[K/usr/include/boost/container_hash/extensions.hpp:22[m[K,
                 from [01m[K/usr/include/boost/container_hash/hash.hpp:760[m[K,
                 from [01m[K/usr/include/boost/type_index/stl_type_index.hpp:43[m[K,
                 from [01m[K/usr/include/boost/type_index.hpp:29[m[K,
                 from [01m[K/usr/include/boost/function/function_base.hpp:21[m[K,
                 from [01m[K/usr/include/boost/function/detail/prologue.hpp:17[m[K,
                 from [01m[K/usr/include/boost/function.hpp:30[m[K,
                 from [01m[K/usr/include/boost/signals2/signal.hpp:18[m[K,
                 from [01m[K/usr/include/boost/signals2.hpp:19[m[K,
                 from [01m[K/home/pi/do_an_ws/src/geometry2/tf2/include/tf2/buffer_core.h:37[m[K,
                 from [01m[K/home/pi/do_an_ws/src/geometry2/tf2_ros/include/tf2_ros/buffer_interface.h:35[m[K,
                 from [01m[K/home/pi/do_an_ws/src/geometry2/tf2_ros/include/tf2_ros/buffer.h:35[m[K,
                 from [01m[K/home/pi/do_an_ws/src/robot_localization/include/robot_localization/ros_filter_utilities.h:38[m[K,
                 from [01m[K/home/pi/do_an_ws/src/robot_localization/include/robot_localization/ros_filter.h:36[m[K,
                 from [01m[K/home/pi/do_an_ws/src/robot_localization/src/ros_filter.cpp:33[m[K:
[01m[K/usr/include/c++/8/bits/stl_map.h:[m[K In member function '[01m[Kstd::map<_Key, _Tp, _Compare, _Alloc>::mapped_type& std::map<_Key, _Tp, _Compare, _Alloc>::operator[](const key_type&) [with _Key = std::__cxx11::basic_string<char>; _Tp = tf2::Transform; _Compare = std::less<std::__cxx11::basic_string<char> >; _Alloc = std::allocator<std::pair<const std::__cxx11::basic_string<char>, tf2::Transform> >][m[K':
[01m[K/usr/include/c++/8/bits/stl_map.h:499:8:[m[K [01;36m[Knote: [m[Kparameter passing for argument of type '[01m[Kstd::_Rb_tree<std::__cxx11::basic_string<char>, std::pair<const std::__cxx11::basic_string<char>, tf2::Transform>, std::_Select1st<std::pair<const std::__cxx11::basic_string<char>, tf2::Transform> >, std::less<std::__cxx11::basic_string<char> >, std::allocator<std::pair<const std::__cxx11::basic_string<char>, tf2::Transform> > >::const_iterator[m[K' {aka '[01m[Kstd::_Rb_tree_const_iterator<std::pair<const std::__cxx11::basic_string<char>, tf2::Transform> >[m[K'} changed in GCC 7.1
    __i = _M_t._M_emplace_hint_unique(__i, std::piecewise_construct,
/usr/bin/ld: /home/pi/do_an_ws/devel/.private/robot_localization/lib/libfilter_utilities.so: invalid string offset 1718 >= 1607 for section `.strtab'
/usr/bin/ld: /home/pi/do_an_ws/devel/.private/robot_localization/lib/libfilter_utilities.so: invalid string offset 1665 >= 1607 for section `.strtab'
/usr/bin/ld: /home/pi/do_an_ws/devel/.private/robot_localization/lib/libfilter_utilities.so: invalid string offset 1699 >= 1607 for section `.strtab'
/usr/bin/ld: /home/pi/do_an_ws/devel/.private/robot_localization/lib/libfilter_utilities.so: invalid string offset 1698 >= 1607 for section `.strtab'
/usr/bin/ld: /home/pi/do_an_ws/devel/.private/robot_localization/lib/libfilter_utilities.so: invalid string offset 1672 >= 1607 for section `.strtab'
/usr/bin/ld: /home/pi/do_an_ws/devel/.private/robot_localization/lib/libfilter_utilities.so: invalid string offset 1684 >= 1607 for section `.strtab'
/usr/bin/ld: /home/pi/do_an_ws/devel/.private/robot_localization/lib/libfilter_utilities.so: invalid string offset 1710 >= 1607 for section `.strtab'
/usr/bin/ld: /home/pi/do_an_ws/devel/.private/robot_localization/lib/libfilter_utilities.so: invalid string offset 1718 >= 1607 for section `.strtab'
/usr/bin/ld: /home/pi/do_an_ws/devel/.private/robot_localization/lib/libfilter_utilities.so: invalid string offset 1665 >= 1607 for section `.strtab'
/usr/bin/ld: /home/pi/do_an_ws/devel/.private/robot_localization/lib/libfilter_utilities.so: invalid string offset 1699 >= 1607 for section `.strtab'
/usr/bin/ld: /home/pi/do_an_ws/devel/.private/robot_localization/lib/libfilter_utilities.so: invalid string offset 1698 >= 1607 for section `.strtab'
/usr/bin/ld: /home/pi/do_an_ws/devel/.private/robot_localization/lib/libfilter_utilities.so: invalid string offset 1672 >= 1607 for section `.strtab'
/usr/bin/ld: /home/pi/do_an_ws/devel/.private/robot_localization/lib/libfilter_utilities.so: invalid string offset 1684 >= 1607 for section `.strtab'
/usr/bin/ld: /home/pi/do_an_ws/devel/.private/robot_localization/lib/libfilter_utilities.so: invalid string offset 1710 >= 1607 for section `.strtab'
/usr/bin/ld: /home/pi/do_an_ws/devel/.private/robot_localization/lib/libfilter_utilities.so: invalid string offset 1718 >= 1607 for section `.strtab'
/usr/bin/ld: /home/pi/do_an_ws/devel/.private/robot_localization/lib/libfilter_utilities.so: invalid string offset 1665 >= 1607 for section `.strtab'
/usr/bin/ld: /home/pi/do_an_ws/devel/.private/robot_localization/lib/libfilter_utilities.so: invalid string offset 1699 >= 1607 for section `.strtab'
/usr/bin/ld: /home/pi/do_an_ws/devel/.private/robot_localization/lib/libfilter_utilities.so: invalid string offset 1698 >= 1607 for section `.strtab'
/usr/bin/ld: /home/pi/do_an_ws/devel/.private/robot_localization/lib/libfilter_utilities.so: invalid string offset 1672 >= 1607 for section `.strtab'
/usr/bin/ld: /home/pi/do_an_ws/devel/.private/robot_localization/lib/libfilter_utilities.so: invalid string offset 1684 >= 1607 for section `.strtab'
/usr/bin/ld: /home/pi/do_an_ws/devel/.private/robot_localization/lib/libfilter_utilities.so: invalid string offset 1710 >= 1607 for section `.strtab'
/usr/bin/ld: /home/pi/do_an_ws/devel/.private/robot_localization/lib/libfilter_utilities.so: invalid string offset 1718 >= 1607 for section `.strtab'
/usr/bin/ld: /home/pi/do_an_ws/devel/.private/robot_localization/lib/libfilter_utilities.so: invalid string offset 1665 >= 1607 for section `.strtab'
/usr/bin/ld: /home/pi/do_an_ws/devel/.private/robot_localization/lib/libfilter_utilities.so: invalid string offset 1699 >= 1607 for section `.strtab'
/usr/bin/ld: /home/pi/do_an_ws/devel/.private/robot_localization/lib/libfilter_utilities.so: invalid string offset 1698 >= 1607 for section `.strtab'
/usr/bin/ld: /home/pi/do_an_ws/devel/.private/robot_localization/lib/libfilter_utilities.so: invalid string offset 1672 >= 1607 for section `.strtab'
/usr/bin/ld: /home/pi/do_an_ws/devel/.private/robot_localization/lib/libfilter_utilities.so: invalid string offset 1684 >= 1607 for section `.strtab'
/usr/bin/ld: /home/pi/do_an_ws/devel/.private/robot_localization/lib/libfilter_utilities.so: invalid string offset 1710 >= 1607 for section `.strtab'
/usr/bin/ld: /home/pi/do_an_ws/devel/.private/robot_localization/lib/libfilter_utilities.so: invalid string offset 1718 >= 1607 for section `.strtab'
/usr/bin/ld: /home/pi/do_an_ws/devel/.private/robot_localization/lib/libfilter_utilities.so: invalid string offset 1665 >= 1607 for section `.strtab'
/usr/bin/ld: /home/pi/do_an_ws/devel/.private/robot_localization/lib/libfilter_utilities.so: invalid string offset 1699 >= 1607 for section `.strtab'
/usr/bin/ld: /home/pi/do_an_ws/devel/.private/robot_localization/lib/libfilter_utilities.so: invalid string offset 1698 >= 1607 for section `.strtab'
/usr/bin/ld: /home/pi/do_an_ws/devel/.private/robot_localization/lib/libfilter_utilities.so: invalid string offset 1672 >= 1607 for section `.strtab'
/usr/bin/ld: /home/pi/do_an_ws/devel/.private/robot_localization/lib/libfilter_utilities.so: invalid string offset 1684 >= 1607 for section `.strtab'
/usr/bin/ld: /home/pi/do_an_ws/devel/.private/robot_localization/lib/libfilter_utilities.so: invalid string offset 1710 >= 1607 for section `.strtab'
/usr/bin/ld: /home/pi/do_an_ws/devel/.private/robot_localization/lib/libfilter_utilities.so: invalid string offset 1718 >= 1607 for section `.strtab'
/usr/bin/ld: /home/pi/do_an_ws/devel/.private/robot_localization/lib/libfilter_utilities.so: invalid string offset 1665 >= 1607 for section `.strtab'
/usr/bin/ld: /home/pi/do_an_ws/devel/.private/robot_localization/lib/libfilter_utilities.so: invalid string offset 1699 >= 1607 for section `.strtab'
/usr/bin/ld: /home/pi/do_an_ws/devel/.private/robot_localization/lib/libfilter_utilities.so: invalid string offset 1698 >= 1607 for section `.strtab'
/usr/bin/ld: /home/pi/do_an_ws/devel/.private/robot_localization/lib/libfilter_utilities.so: invalid string offset 1672 >= 1607 for section `.strtab'
/usr/bin/ld: /home/pi/do_an_ws/devel/.private/robot_localization/lib/libfilter_utilities.so: invalid string offset 1684 >= 1607 for section `.strtab'
/usr/bin/ld: /home/pi/do_an_ws/devel/.private/robot_localization/lib/libfilter_utilities.so: invalid string offset 1710 >= 1607 for section `.strtab'
/usr/bin/ld: /home/pi/do_an_ws/devel/.private/robot_localization/lib/libfilter_utilities.so: invalid string offset 1718 >= 1607 for section `.strtab'
/usr/bin/ld: /home/pi/do_an_ws/devel/.private/robot_localization/lib/libfilter_utilities.so: invalid string offset 1665 >= 1607 for section `.strtab'
/usr/bin/ld: /home/pi/do_an_ws/devel/.private/robot_localization/lib/libfilter_utilities.so: invalid string offset 1699 >= 1607 for section `.strtab'
/usr/bin/ld: /home/pi/do_an_ws/devel/.private/robot_localization/lib/libfilter_utilities.so: invalid string offset 1698 >= 1607 for section `.strtab'
/usr/bin/ld: /home/pi/do_an_ws/devel/.private/robot_localization/lib/libfilter_utilities.so: invalid string offset 1672 >= 1607 for section `.strtab'
/usr/bin/ld: /home/pi/do_an_ws/devel/.private/robot_localization/lib/libfilter_utilities.so: invalid string offset 1684 >= 1607 for section `.strtab'
/usr/bin/ld: /home/pi/do_an_ws/devel/.private/robot_localization/lib/libfilter_utilities.so: invalid string offset 1710 >= 1607 for section `.strtab'
/usr/bin/ld: /home/pi/do_an_ws/devel/.private/robot_localization/lib/libfilter_utilities.so: invalid string offset 1718 >= 1607 for section `.strtab'
/usr/bin/ld: /home/pi/do_an_ws/devel/.private/robot_localization/lib/libfilter_utilities.so: invalid string offset 1665 >= 1607 for section `.strtab'
/usr/bin/ld: /home/pi/do_an_ws/devel/.private/robot_localization/lib/libfilter_utilities.so: invalid string offset 1699 >= 1607 for section `.strtab'
/usr/bin/ld: /home/pi/do_an_ws/devel/.private/robot_localization/lib/libfilter_utilities.so: invalid string offset 1698 >= 1607 for section `.strtab'
/usr/bin/ld: /home/pi/do_an_ws/devel/.private/robot_localization/lib/libfilter_utilities.so: invalid string offset 1672 >= 1607 for section `.strtab'
/usr/bin/ld: /home/pi/do_an_ws/devel/.private/robot_localization/lib/libfilter_utilities.so: invalid string offset 1684 >= 1607 for section `.strtab'
/usr/bin/ld: /home/pi/do_an_ws/devel/.private/robot_localization/lib/libfilter_utilities.so: invalid string offset 1710 >= 1607 for section `.strtab'
