[35m[1mScanning dependencies of target ros_filter_utilities[0m
[  1%] [32mBuilding CXX object CMakeFiles/ros_filter_utilities.dir/src/ros_filter_utilities.cpp.o[0m
[  3%] [32m[1mLinking CXX shared library /home/pi/do_an_ws/devel/.private/robot_localization/lib/libros_filter_utilities.so[0m
[  3%] Built target ros_filter_utilities
[35m[1mScanning dependencies of target filter_utilities[0m
[  4%] [32mBuilding CXX object CMakeFiles/filter_utilities.dir/src/filter_utilities.cpp.o[0m
[  6%] [32m[1mLinking CXX shared library /home/pi/do_an_ws/devel/.private/robot_localization/lib/libfilter_utilities.so[0m
[  6%] Built target filter_utilities
[35m[1mScanning dependencies of target _robot_localization_generate_messages_check_deps_SetPose[0m
[  6%] Built target _robot_localization_generate_messages_check_deps_SetPose
[35m[1mScanning dependencies of target _robot_localization_generate_messages_check_deps_FromLL[0m
[  6%] Built target _robot_localization_generate_messages_check_deps_FromLL
[35m[1mScanning dependencies of target geometry_msgs_generate_messages_cpp[0m
[  6%] Built target geometry_msgs_generate_messages_cpp
[35m[1mScanning dependencies of target geographic_msgs_generate_messages_cpp[0m
[  6%] Built target geographic_msgs_generate_messages_cpp
[35m[1mScanning dependencies of target _robot_localization_generate_messages_check_deps_GetState[0m
[  6%] Built target _robot_localization_generate_messages_check_deps_GetState
[35m[1mScanning dependencies of target std_msgs_generate_messages_cpp[0m
[  6%] Built target std_msgs_generate_messages_cpp
[35m[1mScanning dependencies of target _robot_localization_generate_messages_check_deps_SetDatum[0m
[  6%] Built target _robot_localization_generate_messages_check_deps_SetDatum
[35m[1mScanning dependencies of target _robot_localization_generate_messages_check_deps_ToggleFilterProcessing[0m
[  6%] Built target _robot_localization_generate_messages_check_deps_ToggleFilterProcessing
[35m[1mScanning dependencies of target _robot_localization_generate_messages_check_deps_ToLL[0m
[  6%] Built target _robot_localization_generate_messages_check_deps_ToLL
[35m[1mScanning dependencies of target _robot_localization_generate_messages_check_deps_SetUTMZone[0m
[  6%] Built target _robot_localization_generate_messages_check_deps_SetUTMZone
[35m[1mScanning dependencies of target geographic_msgs_generate_messages_eus[0m
[  6%] Built target geographic_msgs_generate_messages_eus
[35m[1mScanning dependencies of target std_msgs_generate_messages_eus[0m
[  6%] Built target std_msgs_generate_messages_eus
[35m[1mScanning dependencies of target geometry_msgs_generate_messages_eus[0m
[  6%] Built target geometry_msgs_generate_messages_eus
[35m[1mScanning dependencies of target geographic_msgs_generate_messages_lisp[0m
[  6%] Built target geographic_msgs_generate_messages_lisp
[35m[1mScanning dependencies of target geometry_msgs_generate_messages_lisp[0m
[  6%] Built target geometry_msgs_generate_messages_lisp
[35m[1mScanning dependencies of target std_msgs_generate_messages_lisp[0m
[  6%] Built target std_msgs_generate_messages_lisp
[35m[1mScanning dependencies of target geographic_msgs_generate_messages_py[0m
[  6%] Built target geographic_msgs_generate_messages_py
[35m[1mScanning dependencies of target geometry_msgs_generate_messages_py[0m
[  6%] Built target geometry_msgs_generate_messages_py
[35m[1mScanning dependencies of target std_msgs_generate_messages_py[0m
[  6%] Built target std_msgs_generate_messages_py
[35m[1mScanning dependencies of target std_msgs_generate_messages_nodejs[0m
[  6%] Built target std_msgs_generate_messages_nodejs
[35m[1mScanning dependencies of target geometry_msgs_generate_messages_nodejs[0m
[  6%] Built target geometry_msgs_generate_messages_nodejs
[35m[1mScanning dependencies of target geographic_msgs_generate_messages_nodejs[0m
[  6%] Built target geographic_msgs_generate_messages_nodejs
[35m[1mScanning dependencies of target test_ros_robot_localization_listener_publisher[0m
[  8%] [32mBuilding CXX object CMakeFiles/test_ros_robot_localization_listener_publisher.dir/test/test_ros_robot_localization_listener_publisher.cpp.o[0m
[  9%] [32m[1mLinking CXX executable /home/pi/do_an_ws/devel/.private/robot_localization/lib/robot_localization/test_ros_robot_localization_listener_publisher[0m
[  9%] Built target test_ros_robot_localization_listener_publisher
[35m[1mScanning dependencies of target robot_localization_generate_messages_cpp[0m
[  9%] [34m[1mGenerating C++ code from robot_localization/GetState.srv[0m
[ 11%] [34m[1mGenerating C++ code from robot_localization/SetDatum.srv[0m
[ 12%] [34m[1mGenerating C++ code from robot_localization/SetPose.srv[0m
[ 14%] [34m[1mGenerating C++ code from robot_localization/SetUTMZone.srv[0m
[ 16%] [34m[1mGenerating C++ code from robot_localization/ToggleFilterProcessing.srv[0m
[ 17%] [34m[1mGenerating C++ code from robot_localization/FromLL.srv[0m
[ 19%] [34m[1mGenerating C++ code from robot_localization/ToLL.srv[0m
[ 19%] Built target robot_localization_generate_messages_cpp
[35m[1mScanning dependencies of target robot_localization_generate_messages_eus[0m
[ 20%] [34m[1mGenerating EusLisp code from robot_localization/GetState.srv[0m
[ 20%] [34m[1mGenerating EusLisp code from robot_localization/SetDatum.srv[0m
[ 22%] [34m[1mGenerating EusLisp code from robot_localization/SetPose.srv[0m
[ 24%] [34m[1mGenerating EusLisp code from robot_localization/SetUTMZone.srv[0m
[ 25%] [34m[1mGenerating EusLisp code from robot_localization/ToggleFilterProcessing.srv[0m
[ 27%] [34m[1mGenerating EusLisp code from robot_localization/FromLL.srv[0m
[ 29%] [34m[1mGenerating EusLisp code from robot_localization/ToLL.srv[0m
[ 30%] [34m[1mGenerating EusLisp manifest code for robot_localization[0m
[ 30%] Built target robot_localization_generate_messages_eus
[35m[1mScanning dependencies of target robot_localization_generate_messages_lisp[0m
[ 32%] [34m[1mGenerating Lisp code from robot_localization/GetState.srv[0m
[ 32%] [34m[1mGenerating Lisp code from robot_localization/SetDatum.srv[0m
[ 33%] [34m[1mGenerating Lisp code from robot_localization/SetPose.srv[0m
[ 35%] [34m[1mGenerating Lisp code from robot_localization/SetUTMZone.srv[0m
[ 37%] [34m[1mGenerating Lisp code from robot_localization/ToggleFilterProcessing.srv[0m
[ 38%] [34m[1mGenerating Lisp code from robot_localization/FromLL.srv[0m
[ 40%] [34m[1mGenerating Lisp code from robot_localization/ToLL.srv[0m
[ 40%] Built target robot_localization_generate_messages_lisp
[35m[1mScanning dependencies of target robot_localization_generate_messages_py[0m
[ 41%] [34m[1mGenerating Python code from SRV robot_localization/GetState[0m
[ 43%] [34m[1mGenerating Python code from SRV robot_localization/SetDatum[0m
[ 43%] [34m[1mGenerating Python code from SRV robot_localization/SetPose[0m
[ 45%] [34m[1mGenerating Python code from SRV robot_localization/SetUTMZone[0m
[ 46%] [34m[1mGenerating Python code from SRV robot_localization/ToggleFilterProcessing[0m
[ 48%] [34m[1mGenerating Python code from SRV robot_localization/FromLL[0m
[ 50%] [34m[1mGenerating Python code from SRV robot_localization/ToLL[0m
[ 51%] [34m[1mGenerating Python srv __init__.py for robot_localization[0m
[ 51%] Built target robot_localization_generate_messages_py
[35m[1mScanning dependencies of target robot_localization_generate_messages_nodejs[0m
[ 53%] [34m[1mGenerating Javascript code from robot_localization/GetState.srv[0m
[ 53%] [34m[1mGenerating Javascript code from robot_localization/SetDatum.srv[0m
[ 54%] [34m[1mGenerating Javascript code from robot_localization/SetPose.srv[0m
[ 56%] [34m[1mGenerating Javascript code from robot_localization/SetUTMZone.srv[0m
[ 58%] [34m[1mGenerating Javascript code from robot_localization/ToggleFilterProcessing.srv[0m
[ 59%] [34m[1mGenerating Javascript code from robot_localization/FromLL.srv[0m
[ 61%] [34m[1mGenerating Javascript code from robot_localization/ToLL.srv[0m
[ 61%] Built target robot_localization_generate_messages_nodejs
[35m[1mScanning dependencies of target robot_localization_gencpp[0m
[ 61%] Built target robot_localization_gencpp
[35m[1mScanning dependencies of target robot_localization_generate_messages[0m
[ 61%] Built target robot_localization_generate_messages
[35m[1mScanning dependencies of target navsat_transform[0m
[ 62%] [32mBuilding CXX object CMakeFiles/navsat_transform.dir/src/navsat_transform.cpp.o[0m
[ 62%] [32m[1mLinking CXX shared library /home/pi/do_an_ws/devel/.private/robot_localization/lib/libnavsat_transform.so[0m
/usr/bin/ld: /home/pi/do_an_ws/devel/.private/robot_localization/lib/libfilter_utilities.so: invalid string offset 1718 >= 1607 for section `.strtab'
/usr/bin/ld: /home/pi/do_an_ws/devel/.private/robot_localization/lib/libfilter_utilities.so: invalid string offset 1665 >= 1607 for section `.strtab'
/usr/bin/ld: /home/pi/do_an_ws/devel/.private/robot_localization/lib/libfilter_utilities.so: invalid string offset 1699 >= 1607 for section `.strtab'
/usr/bin/ld: /home/pi/do_an_ws/devel/.private/robot_localization/lib/libfilter_utilities.so: invalid string offset 1698 >= 1607 for section `.strtab'
/usr/bin/ld: /home/pi/do_an_ws/devel/.private/robot_localization/lib/libfilter_utilities.so: invalid string offset 1672 >= 1607 for section `.strtab'
/usr/bin/ld: /home/pi/do_an_ws/devel/.private/robot_localization/lib/libfilter_utilities.so: invalid string offset 1684 >= 1607 for section `.strtab'
/usr/bin/ld: /home/pi/do_an_ws/devel/.private/robot_localization/lib/libfilter_utilities.so: invalid string offset 1710 >= 1607 for section `.strtab'
[ 62%] Built target navsat_transform
[35m[1mScanning dependencies of target filter_base[0m
[ 64%] [32mBuilding CXX object CMakeFiles/filter_base.dir/src/filter_base.cpp.o[0m
[ 64%] [32m[1mLinking CXX shared library /home/pi/do_an_ws/devel/.private/robot_localization/lib/libfilter_base.so[0m
/usr/bin/ld: /home/pi/do_an_ws/devel/.private/robot_localization/lib/libfilter_utilities.so: invalid string offset 1718 >= 1607 for section `.strtab'
/usr/bin/ld: /home/pi/do_an_ws/devel/.private/robot_localization/lib/libfilter_utilities.so: invalid string offset 1665 >= 1607 for section `.strtab'
/usr/bin/ld: /home/pi/do_an_ws/devel/.private/robot_localization/lib/libfilter_utilities.so: invalid string offset 1699 >= 1607 for section `.strtab'
/usr/bin/ld: /home/pi/do_an_ws/devel/.private/robot_localization/lib/libfilter_utilities.so: invalid string offset 1698 >= 1607 for section `.strtab'
/usr/bin/ld: /home/pi/do_an_ws/devel/.private/robot_localization/lib/libfilter_utilities.so: invalid string offset 1672 >= 1607 for section `.strtab'
/usr/bin/ld: /home/pi/do_an_ws/devel/.private/robot_localization/lib/libfilter_utilities.so: invalid string offset 1684 >= 1607 for section `.strtab'
/usr/bin/ld: /home/pi/do_an_ws/devel/.private/robot_localization/lib/libfilter_utilities.so: invalid string offset 1710 >= 1607 for section `.strtab'
[ 64%] Built target filter_base
[35m[1mScanning dependencies of target navsat_transform_nodelet[0m
[ 66%] [32mBuilding CXX object CMakeFiles/navsat_transform_nodelet.dir/src/navsat_transform_nodelet.cpp.o[0m
[ 67%] [32m[1mLinking CXX shared library /home/pi/do_an_ws/devel/.private/robot_localization/lib/libnavsat_transform_nodelet.so[0m
/usr/bin/ld: /home/pi/do_an_ws/devel/.private/robot_localization/lib/libfilter_utilities.so: invalid string offset 1718 >= 1607 for section `.strtab'
/usr/bin/ld: /home/pi/do_an_ws/devel/.private/robot_localization/lib/libfilter_utilities.so: invalid string offset 1665 >= 1607 for section `.strtab'
/usr/bin/ld: /home/pi/do_an_ws/devel/.private/robot_localization/lib/libfilter_utilities.so: invalid string offset 1699 >= 1607 for section `.strtab'
/usr/bin/ld: /home/pi/do_an_ws/devel/.private/robot_localization/lib/libfilter_utilities.so: invalid string offset 1698 >= 1607 for section `.strtab'
/usr/bin/ld: /home/pi/do_an_ws/devel/.private/robot_localization/lib/libfilter_utilities.so: invalid string offset 1672 >= 1607 for section `.strtab'
/usr/bin/ld: /home/pi/do_an_ws/devel/.private/robot_localization/lib/libfilter_utilities.so: invalid string offset 1684 >= 1607 for section `.strtab'
/usr/bin/ld: /home/pi/do_an_ws/devel/.private/robot_localization/lib/libfilter_utilities.so: invalid string offset 1710 >= 1607 for section `.strtab'
[ 67%] Built target navsat_transform_nodelet
[35m[1mScanning dependencies of target navsat_transform_node[0m
[ 69%] [32mBuilding CXX object CMakeFiles/navsat_transform_node.dir/src/navsat_transform_node.cpp.o[0m
[ 70%] [32m[1mLinking CXX executable /home/pi/do_an_ws/devel/.private/robot_localization/lib/robot_localization/navsat_transform_node[0m
/usr/bin/ld: /home/pi/do_an_ws/devel/.private/robot_localization/lib/libfilter_utilities.so: invalid string offset 1718 >= 1607 for section `.strtab'
/usr/bin/ld: /home/pi/do_an_ws/devel/.private/robot_localization/lib/libfilter_utilities.so: invalid string offset 1665 >= 1607 for section `.strtab'
/usr/bin/ld: /home/pi/do_an_ws/devel/.private/robot_localization/lib/libfilter_utilities.so: invalid string offset 1699 >= 1607 for section `.strtab'
/usr/bin/ld: /home/pi/do_an_ws/devel/.private/robot_localization/lib/libfilter_utilities.so: invalid string offset 1698 >= 1607 for section `.strtab'
/usr/bin/ld: /home/pi/do_an_ws/devel/.private/robot_localization/lib/libfilter_utilities.so: invalid string offset 1672 >= 1607 for section `.strtab'
/usr/bin/ld: /home/pi/do_an_ws/devel/.private/robot_localization/lib/libfilter_utilities.so: invalid string offset 1684 >= 1607 for section `.strtab'
/usr/bin/ld: /home/pi/do_an_ws/devel/.private/robot_localization/lib/libfilter_utilities.so: invalid string offset 1710 >= 1607 for section `.strtab'
[ 70%] Built target navsat_transform_node
[35m[1mScanning dependencies of target ekf[0m
[ 70%] [32mBuilding CXX object CMakeFiles/ekf.dir/src/ekf.cpp.o[0m
[ 72%] [32m[1mLinking CXX shared library /home/pi/do_an_ws/devel/.private/robot_localization/lib/libekf.so[0m
/usr/bin/ld: /home/pi/do_an_ws/devel/.private/robot_localization/lib/libfilter_utilities.so: invalid string offset 1718 >= 1607 for section `.strtab'
/usr/bin/ld: /home/pi/do_an_ws/devel/.private/robot_localization/lib/libfilter_utilities.so: invalid string offset 1665 >= 1607 for section `.strtab'
/usr/bin/ld: /home/pi/do_an_ws/devel/.private/robot_localization/lib/libfilter_utilities.so: invalid string offset 1699 >= 1607 for section `.strtab'
/usr/bin/ld: /home/pi/do_an_ws/devel/.private/robot_localization/lib/libfilter_utilities.so: invalid string offset 1698 >= 1607 for section `.strtab'
/usr/bin/ld: /home/pi/do_an_ws/devel/.private/robot_localization/lib/libfilter_utilities.so: invalid string offset 1672 >= 1607 for section `.strtab'
/usr/bin/ld: /home/pi/do_an_ws/devel/.private/robot_localization/lib/libfilter_utilities.so: invalid string offset 1684 >= 1607 for section `.strtab'
/usr/bin/ld: /home/pi/do_an_ws/devel/.private/robot_localization/lib/libfilter_utilities.so: invalid string offset 1710 >= 1607 for section `.strtab'
[ 72%] Built target ekf
[35m[1mScanning dependencies of target ukf[0m
[ 74%] [32mBuilding CXX object CMakeFiles/ukf.dir/src/ukf.cpp.o[0m
[ 75%] [32m[1mLinking CXX shared library /home/pi/do_an_ws/devel/.private/robot_localization/lib/libukf.so[0m
/usr/bin/ld: /home/pi/do_an_ws/devel/.private/robot_localization/lib/libfilter_utilities.so: invalid string offset 1718 >= 1607 for section `.strtab'
/usr/bin/ld: /home/pi/do_an_ws/devel/.private/robot_localization/lib/libfilter_utilities.so: invalid string offset 1665 >= 1607 for section `.strtab'
/usr/bin/ld: /home/pi/do_an_ws/devel/.private/robot_localization/lib/libfilter_utilities.so: invalid string offset 1699 >= 1607 for section `.strtab'
/usr/bin/ld: /home/pi/do_an_ws/devel/.private/robot_localization/lib/libfilter_utilities.so: invalid string offset 1698 >= 1607 for section `.strtab'
/usr/bin/ld: /home/pi/do_an_ws/devel/.private/robot_localization/lib/libfilter_utilities.so: invalid string offset 1672 >= 1607 for section `.strtab'
/usr/bin/ld: /home/pi/do_an_ws/devel/.private/robot_localization/lib/libfilter_utilities.so: invalid string offset 1684 >= 1607 for section `.strtab'
/usr/bin/ld: /home/pi/do_an_ws/devel/.private/robot_localization/lib/libfilter_utilities.so: invalid string offset 1710 >= 1607 for section `.strtab'
[ 75%] Built target ukf
[35m[1mScanning dependencies of target ros_filter[0m
[ 75%] [32mBuilding CXX object CMakeFiles/ros_filter.dir/src/ros_filter.cpp.o[0m
In file included from [01m[K/usr/include/c++/8/vector:69[m[K,
                 from [01m[K/usr/include/boost/math/special_functions/math_fwd.hpp:26[m[K,
                 from [01m[K/usr/include/boost/math/special_functions/round.hpp:15[m[K,
                 from [01m[K/opt/ros/noetic/include/ros/time.h:58[m[K,
                 from [01m[K/home/pi/do_an_ws/src/geometry2/tf2/include/tf2/transform_storage.h:39[m[K,
                 from [01m[K/home/pi/do_an_ws/src/geometry2/tf2/include/tf2/buffer_core.h:35[m[K,
                 from [01m[K/home/pi/do_an_ws/src/geometry2/tf2_ros/include/tf2_ros/buffer_interface.h:35[m[K,
                 from [01m[K/home/pi/do_an_ws/src/geometry2/tf2_ros/include/tf2_ros/buffer.h:35[m[K,
                 from [01m[K/home/pi/do_an_ws/src/robot_localization/include/robot_localization/ros_filter_utilities.h:38[m[K,
                 from [01m[K/home/pi/do_an_ws/src/robot_localization/include/robot_localization/ros_filter.h:36[m[K,
                 from [01m[K/home/pi/do_an_ws/src/robot_localization/src/ros_filter.cpp:33[m[K:
[01m[K/usr/include/c++/8/bits/vector.tcc:[m[K In member function '[01m[Kvoid std::vector<_Tp, _Alloc>::_M_fill_insert(std::vector<_Tp, _Alloc>::iterator, std::vector<_Tp, _Alloc>::size_type, const value_type&) [with _Tp = double; _Alloc = std::allocator<double>][m[K':
[01m[K/usr/include/c++/8/bits/vector.tcc:478:5:[m[K [01;36m[Knote: [m[Kparameter passing for argument of type '[01m[Kstd::vector<double>::iterator[m[K' {aka '[01m[K__gnu_cxx::__normal_iterator<double*, std::vector<double> >[m[K'} changed in GCC 7.1
     [01;36m[Kvector<_Tp, _Alloc>[m[K::
     [01;36m[K^~~~~~~~~~~~~~~~~~~[m[K
In file included from [01m[K/usr/include/c++/8/vector:64[m[K,
                 from [01m[K/usr/include/boost/math/special_functions/math_fwd.hpp:26[m[K,
                 from [01m[K/usr/include/boost/math/special_functions/round.hpp:15[m[K,
                 from [01m[K/opt/ros/noetic/include/ros/time.h:58[m[K,
                 from [01m[K/home/pi/do_an_ws/src/geometry2/tf2/include/tf2/transform_storage.h:39[m[K,
                 from [01m[K/home/pi/do_an_ws/src/geometry2/tf2/include/tf2/buffer_core.h:35[m[K,
                 from [01m[K/home/pi/do_an_ws/src/geometry2/tf2_ros/include/tf2_ros/buffer_interface.h:35[m[K,
                 from [01m[K/home/pi/do_an_ws/src/geometry2/tf2_ros/include/tf2_ros/buffer.h:35[m[K,
                 from [01m[K/home/pi/do_an_ws/src/robot_localization/include/robot_localization/ros_filter_utilities.h:38[m[K,
                 from [01m[K/home/pi/do_an_ws/src/robot_localization/include/robot_localization/ros_filter.h:36[m[K,
                 from [01m[K/home/pi/do_an_ws/src/robot_localization/src/ros_filter.cpp:33[m[K:
[01m[K/usr/include/c++/8/bits/stl_vector.h:[m[K In member function '[01m[Kvoid std::vector<_Tp, _Alloc>::resize(std::vector<_Tp, _Alloc>::size_type, const value_type&) [with _Tp = double; _Alloc = std::allocator<double>][m[K':
[01m[K/usr/include/c++/8/bits/stl_vector.h:847:4:[m[K [01;36m[Knote: [m[Kparameter passing for argument of type '[01m[K__gnu_cxx::__normal_iterator<double*, std::vector<double> >[m[K' changed in GCC 7.1
    [01;36m[K_M_fill_insert[m[K(end(), __new_size - size(), __x);
    [01;36m[K^~~~~~~~~~~~~~[m[K
In file included from [01m[K/usr/include/c++/8/map:60[m[K,
                 from [01m[K/usr/include/boost/detail/container_fwd.hpp:94[m[K,
                 from [01m[K/usr/include/boost/container_hash/extensions.hpp:22[m[K,
                 from [01m[K/usr/include/boost/container_hash/hash.hpp:760[m[K,
                 from [01m[K/usr/include/boost/type_index/stl_type_index.hpp:43[m[K,
                 from [01m[K/usr/include/boost/type_index.hpp:29[m[K,
                 from [01m[K/usr/include/boost/function/function_base.hpp:21[m[K,
                 from [01m[K/usr/include/boost/function/detail/prologue.hpp:17[m[K,
                 from [01m[K/usr/include/boost/function.hpp:30[m[K,
                 from [01m[K/usr/include/boost/signals2/signal.hpp:18[m[K,
                 from [01m[K/usr/include/boost/signals2.hpp:19[m[K,
                 from [01m[K/home/pi/do_an_ws/src/geometry2/tf2/include/tf2/buffer_core.h:37[m[K,
                 from [01m[K/home/pi/do_an_ws/src/geometry2/tf2_ros/include/tf2_ros/buffer_interface.h:35[m[K,
                 from [01m[K/home/pi/do_an_ws/src/geometry2/tf2_ros/include/tf2_ros/buffer.h:35[m[K,
                 from [01m[K/home/pi/do_an_ws/src/robot_localization/include/robot_localization/ros_filter_utilities.h:38[m[K,
                 from [01m[K/home/pi/do_an_ws/src/robot_localization/include/robot_localization/ros_filter.h:36[m[K,
                 from [01m[K/home/pi/do_an_ws/src/robot_localization/src/ros_filter.cpp:33[m[K:
[01m[K/usr/include/c++/8/bits/stl_tree.h:[m[K In member function '[01m[Kstd::_Rb_tree<_Key, _Val, _KeyOfValue, _Compare, _Alloc>::iterator std::_Rb_tree<_Key, _Val, _KeyOfValue, _Compare, _Alloc>::_M_emplace_hint_unique(std::_Rb_tree<_Key, _Val, _KeyOfValue, _Compare, _Alloc>::const_iterator, _Args&& ...) [with _Args = {const std::piecewise_construct_t&, std::tuple<const std::__cxx11::basic_string<char, std::char_traits<char>, std::allocator<char> >&>, std::tuple<>}; _Key = std::__cxx11::basic_string<char>; _Val = std::pair<const std::__cxx11::basic_string<char>, tf2::Transform>; _KeyOfValue = std::_Select1st<std::pair<const std::__cxx11::basic_string<char>, tf2::Transform> >; _Compare = std::less<std::__cxx11::basic_string<char> >; _Alloc = std::allocator<std::pair<const std::__cxx11::basic_string<char>, tf2::Transform> >][m[K':
[01m[K/usr/include/c++/8/bits/stl_tree.h:2411:7:[m[K [01;36m[Knote: [m[Kparameter passing for argument of type '[01m[Kstd::_Rb_tree<std::__cxx11::basic_string<char>, std::pair<const std::__cxx11::basic_string<char>, tf2::Transform>, std::_Select1st<std::pair<const std::__cxx11::basic_string<char>, tf2::Transform> >, std::less<std::__cxx11::basic_string<char> >, std::allocator<std::pair<const std::__cxx11::basic_string<char>, tf2::Transform> > >::const_iterator[m[K' {aka '[01m[Kstd::_Rb_tree_const_iterator<std::pair<const std::__cxx11::basic_string<char>, tf2::Transform> >[m[K'} changed in GCC 7.1
       [01;36m[K_Rb_tree<_Key, _Val, _KeyOfValue, _Compare, _Alloc>[m[K::
       [01;36m[K^~~~~~~~~~~~~~~~~~~~~~~~~~~~~~~~~~~~~~~~~~~~~~~~~~~[m[K
In file included from [01m[K/usr/include/c++/8/map:61[m[K,
                 from [01m[K/usr/include/boost/detail/container_fwd.hpp:94[m[K,
                 from [01m[K/usr/include/boost/container_hash/extensions.hpp:22[m[K,
                 from [01m[K/usr/include/boost/container_hash/hash.hpp:760[m[K,
                 from [01m[K/usr/include/boost/type_index/stl_type_index.hpp:43[m[K,
                 from [01m[K/usr/include/boost/type_index.hpp:29[m[K,
                 from [01m[K/usr/include/boost/function/function_base.hpp:21[m[K,
                 from [01m[K/usr/include/boost/function/detail/prologue.hpp:17[m[K,
                 from [01m[K/usr/include/boost/function.hpp:30[m[K,
                 from [01m[K/usr/include/boost/signals2/signal.hpp:18[m[K,
                 from [01m[K/usr/include/boost/signals2.hpp:19[m[K,
                 from [01m[K/home/pi/do_an_ws/src/geometry2/tf2/include/tf2/buffer_core.h:37[m[K,
                 from [01m[K/home/pi/do_an_ws/src/geometry2/tf2_ros/include/tf2_ros/buffer_interface.h:35[m[K,
                 from [01m[K/home/pi/do_an_ws/src/geometry2/tf2_ros/include/tf2_ros/buffer.h:35[m[K,
                 from [01m[K/home/pi/do_an_ws/src/robot_localization/include/robot_localization/ros_filter_utilities.h:38[m[K,
                 from [01m[K/home/pi/do_an_ws/src/robot_localization/include/robot_localization/ros_filter.h:36[m[K,
                 from [01m[K/home/pi/do_an_ws/src/robot_localization/src/ros_filter.cpp:33[m[K:
[01m[K/usr/include/c++/8/bits/stl_map.h:[m[K In member function '[01m[Kstd::map<_Key, _Tp, _Compare, _Alloc>::mapped_type& std::map<_Key, _Tp, _Compare, _Alloc>::operator[](const key_type&) [with _Key = std::__cxx11::basic_string<char>; _Tp = tf2::Transform; _Compare = std::less<std::__cxx11::basic_string<char> >; _Alloc = std::allocator<std::pair<const std::__cxx11::basic_string<char>, tf2::Transform> >][m[K':
[01m[K/usr/include/c++/8/bits/stl_map.h:499:8:[m[K [01;36m[Knote: [m[Kparameter passing for argument of type '[01m[Kstd::_Rb_tree<std::__cxx11::basic_string<char>, std::pair<const std::__cxx11::basic_string<char>, tf2::Transform>, std::_Select1st<std::pair<const std::__cxx11::basic_string<char>, tf2::Transform> >, std::less<std::__cxx11::basic_string<char> >, std::allocator<std::pair<const std::__cxx11::basic_string<char>, tf2::Transform> > >::const_iterator[m[K' {aka '[01m[Kstd::_Rb_tree_const_iterator<std::pair<const std::__cxx11::basic_string<char>, tf2::Transform> >[m[K'} changed in GCC 7.1
    __i = _M_t._M_emplace_hint_unique(__i, std::piecewise_construct,
[ 77%] [32m[1mLinking CXX shared library /home/pi/do_an_ws/devel/.private/robot_localization/lib/libros_filter.so[0m
/usr/bin/ld: /home/pi/do_an_ws/devel/.private/robot_localization/lib/libfilter_utilities.so: invalid string offset 1718 >= 1607 for section `.strtab'
/usr/bin/ld: /home/pi/do_an_ws/devel/.private/robot_localization/lib/libfilter_utilities.so: invalid string offset 1665 >= 1607 for section `.strtab'
/usr/bin/ld: /home/pi/do_an_ws/devel/.private/robot_localization/lib/libfilter_utilities.so: invalid string offset 1699 >= 1607 for section `.strtab'
/usr/bin/ld: /home/pi/do_an_ws/devel/.private/robot_localization/lib/libfilter_utilities.so: invalid string offset 1698 >= 1607 for section `.strtab'
/usr/bin/ld: /home/pi/do_an_ws/devel/.private/robot_localization/lib/libfilter_utilities.so: invalid string offset 1672 >= 1607 for section `.strtab'
/usr/bin/ld: /home/pi/do_an_ws/devel/.private/robot_localization/lib/libfilter_utilities.so: invalid string offset 1684 >= 1607 for section `.strtab'
/usr/bin/ld: /home/pi/do_an_ws/devel/.private/robot_localization/lib/libfilter_utilities.so: invalid string offset 1710 >= 1607 for section `.strtab'
[ 77%] Built target ros_filter
[35m[1mScanning dependencies of target robot_localization_estimator[0m
[ 79%] [32mBuilding CXX object CMakeFiles/robot_localization_estimator.dir/src/robot_localization_estimator.cpp.o[0m
[ 80%] [32m[1mLinking CXX shared library /home/pi/do_an_ws/devel/.private/robot_localization/lib/librobot_localization_estimator.so[0m
/usr/bin/ld: /home/pi/do_an_ws/devel/.private/robot_localization/lib/libfilter_utilities.so: invalid string offset 1718 >= 1607 for section `.strtab'
/usr/bin/ld: /home/pi/do_an_ws/devel/.private/robot_localization/lib/libfilter_utilities.so: invalid string offset 1665 >= 1607 for section `.strtab'
/usr/bin/ld: /home/pi/do_an_ws/devel/.private/robot_localization/lib/libfilter_utilities.so: invalid string offset 1699 >= 1607 for section `.strtab'
/usr/bin/ld: /home/pi/do_an_ws/devel/.private/robot_localization/lib/libfilter_utilities.so: invalid string offset 1698 >= 1607 for section `.strtab'
/usr/bin/ld: /home/pi/do_an_ws/devel/.private/robot_localization/lib/libfilter_utilities.so: invalid string offset 1672 >= 1607 for section `.strtab'
/usr/bin/ld: /home/pi/do_an_ws/devel/.private/robot_localization/lib/libfilter_utilities.so: invalid string offset 1684 >= 1607 for section `.strtab'
/usr/bin/ld: /home/pi/do_an_ws/devel/.private/robot_localization/lib/libfilter_utilities.so: invalid string offset 1710 >= 1607 for section `.strtab'
[ 80%] Built target robot_localization_estimator
[35m[1mScanning dependencies of target ukf_localization_node[0m
[ 82%] [32mBuilding CXX object CMakeFiles/ukf_localization_node.dir/src/ukf_localization_node.cpp.o[0m
[ 83%] [32m[1mLinking CXX executable /home/pi/do_an_ws/devel/.private/robot_localization/lib/robot_localization/ukf_localization_node[0m
/usr/bin/ld: /home/pi/do_an_ws/devel/.private/robot_localization/lib/libfilter_utilities.so: invalid string offset 1718 >= 1607 for section `.strtab'
/usr/bin/ld: /home/pi/do_an_ws/devel/.private/robot_localization/lib/libfilter_utilities.so: invalid string offset 1665 >= 1607 for section `.strtab'
/usr/bin/ld: /home/pi/do_an_ws/devel/.private/robot_localization/lib/libfilter_utilities.so: invalid string offset 1699 >= 1607 for section `.strtab'
/usr/bin/ld: /home/pi/do_an_ws/devel/.private/robot_localization/lib/libfilter_utilities.so: invalid string offset 1698 >= 1607 for section `.strtab'
/usr/bin/ld: /home/pi/do_an_ws/devel/.private/robot_localization/lib/libfilter_utilities.so: invalid string offset 1672 >= 1607 for section `.strtab'
/usr/bin/ld: /home/pi/do_an_ws/devel/.private/robot_localization/lib/libfilter_utilities.so: invalid string offset 1684 >= 1607 for section `.strtab'
/usr/bin/ld: /home/pi/do_an_ws/devel/.private/robot_localization/lib/libfilter_utilities.so: invalid string offset 1710 >= 1607 for section `.strtab'
[ 83%] Built target ukf_localization_node
[35m[1mScanning dependencies of target ekf_localization_nodelet[0m
[ 85%] [32mBuilding CXX object CMakeFiles/ekf_localization_nodelet.dir/src/ekf_localization_nodelet.cpp.o[0m
[ 87%] [32m[1mLinking CXX shared library /home/pi/do_an_ws/devel/.private/robot_localization/lib/libekf_localization_nodelet.so[0m
/usr/bin/ld: /home/pi/do_an_ws/devel/.private/robot_localization/lib/libfilter_utilities.so: invalid string offset 1718 >= 1607 for section `.strtab'
/usr/bin/ld: /home/pi/do_an_ws/devel/.private/robot_localization/lib/libfilter_utilities.so: invalid string offset 1665 >= 1607 for section `.strtab'
/usr/bin/ld: /home/pi/do_an_ws/devel/.private/robot_localization/lib/libfilter_utilities.so: invalid string offset 1699 >= 1607 for section `.strtab'
/usr/bin/ld: /home/pi/do_an_ws/devel/.private/robot_localization/lib/libfilter_utilities.so: invalid string offset 1698 >= 1607 for section `.strtab'
/usr/bin/ld: /home/pi/do_an_ws/devel/.private/robot_localization/lib/libfilter_utilities.so: invalid string offset 1672 >= 1607 for section `.strtab'
/usr/bin/ld: /home/pi/do_an_ws/devel/.private/robot_localization/lib/libfilter_utilities.so: invalid string offset 1684 >= 1607 for section `.strtab'
/usr/bin/ld: /home/pi/do_an_ws/devel/.private/robot_localization/lib/libfilter_utilities.so: invalid string offset 1710 >= 1607 for section `.strtab'
[ 87%] Built target ekf_localization_nodelet
[35m[1mScanning dependencies of target ekf_localization_node[0m
[ 88%] [32mBuilding CXX object CMakeFiles/ekf_localization_node.dir/src/ekf_localization_node.cpp.o[0m
[ 90%] [32m[1mLinking CXX executable /home/pi/do_an_ws/devel/.private/robot_localization/lib/robot_localization/ekf_localization_node[0m
/usr/bin/ld: /home/pi/do_an_ws/devel/.private/robot_localization/lib/libfilter_utilities.so: invalid string offset 1718 >= 1607 for section `.strtab'
/usr/bin/ld: /home/pi/do_an_ws/devel/.private/robot_localization/lib/libfilter_utilities.so: invalid string offset 1665 >= 1607 for section `.strtab'
/usr/bin/ld: /home/pi/do_an_ws/devel/.private/robot_localization/lib/libfilter_utilities.so: invalid string offset 1699 >= 1607 for section `.strtab'
/usr/bin/ld: /home/pi/do_an_ws/devel/.private/robot_localization/lib/libfilter_utilities.so: invalid string offset 1698 >= 1607 for section `.strtab'
/usr/bin/ld: /home/pi/do_an_ws/devel/.private/robot_localization/lib/libfilter_utilities.so: invalid string offset 1672 >= 1607 for section `.strtab'
/usr/bin/ld: /home/pi/do_an_ws/devel/.private/robot_localization/lib/libfilter_utilities.so: invalid string offset 1684 >= 1607 for section `.strtab'
/usr/bin/ld: /home/pi/do_an_ws/devel/.private/robot_localization/lib/libfilter_utilities.so: invalid string offset 1710 >= 1607 for section `.strtab'
[ 90%] Built target ekf_localization_node
[35m[1mScanning dependencies of target ukf_localization_nodelet[0m
[ 91%] [32mBuilding CXX object CMakeFiles/ukf_localization_nodelet.dir/src/ukf_localization_nodelet.cpp.o[0m
[ 93%] [32m[1mLinking CXX shared library /home/pi/do_an_ws/devel/.private/robot_localization/lib/libukf_localization_nodelet.so[0m
/usr/bin/ld: /home/pi/do_an_ws/devel/.private/robot_localization/lib/libfilter_utilities.so: invalid string offset 1718 >= 1607 for section `.strtab'
/usr/bin/ld: /home/pi/do_an_ws/devel/.private/robot_localization/lib/libfilter_utilities.so: invalid string offset 1665 >= 1607 for section `.strtab'
/usr/bin/ld: /home/pi/do_an_ws/devel/.private/robot_localization/lib/libfilter_utilities.so: invalid string offset 1699 >= 1607 for section `.strtab'
/usr/bin/ld: /home/pi/do_an_ws/devel/.private/robot_localization/lib/libfilter_utilities.so: invalid string offset 1698 >= 1607 for section `.strtab'
/usr/bin/ld: /home/pi/do_an_ws/devel/.private/robot_localization/lib/libfilter_utilities.so: invalid string offset 1672 >= 1607 for section `.strtab'
/usr/bin/ld: /home/pi/do_an_ws/devel/.private/robot_localization/lib/libfilter_utilities.so: invalid string offset 1684 >= 1607 for section `.strtab'
/usr/bin/ld: /home/pi/do_an_ws/devel/.private/robot_localization/lib/libfilter_utilities.so: invalid string offset 1710 >= 1607 for section `.strtab'
[ 93%] Built target ukf_localization_nodelet
[35m[1mScanning dependencies of target ros_robot_localization_listener[0m
[ 95%] [32mBuilding CXX object CMakeFiles/ros_robot_localization_listener.dir/src/ros_robot_localization_listener.cpp.o[0m
[ 96%] [32m[1mLinking CXX shared library /home/pi/do_an_ws/devel/.private/robot_localization/lib/libros_robot_localization_listener.so[0m
/usr/bin/ld: /home/pi/do_an_ws/devel/.private/robot_localization/lib/libfilter_utilities.so: invalid string offset 1718 >= 1607 for section `.strtab'
/usr/bin/ld: /home/pi/do_an_ws/devel/.private/robot_localization/lib/libfilter_utilities.so: invalid string offset 1665 >= 1607 for section `.strtab'
/usr/bin/ld: /home/pi/do_an_ws/devel/.private/robot_localization/lib/libfilter_utilities.so: invalid string offset 1699 >= 1607 for section `.strtab'
/usr/bin/ld: /home/pi/do_an_ws/devel/.private/robot_localization/lib/libfilter_utilities.so: invalid string offset 1698 >= 1607 for section `.strtab'
/usr/bin/ld: /home/pi/do_an_ws/devel/.private/robot_localization/lib/libfilter_utilities.so: invalid string offset 1672 >= 1607 for section `.strtab'
/usr/bin/ld: /home/pi/do_an_ws/devel/.private/robot_localization/lib/libfilter_utilities.so: invalid string offset 1684 >= 1607 for section `.strtab'
/usr/bin/ld: /home/pi/do_an_ws/devel/.private/robot_localization/lib/libfilter_utilities.so: invalid string offset 1710 >= 1607 for section `.strtab'
[ 96%] Built target ros_robot_localization_listener
[35m[1mScanning dependencies of target robot_localization_listener_node[0m
[ 98%] [32mBuilding CXX object CMakeFiles/robot_localization_listener_node.dir/src/robot_localization_listener_node.cpp.o[0m
[100%] [32m[1mLinking CXX executable /home/pi/do_an_ws/devel/.private/robot_localization/lib/robot_localization/robot_localization_listener_node[0m
/usr/bin/ld: /home/pi/do_an_ws/devel/.private/robot_localization/lib/libfilter_utilities.so: invalid string offset 1718 >= 1607 for section `.strtab'
/usr/bin/ld: /home/pi/do_an_ws/devel/.private/robot_localization/lib/libfilter_utilities.so: invalid string offset 1665 >= 1607 for section `.strtab'
/usr/bin/ld: /home/pi/do_an_ws/devel/.private/robot_localization/lib/libfilter_utilities.so: invalid string offset 1699 >= 1607 for section `.strtab'
/usr/bin/ld: /home/pi/do_an_ws/devel/.private/robot_localization/lib/libfilter_utilities.so: invalid string offset 1698 >= 1607 for section `.strtab'
/usr/bin/ld: /home/pi/do_an_ws/devel/.private/robot_localization/lib/libfilter_utilities.so: invalid string offset 1672 >= 1607 for section `.strtab'
/usr/bin/ld: /home/pi/do_an_ws/devel/.private/robot_localization/lib/libfilter_utilities.so: invalid string offset 1684 >= 1607 for section `.strtab'
/usr/bin/ld: /home/pi/do_an_ws/devel/.private/robot_localization/lib/libfilter_utilities.so: invalid string offset 1710 >= 1607 for section `.strtab'
[100%] Built target robot_localization_listener_node
