Performing C SOURCE FILE Test CMAKE_HAVE_LIBC_PTHREAD failed with the following output:
Change Dir: /home/pi/do_an_ws/build/image_transport/CMakeFiles/CMakeTmp

Run Build Command(s):/usr/bin/make cmTC_5b332/fast && /usr/bin/make -f CMakeFiles/cmTC_5b332.dir/build.make CMakeFiles/cmTC_5b332.dir/build
make[1]: Entering directory '/home/pi/do_an_ws/build/image_transport/CMakeFiles/CMakeTmp'
Building C object CMakeFiles/cmTC_5b332.dir/src.c.o
/usr/bin/cc   -DCMAKE_HAVE_LIBC_PTHREAD   -o CMakeFiles/cmTC_5b332.dir/src.c.o   -c /home/pi/do_an_ws/build/image_transport/CMakeFiles/CMakeTmp/src.c
Linking C executable cmTC_5b332
/usr/bin/cmake -E cmake_link_script CMakeFiles/cmTC_5b332.dir/link.txt --verbose=1
/usr/bin/cc  -DCMAKE_HAVE_LIBC_PTHREAD    -rdynamic CMakeFiles/cmTC_5b332.dir/src.c.o  -o cmTC_5b332 
/usr/bin/ld: CMakeFiles/cmTC_5b332.dir/src.c.o: in function `main':
src.c:(.text+0x40): undefined reference to `pthread_create'
/usr/bin/ld: src.c:(.text+0x4c): undefined reference to `pthread_detach'
/usr/bin/ld: src.c:(.text+0x5c): undefined reference to `pthread_join'
collect2: error: ld returned 1 exit status
make[1]: *** [CMakeFiles/cmTC_5b332.dir/build.make:87: cmTC_5b332] Error 1
make[1]: Leaving directory '/home/pi/do_an_ws/build/image_transport/CMakeFiles/CMakeTmp'
make: *** [Makefile:121: cmTC_5b332/fast] Error 2


Source file was:
#include <pthread.h>

void* test_func(void* data)
{
  return data;
}

int main(void)
{
  pthread_t thread;
  pthread_create(&thread, NULL, test_func, NULL);
  pthread_detach(thread);
  pthread_join(thread, NULL);
  pthread_atfork(NULL, NULL, NULL);
  pthread_exit(NULL);

  return 0;
}

Determining if the function pthread_create exists in the pthreads failed with the following output:
Change Dir: /home/pi/do_an_ws/build/image_transport/CMakeFiles/CMakeTmp

Run Build Command(s):/usr/bin/make cmTC_3ebbd/fast && /usr/bin/make -f CMakeFiles/cmTC_3ebbd.dir/build.make CMakeFiles/cmTC_3ebbd.dir/build
make[1]: Entering directory '/home/pi/do_an_ws/build/image_transport/CMakeFiles/CMakeTmp'
Building C object CMakeFiles/cmTC_3ebbd.dir/CheckFunctionExists.c.o
/usr/bin/cc   -DCHECK_FUNCTION_EXISTS=pthread_create   -o CMakeFiles/cmTC_3ebbd.dir/CheckFunctionExists.c.o   -c /usr/share/cmake-3.16/Modules/CheckFunctionExists.c
Linking C executable cmTC_3ebbd
/usr/bin/cmake -E cmake_link_script CMakeFiles/cmTC_3ebbd.dir/link.txt --verbose=1
/usr/bin/cc  -DCHECK_FUNCTION_EXISTS=pthread_create    -rdynamic CMakeFiles/cmTC_3ebbd.dir/CheckFunctionExists.c.o  -o cmTC_3ebbd  -lpthreads 
/usr/bin/ld: cannot find -lpthreads
collect2: error: ld returned 1 exit status
make[1]: *** [CMakeFiles/cmTC_3ebbd.dir/build.make:87: cmTC_3ebbd] Error 1
make[1]: Leaving directory '/home/pi/do_an_ws/build/image_transport/CMakeFiles/CMakeTmp'
make: *** [Makefile:121: cmTC_3ebbd/fast] Error 2



