[35m[1mScanning dependencies of target std_msgs_generate_messages_eus[0m
[  0%] Built target std_msgs_generate_messages_eus
[35m[1mScanning dependencies of target _rviz_generate_messages_check_deps_SendFilePath[0m
[  0%] Built target _rviz_generate_messages_check_deps_SendFilePath
[35m[1mScanning dependencies of target std_msgs_generate_messages_py[0m
[  0%] Built target std_msgs_generate_messages_py
[35m[1mScanning dependencies of target std_msgs_generate_messages_nodejs[0m
[  0%] Built target std_msgs_generate_messages_nodejs
[35m[1mScanning dependencies of target std_msgs_generate_messages_lisp[0m
[  0%] Built target std_msgs_generate_messages_lisp
[35m[1mScanning dependencies of target std_msgs_generate_messages_cpp[0m
[  0%] Built target std_msgs_generate_messages_cpp
[35m[1mScanning dependencies of target actionlib_generate_messages_lisp[0m
[  0%] Built target actionlib_generate_messages_lisp
[35m[1mScanning dependencies of target geometry_msgs_generate_messages_lisp[0m
[  0%] Built target geometry_msgs_generate_messages_lisp
[35m[1mScanning dependencies of target actionlib_msgs_generate_messages_py[0m
[  0%] Built target actionlib_msgs_generate_messages_py
[35m[1mScanning dependencies of target actionlib_generate_messages_cpp[0m
[  0%] Built target actionlib_generate_messages_cpp
[35m[1mScanning dependencies of target std_srvs_generate_messages_lisp[0m
[  0%] Built target std_srvs_generate_messages_lisp
[35m[1mScanning dependencies of target sensor_msgs_generate_messages_py[0m
[  0%] Built target sensor_msgs_generate_messages_py
[35m[1mScanning dependencies of target tf2_msgs_generate_messages_py[0m
[  0%] Built target tf2_msgs_generate_messages_py
[35m[1mScanning dependencies of target actionlib_generate_messages_nodejs[0m
[  0%] Built target actionlib_generate_messages_nodejs
[35m[1mScanning dependencies of target sensor_msgs_generate_messages_nodejs[0m
[  0%] Built target sensor_msgs_generate_messages_nodejs
[35m[1mScanning dependencies of target rosgraph_msgs_generate_messages_cpp[0m
[  0%] Built target rosgraph_msgs_generate_messages_cpp
[35m[1mScanning dependencies of target rosgraph_msgs_generate_messages_lisp[0m
[  0%] Built target rosgraph_msgs_generate_messages_lisp
[35m[1mScanning dependencies of target sensor_msgs_generate_messages_lisp[0m
[  0%] Built target sensor_msgs_generate_messages_lisp
[35m[1mScanning dependencies of target actionlib_msgs_generate_messages_cpp[0m
[  0%] Built target actionlib_msgs_generate_messages_cpp
[35m[1mScanning dependencies of target nav_msgs_generate_messages_lisp[0m
[  0%] Built target nav_msgs_generate_messages_lisp
[35m[1mScanning dependencies of target rosgraph_msgs_generate_messages_py[0m
[  0%] Built target rosgraph_msgs_generate_messages_py
[35m[1mScanning dependencies of target nav_msgs_generate_messages_nodejs[0m
[  0%] Built target nav_msgs_generate_messages_nodejs
[35m[1mScanning dependencies of target geometry_msgs_generate_messages_eus[0m
[  0%] Built target geometry_msgs_generate_messages_eus
[35m[1mScanning dependencies of target tf_generate_messages_lisp[0m
[  0%] Built target tf_generate_messages_lisp
[35m[1mScanning dependencies of target geometry_msgs_generate_messages_cpp[0m
[  0%] Built target geometry_msgs_generate_messages_cpp
[35m[1mScanning dependencies of target roscpp_generate_messages_eus[0m
[  0%] Built target roscpp_generate_messages_eus
[35m[1mScanning dependencies of target tf2_msgs_generate_messages_nodejs[0m
[  0%] Built target tf2_msgs_generate_messages_nodejs
[35m[1mScanning dependencies of target roscpp_generate_messages_nodejs[0m
[  0%] Built target roscpp_generate_messages_nodejs
[35m[1mScanning dependencies of target roscpp_generate_messages_lisp[0m
[  0%] Built target roscpp_generate_messages_lisp
[35m[1mScanning dependencies of target tf2_msgs_generate_messages_eus[0m
[  0%] Built target tf2_msgs_generate_messages_eus
[35m[1mScanning dependencies of target roscpp_generate_messages_cpp[0m
[  0%] Built target roscpp_generate_messages_cpp
[35m[1mScanning dependencies of target actionlib_generate_messages_py[0m
[  0%] Built target actionlib_generate_messages_py
[35m[1mScanning dependencies of target rosgraph_msgs_generate_messages_eus[0m
[  0%] Built target rosgraph_msgs_generate_messages_eus
[35m[1mScanning dependencies of target tf_generate_messages_nodejs[0m
[  0%] Built target tf_generate_messages_nodejs
[35m[1mScanning dependencies of target rosgraph_msgs_generate_messages_nodejs[0m
[  0%] Built target rosgraph_msgs_generate_messages_nodejs
[35m[1mScanning dependencies of target geometry_msgs_generate_messages_py[0m
[  0%] Built target geometry_msgs_generate_messages_py
[35m[1mScanning dependencies of target actionlib_msgs_generate_messages_eus[0m
[  0%] Built target actionlib_msgs_generate_messages_eus
[35m[1mScanning dependencies of target actionlib_msgs_generate_messages_lisp[0m
[  0%] Built target actionlib_msgs_generate_messages_lisp
[35m[1mScanning dependencies of target actionlib_msgs_generate_messages_nodejs[0m
[  0%] Built target actionlib_msgs_generate_messages_nodejs
[35m[1mScanning dependencies of target tf2_msgs_generate_messages_cpp[0m
[  0%] Built target tf2_msgs_generate_messages_cpp
[35m[1mScanning dependencies of target tf2_msgs_generate_messages_lisp[0m
[  0%] Built target tf2_msgs_generate_messages_lisp
[35m[1mScanning dependencies of target visualization_msgs_generate_messages_lisp[0m
[  0%] Built target visualization_msgs_generate_messages_lisp
[35m[1mScanning dependencies of target visualization_msgs_generate_messages_nodejs[0m
[  0%] Built target visualization_msgs_generate_messages_nodejs
[35m[1mScanning dependencies of target visualization_msgs_generate_messages_py[0m
[  0%] Built target visualization_msgs_generate_messages_py
[35m[1mScanning dependencies of target tf_generate_messages_cpp[0m
[  0%] Built target tf_generate_messages_cpp
[35m[1mScanning dependencies of target tf_generate_messages_eus[0m
[  0%] Built target tf_generate_messages_eus
[35m[1mScanning dependencies of target visualization_msgs_generate_messages_cpp[0m
[  0%] Built target visualization_msgs_generate_messages_cpp
[35m[1mScanning dependencies of target nav_msgs_generate_messages_cpp[0m
[  0%] Built target nav_msgs_generate_messages_cpp
[35m[1mScanning dependencies of target nav_msgs_generate_messages_py[0m
[  0%] Built target nav_msgs_generate_messages_py
[35m[1mScanning dependencies of target visualization_msgs_generate_messages_eus[0m
[  0%] Built target visualization_msgs_generate_messages_eus
[35m[1mScanning dependencies of target tf_generate_messages_py[0m
[  0%] Built target tf_generate_messages_py
[35m[1mScanning dependencies of target geometry_msgs_generate_messages_nodejs[0m
[  0%] Built target geometry_msgs_generate_messages_nodejs
[35m[1mScanning dependencies of target map_msgs_generate_messages_cpp[0m
[  0%] Built target map_msgs_generate_messages_cpp
[35m[1mScanning dependencies of target map_msgs_generate_messages_eus[0m
[  0%] Built target map_msgs_generate_messages_eus
[35m[1mScanning dependencies of target std_srvs_generate_messages_nodejs[0m
[  0%] Built target std_srvs_generate_messages_nodejs
[35m[1mScanning dependencies of target map_msgs_generate_messages_nodejs[0m
[  0%] Built target map_msgs_generate_messages_nodejs
[35m[1mScanning dependencies of target sensor_msgs_generate_messages_eus[0m
[  0%] Built target sensor_msgs_generate_messages_eus
[35m[1mScanning dependencies of target map_msgs_generate_messages_lisp[0m
[  0%] Built target map_msgs_generate_messages_lisp
[35m[1mScanning dependencies of target nav_msgs_generate_messages_eus[0m
[  0%] Built target nav_msgs_generate_messages_eus
[35m[1mScanning dependencies of target std_srvs_generate_messages_cpp[0m
[  0%] Built target std_srvs_generate_messages_cpp
[35m[1mScanning dependencies of target std_srvs_generate_messages_eus[0m
[  0%] Built target std_srvs_generate_messages_eus
[35m[1mScanning dependencies of target std_srvs_generate_messages_py[0m
[  0%] Built target std_srvs_generate_messages_py
[35m[1mScanning dependencies of target actionlib_generate_messages_eus[0m
[  0%] Built target actionlib_generate_messages_eus
[35m[1mScanning dependencies of target roscpp_generate_messages_py[0m
[  0%] Built target roscpp_generate_messages_py
[35m[1mScanning dependencies of target sensor_msgs_generate_messages_cpp[0m
[  0%] Built target sensor_msgs_generate_messages_cpp
[35m[1mScanning dependencies of target map_msgs_generate_messages_py[0m
[  0%] Built target map_msgs_generate_messages_py
[35m[1mScanning dependencies of target interactive_marker_test_autogen[0m
[  0%] [34m[1mAutomatic MOC for target interactive_marker_test[0m
[  0%] Built target interactive_marker_test_autogen
[35m[1mScanning dependencies of target connect_test_autogen[0m
[  1%] [34m[1mAutomatic MOC for target connect_test[0m
[  1%] Built target connect_test_autogen
[35m[1mScanning dependencies of target rviz_generate_messages_eus[0m
[  1%] [34m[1mGenerating EusLisp code from rviz/SendFilePath.srv[0m
[  2%] [34m[1mGenerating EusLisp manifest code for rviz[0m
[  2%] Built target rviz_generate_messages_eus
[35m[1mScanning dependencies of target rviz_generate_messages_py[0m
[  3%] [34m[1mGenerating Python code from SRV rviz/SendFilePath[0m
[  3%] [34m[1mGenerating Python srv __init__.py for rviz[0m
[  3%] Built target rviz_generate_messages_py
[35m[1mScanning dependencies of target rviz_generate_messages_nodejs[0m
[  3%] [34m[1mGenerating Javascript code from rviz/SendFilePath.srv[0m
[  3%] Built target rviz_generate_messages_nodejs
[35m[1mScanning dependencies of target rviz_generate_messages_lisp[0m
[  3%] [34m[1mGenerating Lisp code from rviz/SendFilePath.srv[0m
[  3%] Built target rviz_generate_messages_lisp
[35m[1mScanning dependencies of target rviz_generate_messages_cpp[0m
[  3%] [34m[1mGenerating C++ code from rviz/SendFilePath.srv[0m
[  3%] Built target rviz_generate_messages_cpp
[35m[1mScanning dependencies of target interactive_marker_test[0m
[  3%] [32mBuilding CXX object src/test/CMakeFiles/interactive_marker_test.dir/interactive_marker_test_autogen/mocs_compilation.cpp.o[0m
[  5%] [32mBuilding CXX object src/test/CMakeFiles/interactive_marker_test.dir/interactive_marker_test.cpp.o[0m
In file included from [01m[K/usr/include/c++/8/vector:69[m[K,
                 from [01m[K/usr/include/boost/math/special_functions/math_fwd.hpp:26[m[K,
                 from [01m[K/usr/include/boost/math/special_functions/round.hpp:15[m[K,
                 from [01m[K/opt/ros/noetic/include/ros/time.h:58[m[K,
                 from [01m[K/opt/ros/noetic/include/ros/ros.h:38[m[K,
                 from [01m[K/home/pi/do_an_ws/src/rviz/src/test/interactive_marker_test.cpp:32[m[K:
[01m[K/usr/include/c++/8/bits/vector.tcc:[m[K In member function '[01m[Kvoid std::vector<_Tp, _Alloc>::_M_realloc_insert(std::vector<_Tp, _Alloc>::iterator, _Args&& ...) [with _Args = {const visualization_msgs::Marker_<std::allocator<void> >&}; _Tp = visualization_msgs::Marker_<std::allocator<void> >; _Alloc = std::allocator<visualization_msgs::Marker_<std::allocator<void> > >][m[K':
[01m[K/usr/include/c++/8/bits/vector.tcc:413:7:[m[K [01;36m[Knote: [m[Kparameter passing for argument of type '[01m[Kstd::vector<visualization_msgs::Marker_<std::allocator<void> >, std::allocator<visualization_msgs::Marker_<std::allocator<void> > > >::iterator[m[K' {aka '[01m[K__gnu_cxx::__normal_iterator<visualization_msgs::Marker_<std::allocator<void> >*, std::vector<visualization_msgs::Marker_<std::allocator<void> >, std::allocator<visualization_msgs::Marker_<std::allocator<void> > > > >[m[K'} changed in GCC 7.1
       [01;36m[Kvector<_Tp, _Alloc>[m[K::
       [01;36m[K^~~~~~~~~~~~~~~~~~~[m[K
[01m[K/usr/include/c++/8/bits/vector.tcc:[m[K In member function '[01m[Kvoid std::vector<_Tp, _Alloc>::_M_realloc_insert(std::vector<_Tp, _Alloc>::iterator, _Args&& ...) [with _Args = {const visualization_msgs::InteractiveMarkerControl_<std::allocator<void> >&}; _Tp = visualization_msgs::InteractiveMarkerControl_<std::allocator<void> >; _Alloc = std::allocator<visualization_msgs::InteractiveMarkerControl_<std::allocator<void> > >][m[K':
[01m[K/usr/include/c++/8/bits/vector.tcc:413:7:[m[K [01;36m[Knote: [m[Kparameter passing for argument of type '[01m[Kstd::vector<visualization_msgs::InteractiveMarkerControl_<std::allocator<void> >, std::allocator<visualization_msgs::InteractiveMarkerControl_<std::allocator<void> > > >::iterator[m[K' {aka '[01m[K__gnu_cxx::__normal_iterator<visualization_msgs::InteractiveMarkerControl_<std::allocator<void> >*, std::vector<visualization_msgs::InteractiveMarkerControl_<std::allocator<void> >, std::allocator<visualization_msgs::InteractiveMarkerControl_<std::allocator<void> > > > >[m[K'} changed in GCC 7.1
In file included from [01m[K/usr/include/c++/8/vector:64[m[K,
                 from [01m[K/usr/include/boost/math/special_functions/math_fwd.hpp:26[m[K,
                 from [01m[K/usr/include/boost/math/special_functions/round.hpp:15[m[K,
                 from [01m[K/opt/ros/noetic/include/ros/time.h:58[m[K,
                 from [01m[K/opt/ros/noetic/include/ros/ros.h:38[m[K,
                 from [01m[K/home/pi/do_an_ws/src/rviz/src/test/interactive_marker_test.cpp:32[m[K:
[01m[K/usr/include/c++/8/bits/stl_vector.h:[m[K In function '[01m[Kvisualization_msgs::InteractiveMarker makeCrazyMarker(bool)[m[K':
[01m[K/usr/include/c++/8/bits/stl_vector.h:1085:4:[m[K [01;36m[Knote: [m[Kparameter passing for argument of type '[01m[K__gnu_cxx::__normal_iterator<visualization_msgs::Marker_<std::allocator<void> >*, std::vector<visualization_msgs::Marker_<std::allocator<void> >, std::allocator<visualization_msgs::Marker_<std::allocator<void> > > > >[m[K' changed in GCC 7.1
    [01;36m[K_M_realloc_insert[m[K(end(), __x);
    [01;36m[K^~~~~~~~~~~~~~~~~[m[K
[01m[K/usr/include/c++/8/bits/stl_vector.h:1085:4:[m[K [01;36m[Knote: [m[Kparameter passing for argument of type '[01m[K__gnu_cxx::__normal_iterator<visualization_msgs::InteractiveMarkerControl_<std::allocator<void> >*, std::vector<visualization_msgs::InteractiveMarkerControl_<std::allocator<void> >, std::allocator<visualization_msgs::InteractiveMarkerControl_<std::allocator<void> > > > >[m[K' changed in GCC 7.1
    [01;36m[K_M_realloc_insert[m[K(end(), __x);
    [01;36m[K^~~~~~~~~~~~~~~~~[m[K
[01m[K/usr/include/c++/8/bits/stl_vector.h:[m[K In function '[01m[Kvisualization_msgs::InteractiveMarker makeMarker(float, float, float)[m[K':
[01m[K/usr/include/c++/8/bits/stl_vector.h:1085:4:[m[K [01;36m[Knote: [m[Kparameter passing for argument of type '[01m[K__gnu_cxx::__normal_iterator<visualization_msgs::Marker_<std::allocator<void> >*, std::vector<visualization_msgs::Marker_<std::allocator<void> >, std::allocator<visualization_msgs::Marker_<std::allocator<void> > > > >[m[K' changed in GCC 7.1
    [01;36m[K_M_realloc_insert[m[K(end(), __x);
    [01;36m[K^~~~~~~~~~~~~~~~~[m[K
[01m[K/usr/include/c++/8/bits/stl_vector.h:1085:4:[m[K [01;36m[Knote: [m[Kparameter passing for argument of type '[01m[K__gnu_cxx::__normal_iterator<visualization_msgs::InteractiveMarkerControl_<std::allocator<void> >*, std::vector<visualization_msgs::InteractiveMarkerControl_<std::allocator<void> >, std::allocator<visualization_msgs::InteractiveMarkerControl_<std::allocator<void> > > > >[m[K' changed in GCC 7.1
    [01;36m[K_M_realloc_insert[m[K(end(), __x);
    [01;36m[K^~~~~~~~~~~~~~~~~[m[K
[01m[K/usr/include/c++/8/bits/stl_vector.h:1085:4:[m[K [01;36m[Knote: [m[Kparameter passing for argument of type '[01m[K__gnu_cxx::__normal_iterator<visualization_msgs::InteractiveMarkerControl_<std::allocator<void> >*, std::vector<visualization_msgs::InteractiveMarkerControl_<std::allocator<void> >, std::allocator<visualization_msgs::InteractiveMarkerControl_<std::allocator<void> > > > >[m[K' changed in GCC 7.1
    [01;36m[K_M_realloc_insert[m[K(end(), __x);
    [01;36m[K^~~~~~~~~~~~~~~~~[m[K
[  5%] [32m[1mLinking CXX executable /home/pi/do_an_ws/devel/.private/rviz/lib/rviz/interactive_marker_test[0m
[  5%] Built target interactive_marker_test
[35m[1mScanning dependencies of target connect_test[0m
[  6%] [32mBuilding CXX object src/test/CMakeFiles/connect_test.dir/connect_test_autogen/mocs_compilation.cpp.o[0m
[  6%] [32mBuilding CXX object src/test/CMakeFiles/connect_test.dir/connect_test.cpp.o[0m
[  6%] [32m[1mLinking CXX executable /home/pi/do_an_ws/devel/.private/rviz/lib/rviz/connect_test[0m
[  6%] Built target connect_test
[35m[1mScanning dependencies of target rviz_generate_messages[0m
[  6%] Built target rviz_generate_messages
[35m[1mScanning dependencies of target rviz_autogen[0m
[  6%] [34m[1mAutomatic MOC for target rviz[0m
[  6%] Built target rviz_autogen
[35m[1mScanning dependencies of target rviz[0m
[  7%] [32mBuilding CXX object src/rviz/CMakeFiles/rviz.dir/rviz_autogen/mocs_compilation.cpp.o[0m
[  7%] [32mBuilding CXX object src/rviz/CMakeFiles/rviz.dir/bit_allocator.cpp.o[0m
[  9%] [32mBuilding CXX object src/rviz/CMakeFiles/rviz.dir/config.cpp.o[0m
[  9%] [32mBuilding CXX object src/rviz/CMakeFiles/rviz.dir/display.cpp.o[0m
[  9%] [32mBuilding CXX object src/rviz/CMakeFiles/rviz.dir/display_factory.cpp.o[0m
[ 10%] [32mBuilding CXX object src/rviz/CMakeFiles/rviz.dir/display_group.cpp.o[0m
[ 10%] [32mBuilding CXX object src/rviz/CMakeFiles/rviz.dir/displays_panel.cpp.o[0m
[ 10%] [32mBuilding CXX object src/rviz/CMakeFiles/rviz.dir/failed_display.cpp.o[0m
[ 11%] [32mBuilding CXX object src/rviz/CMakeFiles/rviz.dir/failed_panel.cpp.o[0m
[ 11%] [32mBuilding CXX object src/rviz/CMakeFiles/rviz.dir/failed_tool.cpp.o[0m
[ 11%] [32mBuilding CXX object src/rviz/CMakeFiles/rviz.dir/failed_view_controller.cpp.o[0m
[ 12%] [32mBuilding CXX object src/rviz/CMakeFiles/rviz.dir/frame_manager.cpp.o[0m
[ 12%] [32mBuilding CXX object src/rviz/CMakeFiles/rviz.dir/load_resource.cpp.o[0m
[ 12%] [32mBuilding CXX object src/rviz/CMakeFiles/rviz.dir/frame_position_tracking_view_controller.cpp.o[0m
[ 14%] [32mBuilding CXX object src/rviz/CMakeFiles/rviz.dir/geometry.cpp.o[0m
[ 14%] [32mBuilding CXX object src/rviz/CMakeFiles/rviz.dir/help_panel.cpp.o[0m
[ 14%] [32mBuilding CXX object src/rviz/CMakeFiles/rviz.dir/image/ros_image_texture.cpp.o[0m
[ 15%] [32mBuilding CXX object src/rviz/CMakeFiles/rviz.dir/image/image_display_base.cpp.o[0m
In file included from [01m[K/usr/include/c++/8/vector:69[m[K,
                 from [01m[K/opt/ros/noetic/include/pluginlib/class_loader.hpp:35[m[K,
                 from [01m[K/home/pi/do_an_ws/src/rviz/src/rviz/image/image_display_base.cpp:34[m[K:
[01m[K/usr/include/c++/8/bits/vector.tcc:[m[K In member function '[01m[Kvoid std::vector<_Tp, _Alloc>::_M_realloc_insert(std::vector<_Tp, _Alloc>::iterator, _Args&& ...) [with _Args = {const long long unsigned int&}; _Tp = long long unsigned int; _Alloc = std::allocator<long long unsigned int>][m[K':
[01m[K/usr/include/c++/8/bits/vector.tcc:413:7:[m[K [01;36m[Knote: [m[Kparameter passing for argument of type '[01m[Kstd::vector<long long unsigned int>::iterator[m[K' {aka '[01m[K__gnu_cxx::__normal_iterator<long long unsigned int*, std::vector<long long unsigned int> >[m[K'} changed in GCC 7.1
       [01;36m[Kvector<_Tp, _Alloc>[m[K::
       [01;36m[K^~~~~~~~~~~~~~~~~~~[m[K
In file included from [01m[K/usr/include/c++/8/vector:64[m[K,
                 from [01m[K/opt/ros/noetic/include/pluginlib/class_loader.hpp:35[m[K,
                 from [01m[K/home/pi/do_an_ws/src/rviz/src/rviz/image/image_display_base.cpp:34[m[K:
[01m[K/usr/include/c++/8/bits/stl_vector.h:[m[K In member function '[01m[Kvoid tf2_ros::MessageFilter<M>::add(const MEvent&) [with M = sensor_msgs::Image_<std::allocator<void> >][m[K':
[01m[K/usr/include/c++/8/bits/stl_vector.h:1085:4:[m[K [01;36m[Knote: [m[Kparameter passing for argument of type '[01m[K__gnu_cxx::__normal_iterator<long long unsigned int*, std::vector<long long unsigned int> >[m[K' changed in GCC 7.1
    [01;36m[K_M_realloc_insert[m[K(end(), __x);
    [01;36m[K^~~~~~~~~~~~~~~~~[m[K
[01m[K/usr/include/c++/8/bits/stl_vector.h:1085:4:[m[K [01;36m[Knote: [m[Kparameter passing for argument of type '[01m[K__gnu_cxx::__normal_iterator<long long unsigned int*, std::vector<long long unsigned int> >[m[K' changed in GCC 7.1
    [01;36m[K_M_realloc_insert[m[K(end(), __x);
    [01;36m[K^~~~~~~~~~~~~~~~~[m[K
[ 15%] [32mBuilding CXX object src/rviz/CMakeFiles/rviz.dir/loading_dialog.cpp.o[0m
[ 15%] [32mBuilding CXX object src/rviz/CMakeFiles/rviz.dir/mesh_loader.cpp.o[0m
[ 16%] [32mBuilding CXX object src/rviz/CMakeFiles/rviz.dir/new_object_dialog.cpp.o[0m
[ 16%] [32mBuilding CXX object src/rviz/CMakeFiles/rviz.dir/add_display_dialog.cpp.o[0m
[ 16%] [32mBuilding CXX object src/rviz/CMakeFiles/rviz.dir/ogre_helpers/apply_visibility_bits.cpp.o[0m
[ 18%] [32mBuilding CXX object src/rviz/CMakeFiles/rviz.dir/ogre_helpers/arrow.cpp.o[0m
[ 18%] [32mBuilding CXX object src/rviz/CMakeFiles/rviz.dir/ogre_helpers/axes.cpp.o[0m
[ 18%] [32mBuilding CXX object src/rviz/CMakeFiles/rviz.dir/ogre_helpers/billboard_line.cpp.o[0m
[ 19%] [32mBuilding CXX object src/rviz/CMakeFiles/rviz.dir/ogre_helpers/camera_base.cpp.o[0m
[ 19%] [32mBuilding CXX object src/rviz/CMakeFiles/rviz.dir/ogre_helpers/grid.cpp.o[0m
[ 19%] [32mBuilding CXX object src/rviz/CMakeFiles/rviz.dir/ogre_helpers/initialization.cpp.o[0m
[ 20%] [32mBuilding CXX object src/rviz/CMakeFiles/rviz.dir/ogre_helpers/line.cpp.o[0m
[ 20%] [32mBuilding CXX object src/rviz/CMakeFiles/rviz.dir/ogre_helpers/movable_text.cpp.o[0m
[ 20%] [32mBuilding CXX object src/rviz/CMakeFiles/rviz.dir/ogre_helpers/object.cpp.o[0m
[ 22%] [32mBuilding CXX object src/rviz/CMakeFiles/rviz.dir/ogre_helpers/ogre_logging.cpp.o[0m
[ 22%] [32mBuilding CXX object src/rviz/CMakeFiles/rviz.dir/ogre_helpers/ogre_render_queue_clearer.cpp.o[0m
[ 22%] [32mBuilding CXX object src/rviz/CMakeFiles/rviz.dir/ogre_helpers/orthographic.cpp.o[0m
[ 23%] [32mBuilding CXX object src/rviz/CMakeFiles/rviz.dir/ogre_helpers/point_cloud.cpp.o[0m
[ 23%] [32mBuilding CXX object src/rviz/CMakeFiles/rviz.dir/ogre_helpers/qt_ogre_render_window.cpp.o[0m
[ 23%] [32mBuilding CXX object src/rviz/CMakeFiles/rviz.dir/ogre_helpers/render_system.cpp.o[0m
[ 24%] [32mBuilding CXX object src/rviz/CMakeFiles/rviz.dir/ogre_helpers/render_widget.cpp.o[0m
[ 24%] [32mBuilding CXX object src/rviz/CMakeFiles/rviz.dir/ogre_helpers/shape.cpp.o[0m
[ 24%] [32mBuilding CXX object src/rviz/CMakeFiles/rviz.dir/ogre_helpers/mesh_shape.cpp.o[0m
[ 25%] [32mBuilding CXX object src/rviz/CMakeFiles/rviz.dir/panel.cpp.o[0m
[ 25%] [32mBuilding CXX object src/rviz/CMakeFiles/rviz.dir/panel_dock_widget.cpp.o[0m
[ 27%] [32mBuilding CXX object src/rviz/CMakeFiles/rviz.dir/panel_factory.cpp.o[0m
[ 27%] [32mBuilding CXX object src/rviz/CMakeFiles/rviz.dir/preferences_dialog.cpp.o[0m
[ 27%] [32mBuilding CXX object src/rviz/CMakeFiles/rviz.dir/properties/bool_property.cpp.o[0m
[ 28%] [32mBuilding CXX object src/rviz/CMakeFiles/rviz.dir/properties/color_editor.cpp.o[0m
[ 28%] [32mBuilding CXX object src/rviz/CMakeFiles/rviz.dir/properties/color_property.cpp.o[0m
[ 28%] [32mBuilding CXX object src/rviz/CMakeFiles/rviz.dir/properties/combo_box.cpp.o[0m
[ 29%] [32mBuilding CXX object src/rviz/CMakeFiles/rviz.dir/properties/display_visibility_property.cpp.o[0m
[ 29%] [32mBuilding CXX object src/rviz/CMakeFiles/rviz.dir/properties/display_group_visibility_property.cpp.o[0m
[ 29%] [32mBuilding CXX object src/rviz/CMakeFiles/rviz.dir/properties/editable_combo_box.cpp.o[0m
[ 31%] [32mBuilding CXX object src/rviz/CMakeFiles/rviz.dir/properties/editable_enum_property.cpp.o[0m
[ 31%] [32mBuilding CXX object src/rviz/CMakeFiles/rviz.dir/properties/enum_property.cpp.o[0m
[ 31%] [32mBuilding CXX object src/rviz/CMakeFiles/rviz.dir/properties/float_edit.cpp.o[0m
[ 32%] [32mBuilding CXX object src/rviz/CMakeFiles/rviz.dir/properties/float_property.cpp.o[0m
[ 32%] [32mBuilding CXX object src/rviz/CMakeFiles/rviz.dir/properties/int_property.cpp.o[0m
[ 32%] [32mBuilding CXX object src/rviz/CMakeFiles/rviz.dir/properties/line_edit_with_button.cpp.o[0m
[ 33%] [32mBuilding CXX object src/rviz/CMakeFiles/rviz.dir/properties/parse_color.cpp.o[0m
[ 33%] [32mBuilding CXX object src/rviz/CMakeFiles/rviz.dir/properties/property.cpp.o[0m
[ 33%] [32mBuilding CXX object src/rviz/CMakeFiles/rviz.dir/properties/property_tree_delegate.cpp.o[0m
[ 35%] [32mBuilding CXX object src/rviz/CMakeFiles/rviz.dir/properties/property_tree_model.cpp.o[0m
[ 35%] [32mBuilding CXX object src/rviz/CMakeFiles/rviz.dir/properties/property_tree_widget.cpp.o[0m
[ 35%] [32mBuilding CXX object src/rviz/CMakeFiles/rviz.dir/properties/property_tree_with_help.cpp.o[0m
[ 36%] [32mBuilding CXX object src/rviz/CMakeFiles/rviz.dir/properties/quaternion_property.cpp.o[0m
[ 36%] [32mBuilding CXX object src/rviz/CMakeFiles/rviz.dir/properties/ros_topic_property.cpp.o[0m
[ 36%] [32mBuilding CXX object src/rviz/CMakeFiles/rviz.dir/properties/splitter_handle.cpp.o[0m
[ 37%] [32mBuilding CXX object src/rviz/CMakeFiles/rviz.dir/properties/status_list.cpp.o[0m
[ 37%] [32mBuilding CXX object src/rviz/CMakeFiles/rviz.dir/properties/status_property.cpp.o[0m
[ 37%] [32mBuilding CXX object src/rviz/CMakeFiles/rviz.dir/properties/string_property.cpp.o[0m
[ 38%] [32mBuilding CXX object src/rviz/CMakeFiles/rviz.dir/properties/tf_frame_property.cpp.o[0m
[ 38%] [32mBuilding CXX object src/rviz/CMakeFiles/rviz.dir/properties/vector_property.cpp.o[0m
[ 38%] [32mBuilding CXX object src/rviz/CMakeFiles/rviz.dir/render_panel.cpp.o[0m
[ 40%] [32mBuilding CXX object src/rviz/CMakeFiles/rviz.dir/robot/robot_link.cpp.o[0m
[ 40%] [32mBuilding CXX object src/rviz/CMakeFiles/rviz.dir/robot/robot_joint.cpp.o[0m
[ 40%] [32mBuilding CXX object src/rviz/CMakeFiles/rviz.dir/robot/robot.cpp.o[0m
[ 41%] [32mBuilding CXX object src/rviz/CMakeFiles/rviz.dir/robot/tf_link_updater.cpp.o[0m
[ 41%] [32mBuilding CXX object src/rviz/CMakeFiles/rviz.dir/scaled_image_widget.cpp.o[0m
[ 41%] [32mBuilding CXX object src/rviz/CMakeFiles/rviz.dir/screenshot_dialog.cpp.o[0m
[ 42%] [32mBuilding CXX object src/rviz/CMakeFiles/rviz.dir/selection_panel.cpp.o[0m
[ 42%] [32mBuilding CXX object src/rviz/CMakeFiles/rviz.dir/selection/selection_handler.cpp.o[0m
[ 42%] [32mBuilding CXX object src/rviz/CMakeFiles/rviz.dir/selection/selection_manager.cpp.o[0m
[ 44%] [32mBuilding CXX object src/rviz/CMakeFiles/rviz.dir/splash_screen.cpp.o[0m
[ 44%] [32mBuilding CXX object src/rviz/CMakeFiles/rviz.dir/time_panel.cpp.o[0m
[ 44%] [32mBuilding CXX object src/rviz/CMakeFiles/rviz.dir/tool.cpp.o[0m
[ 45%] [32mBuilding CXX object src/rviz/CMakeFiles/rviz.dir/tool_manager.cpp.o[0m
[ 45%] [32mBuilding CXX object src/rviz/CMakeFiles/rviz.dir/uniform_string_stream.cpp.o[0m
[ 46%] [32mBuilding CXX object src/rviz/CMakeFiles/rviz.dir/view_controller.cpp.o[0m
[ 46%] [32mBuilding CXX object src/rviz/CMakeFiles/rviz.dir/view_manager.cpp.o[0m
[ 46%] [32mBuilding CXX object src/rviz/CMakeFiles/rviz.dir/views_panel.cpp.o[0m
[ 48%] [32mBuilding CXX object src/rviz/CMakeFiles/rviz.dir/visualization_frame.cpp.o[0m
[ 48%] [32mBuilding CXX object src/rviz/CMakeFiles/rviz.dir/visualization_manager.cpp.o[0m
[ 48%] [32mBuilding CXX object src/rviz/CMakeFiles/rviz.dir/visualizer_app.cpp.o[0m
[ 49%] [32mBuilding CXX object src/rviz/CMakeFiles/rviz.dir/wait_for_master_dialog.cpp.o[0m
[ 49%] [32mBuilding CXX object src/rviz/CMakeFiles/rviz.dir/widget_geometry_change_detector.cpp.o[0m
[ 49%] [32mBuilding CXX object src/rviz/CMakeFiles/rviz.dir/tool_properties_panel.cpp.o[0m
[ 50%] [32mBuilding CXX object src/rviz/CMakeFiles/rviz.dir/yaml_config_reader.cpp.o[0m
[ 50%] [32mBuilding CXX object src/rviz/CMakeFiles/rviz.dir/yaml_config_writer.cpp.o[0m
[ 50%] [32mBuilding CXX object src/rviz/CMakeFiles/rviz.dir/env_config.cpp.o[0m
[ 51%] [32m[1mLinking CXX shared library /home/pi/do_an_ws/devel/.private/rviz/lib/librviz.so[0m
[ 51%] Built target rviz
[35m[1mScanning dependencies of target executable_autogen[0m
[ 51%] [34m[1mAutomatic MOC for target executable[0m
[ 51%] Built target executable_autogen
[35m[1mScanning dependencies of target rviz_default_plugin_autogen[0m
[ 53%] [34m[1mAutomatic MOC for target rviz_default_plugin[0m
[ 53%] Built target rviz_default_plugin_autogen
[35m[1mScanning dependencies of target rviz_image_view_autogen[0m
[ 54%] [34m[1mAutomatic MOC for target rviz_image_view[0m
[ 54%] Built target rviz_image_view_autogen
[35m[1mScanning dependencies of target render_panel_test_autogen[0m
[ 55%] [34m[1mAutomatic MOC for target render_panel_test[0m
[ 55%] Built target render_panel_test_autogen
[35m[1mScanning dependencies of target new_display_dialog_test_autogen[0m
[ 57%] [34m[1mAutomatic MOC for target new_display_dialog_test[0m
[ 57%] Built target new_display_dialog_test_autogen
[35m[1mScanning dependencies of target render_points_test_autogen[0m
[ 57%] [34m[1mAutomatic MOC for target render_points_test[0m
[ 57%] Built target render_points_test_autogen
[35m[1mScanning dependencies of target color_editor_test_autogen[0m
[ 57%] [34m[1mAutomatic MOC for target color_editor_test[0m
[ 57%] Built target color_editor_test_autogen
[35m[1mScanning dependencies of target line_edit_with_button_test_autogen[0m
[ 58%] [34m[1mAutomatic MOC for target line_edit_with_button_test[0m
[ 58%] Built target line_edit_with_button_test_autogen
[35m[1mScanning dependencies of target two_render_widgets_autogen[0m
[ 59%] [34m[1mAutomatic MOC for target two_render_widgets[0m
[ 59%] Built target two_render_widgets_autogen
[35m[1mScanning dependencies of target executable[0m
[ 59%] [32mBuilding CXX object src/rviz/CMakeFiles/executable.dir/executable_autogen/mocs_compilation.cpp.o[0m
[ 59%] [32mBuilding CXX object src/rviz/CMakeFiles/executable.dir/main.cpp.o[0m
[ 61%] [32m[1mLinking CXX executable /home/pi/do_an_ws/devel/.private/rviz/lib/rviz/rviz[0m
/usr/bin/ld: warning: libboost_system.so.1.62.0, needed by /usr/lib/gcc/arm-linux-gnueabihf/8/../../../arm-linux-gnueabihf/libOgreOverlay.so, may conflict with libboost_system.so.1.67.0
/usr/bin/ld: warning: libboost_system.so.1.62.0, needed by /usr/lib/gcc/arm-linux-gnueabihf/8/../../../arm-linux-gnueabihf/libOgreOverlay.so, may conflict with libboost_system.so.1.67.0
/usr/bin/ld: warning: libboost_thread.so.1.62.0, needed by /usr/lib/gcc/arm-linux-gnueabihf/8/../../../arm-linux-gnueabihf/libOgreMain.so, may conflict with libboost_thread.so.1.67.0
/usr/bin/ld: warning: libboost_thread.so.1.62.0, needed by /usr/lib/gcc/arm-linux-gnueabihf/8/../../../arm-linux-gnueabihf/libOgreMain.so, may conflict with libboost_thread.so.1.67.0
[ 61%] Built target executable
[35m[1mScanning dependencies of target rviz_default_plugin[0m
[ 61%] [32mBuilding CXX object src/rviz/default_plugin/CMakeFiles/rviz_default_plugin.dir/rviz_default_plugin_autogen/mocs_compilation.cpp.o[0m
In file included from [01m[K/usr/include/c++/8/algorithm:62[m[K,
                 from [01m[K/usr/include/boost/math/tools/config.hpp:18[m[K,
                 from [01m[K/usr/include/boost/math/special_functions/round.hpp:13[m[K,
                 from [01m[K/opt/ros/noetic/include/ros/time.h:58[m[K,
                 from [01m[K/opt/ros/noetic/include/ros/ros.h:38[m[K,
                 from [01m[K/home/pi/do_an_ws/src/rviz/src/rviz/display.h:35[m[K,
                 from [01m[K/home/pi/do_an_ws/src/rviz/src/rviz/default_plugin/axes_display.h:33[m[K,
                 from [01m[K/home/pi/do_an_ws/build/rviz/src/rviz/default_plugin/rviz_default_plugin_autogen/EWIEGA46WW/moc_axes_display.cpp:9[m[K,
                 from [01m[K/home/pi/do_an_ws/build/rviz/src/rviz/default_plugin/rviz_default_plugin_autogen/mocs_compilation.cpp:2[m[K:
[01m[K/usr/include/c++/8/bits/stl_algo.h:[m[K In function '[01m[K_RandomAccessIterator std::__find_if(_RandomAccessIterator, _RandomAccessIterator, _Predicate, std::random_access_iterator_tag) [with _RandomAccessIterator = __gnu_cxx::__normal_iterator<long long unsigned int*, std::vector<long long unsigned int> >; _Predicate = __gnu_cxx::__ops::_Iter_equals_val<const long long unsigned int>][m[K':
[01m[K/usr/include/c++/8/bits/stl_algo.h:112:5:[m[K [01;36m[Knote: [m[Kparameter passing for argument of type '[01m[K__gnu_cxx::__normal_iterator<long long unsigned int*, std::vector<long long unsigned int> >[m[K' changed in GCC 7.1
     [01;36m[K__find_if[m[K(_RandomAccessIterator __first, _RandomAccessIterator __last,
     [01;36m[K^~~~~~~~~[m[K
[01m[K/usr/include/c++/8/bits/stl_algo.h:112:5:[m[K [01;36m[Knote: [m[Kparameter passing for argument of type '[01m[K__gnu_cxx::__normal_iterator<long long unsigned int*, std::vector<long long unsigned int> >[m[K' changed in GCC 7.1
[01m[K/usr/include/c++/8/bits/stl_algo.h:112:5:[m[K [01;36m[Knote: [m[Kparameter passing for argument of type '[01m[K__gnu_cxx::__normal_iterator<long long unsigned int*, std::vector<long long unsigned int> >[m[K' changed in GCC 7.1
