Not searching for unused variables given on the command line.
[36m--[0m The C compiler identification is GNU 8.3.0
[36m--[0m The CXX compiler identification is GNU 8.3.0
[36m--[0m Check for working C compiler: /usr/bin/cc
[36m--[0m Check for working C compiler: /usr/bin/cc -- works
[36m--[0m Detecting C compiler ABI info
[36m--[0m Detecting C compiler ABI info - done
[36m--[0m Detecting C compile features
[36m--[0m Detecting C compile features - done
[36m--[0m Check for working CXX compiler: /usr/bin/c++
[36m--[0m Check for working CXX compiler: /usr/bin/c++ -- works
[36m--[0m Detecting CXX compiler ABI info
[36m--[0m Detecting CXX compiler ABI info - done
[36m--[0m Detecting CXX compile features
[36m--[0m Detecting CXX compile features - done
[36m--[0m Looking for pthread.h
[36m--[0m Looking for pthread.h - found
[36m--[0m Performing Test CMAKE_HAVE_LIBC_PTHREAD
[36m--[0m Performing Test CMAKE_HAVE_LIBC_PTHREAD - Failed
[36m--[0m Looking for pthread_create in pthreads
[36m--[0m Looking for pthread_create in pthreads - not found
[36m--[0m Looking for pthread_create in pthread
[36m--[0m Looking for pthread_create in pthread - found
[36m--[0m Found Threads: TRUE
[36m--[0m Found Boost: /usr/include (found version "1.67.0") found components: filesystem program_options system thread chrono date_time atomic
[36m--[0m Found PkgConfig: /usr/bin/pkg-config (found version "0.29")
[36m--[0m Checking for modules 'OGRE;OGRE-Overlay'
[36m--[0m   Found OGRE, version 1.9.0
[36m--[0m   Found OGRE-Overlay, version 1.9.0
[36m--[0m OGRE_INCLUDE_DIRS=/usr/include/OGRE/Overlay;/usr/include/OGRE
[36m--[0m OGRE_LIBRARIES=/usr/lib/arm-linux-gnueabihf/libOgreOverlay.so;/usr/lib/arm-linux-gnueabihf/libOgreMain.so;/usr/lib/arm-linux-gnueabihf/libpthread.so
[36m--[0m OGRE_PLUGIN_DIR=/usr/lib/arm-linux-gnueabihf/OGRE-1.9.0
[36m--[0m Found OpenGL: /usr/lib/arm-linux-gnueabihf/libGL.so
[36m--[0m Found Qt 5.11.3
[36m--[0m Using CATKIN_DEVEL_PREFIX: /home/pi/do_an_ws/devel/.private/rviz
[36m--[0m Using CMAKE_PREFIX_PATH: /home/pi/do_an_ws/devel;/home/pi/catkin_ws/devel;/home/pi/ros_catkin_ws/devel_isolated/roswtf;/opt/ros/noetic
[36m--[0m This workspace overlays: /home/pi/do_an_ws/devel;/home/pi/catkin_ws/devel;/home/pi/ros_catkin_ws/devel_isolated/roswtf;/opt/ros/noetic
[36m--[0m Found PythonInterp: /usr/bin/python3 (found suitable version "3.7.3", minimum required is "3")
[36m--[0m Using PYTHON_EXECUTABLE: /usr/bin/python3
[36m--[0m Using Debian Python package layout
[36m--[0m Using empy: /usr/bin/empy
[36m--[0m Using CATKIN_ENABLE_TESTING: ON
[36m--[0m Call enable_testing()
[36m--[0m Using CATKIN_TEST_RESULTS_DIR: /home/pi/do_an_ws/build/rviz/test_results
[36m--[0m Forcing gtest/gmock from source, though one was otherwise available.
[36m--[0m Found gtest sources under '/usr/src/googletest': gtests will be built
[36m--[0m Found gmock sources under '/usr/src/googletest': gmock will be built
[36m--[0m Found PythonInterp: /usr/bin/python3 (found version "3.7.3")
[36m--[0m Check if compiler accepts -pthread
[36m--[0m Check if compiler accepts -pthread - yes
[36m--[0m Using Python nosetests: /usr/bin/nosetests3
[36m--[0m catkin 0.8.10
[36m--[0m BUILD_SHARED_LIBS is on
[36m--[0m Using these message generators: gencpp;geneus;genlisp;gennodejs;genpy
[36m--[0m Found PythonLibs: /usr/lib/arm-linux-gnueabihf/libpython3.7m.so (found suitable version "3.7.3", minimum required is "3.7")
[36m--[0m Found TinyXML2: /usr/lib/arm-linux-gnueabihf/libtinyxml2.so
[36m--[0m rviz: 0 messages, 1 services
[36m--[0m Found X11: /usr/include
[36m--[0m Looking for XOpenDisplay in /usr/lib/arm-linux-gnueabihf/libX11.so;/usr/lib/arm-linux-gnueabihf/libXext.so
[36m--[0m Looking for XOpenDisplay in /usr/lib/arm-linux-gnueabihf/libX11.so;/usr/lib/arm-linux-gnueabihf/libXext.so - found
[36m--[0m Looking for gethostbyname
[36m--[0m Looking for gethostbyname - found
[36m--[0m Looking for connect
[36m--[0m Looking for connect - found
[36m--[0m Looking for remove
[36m--[0m Looking for remove - found
[36m--[0m Looking for shmat
[36m--[0m Looking for shmat - found
[36m--[0m Performing Test COMPILER_HAS_HIDDEN_VISIBILITY
[36m--[0m Performing Test COMPILER_HAS_HIDDEN_VISIBILITY - Success
[36m--[0m Performing Test COMPILER_HAS_HIDDEN_INLINE_VISIBILITY
[36m--[0m Performing Test COMPILER_HAS_HIDDEN_INLINE_VISIBILITY - Success
[36m--[0m Performing Test COMPILER_HAS_DEPRECATED_ATTR
[36m--[0m Performing Test COMPILER_HAS_DEPRECATED_ATTR - Success
[36m--[0m making version 1.14.20.
No display, will not configure tests for rviz/stl_loader
[36m--[0m Configuring done
[36m--[0m Generating done
[36m--[0m Build files have been written to: /home/pi/do_an_ws/build/rviz
