Performing C SOURCE FILE Test CMAKE_HAVE_LIBC_PTHREAD failed with the following output:
Change Dir: /home/pi/do_an_ws/build/navfn/CMakeFiles/CMakeTmp

Run Build Command(s):/usr/bin/make cmTC_dee4c/fast && /usr/bin/make -f CMakeFiles/cmTC_dee4c.dir/build.make CMakeFiles/cmTC_dee4c.dir/build
make[1]: Entering directory '/home/pi/do_an_ws/build/navfn/CMakeFiles/CMakeTmp'
Building C object CMakeFiles/cmTC_dee4c.dir/src.c.o
/usr/bin/cc   -DCMAKE_HAVE_LIBC_PTHREAD   -o CMakeFiles/cmTC_dee4c.dir/src.c.o   -c /home/pi/do_an_ws/build/navfn/CMakeFiles/CMakeTmp/src.c
Linking C executable cmTC_dee4c
/usr/bin/cmake -E cmake_link_script CMakeFiles/cmTC_dee4c.dir/link.txt --verbose=1
/usr/bin/cc  -DCMAKE_HAVE_LIBC_PTHREAD    -rdynamic CMakeFiles/cmTC_dee4c.dir/src.c.o  -o cmTC_dee4c 
/usr/bin/ld: CMakeFiles/cmTC_dee4c.dir/src.c.o: in function `main':
src.c:(.text+0x40): undefined reference to `pthread_create'
/usr/bin/ld: src.c:(.text+0x4c): undefined reference to `pthread_detach'
/usr/bin/ld: src.c:(.text+0x5c): undefined reference to `pthread_join'
collect2: error: ld returned 1 exit status
make[1]: *** [CMakeFiles/cmTC_dee4c.dir/build.make:87: cmTC_dee4c] Error 1
make[1]: Leaving directory '/home/pi/do_an_ws/build/navfn/CMakeFiles/CMakeTmp'
make: *** [Makefile:121: cmTC_dee4c/fast] Error 2


Source file was:
#include <pthread.h>

void* test_func(void* data)
{
  return data;
}

int main(void)
{
  pthread_t thread;
  pthread_create(&thread, NULL, test_func, NULL);
  pthread_detach(thread);
  pthread_join(thread, NULL);
  pthread_atfork(NULL, NULL, NULL);
  pthread_exit(NULL);

  return 0;
}

Determining if the function pthread_create exists in the pthreads failed with the following output:
Change Dir: /home/pi/do_an_ws/build/navfn/CMakeFiles/CMakeTmp

Run Build Command(s):/usr/bin/make cmTC_87bc9/fast && /usr/bin/make -f CMakeFiles/cmTC_87bc9.dir/build.make CMakeFiles/cmTC_87bc9.dir/build
make[1]: Entering directory '/home/pi/do_an_ws/build/navfn/CMakeFiles/CMakeTmp'
Building C object CMakeFiles/cmTC_87bc9.dir/CheckFunctionExists.c.o
/usr/bin/cc   -DCHECK_FUNCTION_EXISTS=pthread_create   -o CMakeFiles/cmTC_87bc9.dir/CheckFunctionExists.c.o   -c /usr/share/cmake-3.16/Modules/CheckFunctionExists.c
Linking C executable cmTC_87bc9
/usr/bin/cmake -E cmake_link_script CMakeFiles/cmTC_87bc9.dir/link.txt --verbose=1
/usr/bin/cc  -DCHECK_FUNCTION_EXISTS=pthread_create    -rdynamic CMakeFiles/cmTC_87bc9.dir/CheckFunctionExists.c.o  -o cmTC_87bc9  -lpthreads 
/usr/bin/ld: cannot find -lpthreads
collect2: error: ld returned 1 exit status
make[1]: *** [CMakeFiles/cmTC_87bc9.dir/build.make:87: cmTC_87bc9] Error 1
make[1]: Leaving directory '/home/pi/do_an_ws/build/navfn/CMakeFiles/CMakeTmp'
make: *** [Makefile:121: cmTC_87bc9/fast] Error 2



Determining if the include file FL/Fl.H exists failed with the following output:
Change Dir: /home/pi/do_an_ws/build/navfn/CMakeFiles/CMakeTmp

Run Build Command(s):/usr/bin/make cmTC_0d738/fast && /usr/bin/make -f CMakeFiles/cmTC_0d738.dir/build.make CMakeFiles/cmTC_0d738.dir/build
make[1]: Entering directory '/home/pi/do_an_ws/build/navfn/CMakeFiles/CMakeTmp'
Building CXX object CMakeFiles/cmTC_0d738.dir/CheckIncludeFile.cxx.o
/usr/bin/c++     -o CMakeFiles/cmTC_0d738.dir/CheckIncludeFile.cxx.o -c /home/pi/do_an_ws/build/navfn/CMakeFiles/CMakeTmp/CheckIncludeFile.cxx
/home/pi/do_an_ws/build/navfn/CMakeFiles/CMakeTmp/CheckIncludeFile.cxx:1:10: fatal error: FL/Fl.H: No such file or directory
 #include <FL/Fl.H>
          ^~~~~~~~~
compilation terminated.
make[1]: *** [CMakeFiles/cmTC_0d738.dir/build.make:66: CMakeFiles/cmTC_0d738.dir/CheckIncludeFile.cxx.o] Error 1
make[1]: Leaving directory '/home/pi/do_an_ws/build/navfn/CMakeFiles/CMakeTmp'
make: *** [Makefile:121: cmTC_0d738/fast] Error 2



