Not searching for unused variables given on the command line.
[36m--[0m Using CATKIN_DEVEL_PREFIX: /home/pi/do_an_ws/devel/.private/map_server
[36m--[0m Using CMAKE_PREFIX_PATH: /home/pi/do_an_ws/devel;/home/pi/catkin_ws/devel;/home/pi/ros_catkin_ws/devel_isolated/roswtf;/opt/ros/noetic
[36m--[0m This workspace overlays: /home/pi/do_an_ws/devel;/home/pi/catkin_ws/devel;/home/pi/ros_catkin_ws/devel_isolated/roswtf;/opt/ros/noetic
[36m--[0m Found PythonInterp: /usr/bin/python3 (found suitable version "3.7.3", minimum required is "3")
[36m--[0m Using PYTHON_EXECUTABLE: /usr/bin/python3
[36m--[0m Using Debian Python package layout
[36m--[0m Using empy: /usr/bin/empy
[36m--[0m Using CATKIN_ENABLE_TESTING: ON
[36m--[0m Call enable_testing()
[36m--[0m Using CATKIN_TEST_RESULTS_DIR: /home/pi/do_an_ws/build/map_server/test_results
[36m--[0m Forcing gtest/gmock from source, though one was otherwise available.
[36m--[0m Found gtest sources under '/usr/src/googletest': gtests will be built
[36m--[0m Found gmock sources under '/usr/src/googletest': gmock will be built
[36m--[0m Found PythonInterp: /usr/bin/python3 (found version "3.7.3")
[36m--[0m Using Python nosetests: /usr/bin/nosetests3
[36m--[0m catkin 0.8.10
[36m--[0m BUILD_SHARED_LIBS is on
[36m--[0m Using these message generators: gencpp;geneus;genlisp;gennodejs;genpy
[31m[1mCMake Error[0m at /usr/share/cmake-3.16/Modules/FindPackageHandleStandardArgs.cmake:146 (message):
  Could NOT find SDL_image (missing: SDL_IMAGE_LIBRARIES
  SDL_IMAGE_INCLUDE_DIRS)
[36mCall Stack (most recent call first):[0m
  /usr/share/cmake-3.16/Modules/FindPackageHandleStandardArgs.cmake:393 (_FPHSA_FAILURE_MESSAGE)
  /usr/share/cmake-3.16/Modules/FindSDL_image.cmake:92 (FIND_PACKAGE_HANDLE_STANDARD_ARGS)
  CMakeLists.txt:13 (find_package)


[36m--[0m Configuring incomplete, errors occurred!
See also "/home/pi/do_an_ws/build/map_server/CMakeFiles/CMakeOutput.log".
See also "/home/pi/do_an_ws/build/map_server/CMakeFiles/CMakeError.log".
