Not searching for unused variables given on the command line.
[36m--[0m Using CATKIN_DEVEL_PREFIX: /home/pi/do_an_ws/devel/.private/map_server
[36m--[0m Using CMAKE_PREFIX_PATH: /home/pi/do_an_ws/devel;/home/pi/catkin_ws/devel;/home/pi/ros_catkin_ws/devel_isolated/roswtf;/opt/ros/noetic
[36m--[0m This workspace overlays: /home/pi/do_an_ws/devel;/home/pi/catkin_ws/devel;/home/pi/ros_catkin_ws/devel_isolated/roswtf;/opt/ros/noetic
[36m--[0m Found PythonInterp: /usr/bin/python3 (found suitable version "3.7.3", minimum required is "3")
[36m--[0m Using PYTHON_EXECUTABLE: /usr/bin/python3
[36m--[0m Using Debian Python package layout
[36m--[0m Using empy: /usr/bin/empy
[36m--[0m Using CATKIN_ENABLE_TESTING: ON
[36m--[0m Call enable_testing()
[36m--[0m Using CATKIN_TEST_RESULTS_DIR: /home/pi/do_an_ws/build/map_server/test_results
[36m--[0m Forcing gtest/gmock from source, though one was otherwise available.
[36m--[0m Found gtest sources under '/usr/src/googletest': gtests will be built
[36m--[0m Found gmock sources under '/usr/src/googletest': gmock will be built
[36m--[0m Found PythonInterp: /usr/bin/python3 (found version "3.7.3")
[36m--[0m Using Python nosetests: /usr/bin/nosetests3
[36m--[0m catkin 0.8.10
[36m--[0m BUILD_SHARED_LIBS is on
[36m--[0m Using these message generators: gencpp;geneus;genlisp;gennodejs;genpy
[36m--[0m Found SDL_image: /usr/lib/arm-linux-gnueabihf/libSDL_image.so (found version "1.2.12")
[36m--[0m Found Boost: /usr/include (found version "1.67.0") found components: filesystem system
[36m--[0m Found PkgConfig: /usr/bin/pkg-config (found version "0.29")
[36m--[0m Configuring done
[36m--[0m Generating done
[36m--[0m Build files have been written to: /home/pi/do_an_ws/build/map_server
