Linked: (/home/pi/do_an_ws/devel/.private/move_base_msgs/lib/python3/dist-packages/move_base_msgs/__init__.py, /home/pi/do_an_ws/devel/lib/python3/dist-packages/move_base_msgs/__init__.py)
Linked: (/home/pi/do_an_ws/devel/.private/move_base_msgs/lib/python3/dist-packages/move_base_msgs/msg/_MoveBaseActionResult.py, /home/pi/do_an_ws/devel/lib/python3/dist-packages/move_base_msgs/msg/_MoveBaseActionResult.py)
Linked: (/home/pi/do_an_ws/devel/.private/move_base_msgs/lib/python3/dist-packages/move_base_msgs/msg/__init__.py, /home/pi/do_an_ws/devel/lib/python3/dist-packages/move_base_msgs/msg/__init__.py)
Linked: (/home/pi/do_an_ws/devel/.private/move_base_msgs/lib/python3/dist-packages/move_base_msgs/msg/_MoveBaseGoal.py, /home/pi/do_an_ws/devel/lib/python3/dist-packages/move_base_msgs/msg/_MoveBaseGoal.py)
Linked: (/home/pi/do_an_ws/devel/.private/move_base_msgs/lib/python3/dist-packages/move_base_msgs/msg/_MoveBaseActionGoal.py, /home/pi/do_an_ws/devel/lib/python3/dist-packages/move_base_msgs/msg/_MoveBaseActionGoal.py)
Linked: (/home/pi/do_an_ws/devel/.private/move_base_msgs/lib/python3/dist-packages/move_base_msgs/msg/_MoveBaseResult.py, /home/pi/do_an_ws/devel/lib/python3/dist-packages/move_base_msgs/msg/_MoveBaseResult.py)
Linked: (/home/pi/do_an_ws/devel/.private/move_base_msgs/lib/python3/dist-packages/move_base_msgs/msg/_MoveBaseActionFeedback.py, /home/pi/do_an_ws/devel/lib/python3/dist-packages/move_base_msgs/msg/_MoveBaseActionFeedback.py)
Linked: (/home/pi/do_an_ws/devel/.private/move_base_msgs/lib/python3/dist-packages/move_base_msgs/msg/_MoveBaseAction.py, /home/pi/do_an_ws/devel/lib/python3/dist-packages/move_base_msgs/msg/_MoveBaseAction.py)
Linked: (/home/pi/do_an_ws/devel/.private/move_base_msgs/lib/python3/dist-packages/move_base_msgs/msg/_MoveBaseFeedback.py, /home/pi/do_an_ws/devel/lib/python3/dist-packages/move_base_msgs/msg/_MoveBaseFeedback.py)
Linked: (/home/pi/do_an_ws/devel/.private/move_base_msgs/lib/python3/dist-packages/move_base_msgs/msg/_RecoveryStatus.py, /home/pi/do_an_ws/devel/lib/python3/dist-packages/move_base_msgs/msg/_RecoveryStatus.py)
Linked: (/home/pi/do_an_ws/devel/.private/move_base_msgs/lib/pkgconfig/move_base_msgs.pc, /home/pi/do_an_ws/devel/lib/pkgconfig/move_base_msgs.pc)
Linked: (/home/pi/do_an_ws/devel/.private/move_base_msgs/share/move_base_msgs/cmake/move_base_msgsConfig.cmake, /home/pi/do_an_ws/devel/share/move_base_msgs/cmake/move_base_msgsConfig.cmake)
Linked: (/home/pi/do_an_ws/devel/.private/move_base_msgs/share/move_base_msgs/cmake/move_base_msgs-msg-paths.cmake, /home/pi/do_an_ws/devel/share/move_base_msgs/cmake/move_base_msgs-msg-paths.cmake)
Linked: (/home/pi/do_an_ws/devel/.private/move_base_msgs/share/move_base_msgs/cmake/move_base_msgs-msg-extras.cmake, /home/pi/do_an_ws/devel/share/move_base_msgs/cmake/move_base_msgs-msg-extras.cmake)
Linked: (/home/pi/do_an_ws/devel/.private/move_base_msgs/share/move_base_msgs/cmake/move_base_msgsConfig-version.cmake, /home/pi/do_an_ws/devel/share/move_base_msgs/cmake/move_base_msgsConfig-version.cmake)
Linked: (/home/pi/do_an_ws/devel/.private/move_base_msgs/share/move_base_msgs/msg/MoveBaseAction.msg, /home/pi/do_an_ws/devel/share/move_base_msgs/msg/MoveBaseAction.msg)
Linked: (/home/pi/do_an_ws/devel/.private/move_base_msgs/share/move_base_msgs/msg/MoveBaseActionResult.msg, /home/pi/do_an_ws/devel/share/move_base_msgs/msg/MoveBaseActionResult.msg)
Linked: (/home/pi/do_an_ws/devel/.private/move_base_msgs/share/move_base_msgs/msg/MoveBaseActionFeedback.msg, /home/pi/do_an_ws/devel/share/move_base_msgs/msg/MoveBaseActionFeedback.msg)
Linked: (/home/pi/do_an_ws/devel/.private/move_base_msgs/share/move_base_msgs/msg/MoveBaseFeedback.msg, /home/pi/do_an_ws/devel/share/move_base_msgs/msg/MoveBaseFeedback.msg)
Linked: (/home/pi/do_an_ws/devel/.private/move_base_msgs/share/move_base_msgs/msg/MoveBaseGoal.msg, /home/pi/do_an_ws/devel/share/move_base_msgs/msg/MoveBaseGoal.msg)
Linked: (/home/pi/do_an_ws/devel/.private/move_base_msgs/share/move_base_msgs/msg/MoveBaseResult.msg, /home/pi/do_an_ws/devel/share/move_base_msgs/msg/MoveBaseResult.msg)
Linked: (/home/pi/do_an_ws/devel/.private/move_base_msgs/share/move_base_msgs/msg/MoveBaseActionGoal.msg, /home/pi/do_an_ws/devel/share/move_base_msgs/msg/MoveBaseActionGoal.msg)
Linked: (/home/pi/do_an_ws/devel/.private/move_base_msgs/share/gennodejs/ros/move_base_msgs/_index.js, /home/pi/do_an_ws/devel/share/gennodejs/ros/move_base_msgs/_index.js)
Linked: (/home/pi/do_an_ws/devel/.private/move_base_msgs/share/gennodejs/ros/move_base_msgs/msg/MoveBaseAction.js, /home/pi/do_an_ws/devel/share/gennodejs/ros/move_base_msgs/msg/MoveBaseAction.js)
Linked: (/home/pi/do_an_ws/devel/.private/move_base_msgs/share/gennodejs/ros/move_base_msgs/msg/RecoveryStatus.js, /home/pi/do_an_ws/devel/share/gennodejs/ros/move_base_msgs/msg/RecoveryStatus.js)
Linked: (/home/pi/do_an_ws/devel/.private/move_base_msgs/share/gennodejs/ros/move_base_msgs/msg/MoveBaseActionGoal.js, /home/pi/do_an_ws/devel/share/gennodejs/ros/move_base_msgs/msg/MoveBaseActionGoal.js)
Linked: (/home/pi/do_an_ws/devel/.private/move_base_msgs/share/gennodejs/ros/move_base_msgs/msg/MoveBaseGoal.js, /home/pi/do_an_ws/devel/share/gennodejs/ros/move_base_msgs/msg/MoveBaseGoal.js)
Linked: (/home/pi/do_an_ws/devel/.private/move_base_msgs/share/gennodejs/ros/move_base_msgs/msg/MoveBaseActionResult.js, /home/pi/do_an_ws/devel/share/gennodejs/ros/move_base_msgs/msg/MoveBaseActionResult.js)
Linked: (/home/pi/do_an_ws/devel/.private/move_base_msgs/share/gennodejs/ros/move_base_msgs/msg/MoveBaseResult.js, /home/pi/do_an_ws/devel/share/gennodejs/ros/move_base_msgs/msg/MoveBaseResult.js)
Linked: (/home/pi/do_an_ws/devel/.private/move_base_msgs/share/gennodejs/ros/move_base_msgs/msg/_index.js, /home/pi/do_an_ws/devel/share/gennodejs/ros/move_base_msgs/msg/_index.js)
Linked: (/home/pi/do_an_ws/devel/.private/move_base_msgs/share/gennodejs/ros/move_base_msgs/msg/MoveBaseFeedback.js, /home/pi/do_an_ws/devel/share/gennodejs/ros/move_base_msgs/msg/MoveBaseFeedback.js)
Linked: (/home/pi/do_an_ws/devel/.private/move_base_msgs/share/gennodejs/ros/move_base_msgs/msg/MoveBaseActionFeedback.js, /home/pi/do_an_ws/devel/share/gennodejs/ros/move_base_msgs/msg/MoveBaseActionFeedback.js)
Linked: (/home/pi/do_an_ws/devel/.private/move_base_msgs/share/roseus/ros/move_base_msgs/manifest.l, /home/pi/do_an_ws/devel/share/roseus/ros/move_base_msgs/manifest.l)
Linked: (/home/pi/do_an_ws/devel/.private/move_base_msgs/share/roseus/ros/move_base_msgs/msg/MoveBaseActionResult.l, /home/pi/do_an_ws/devel/share/roseus/ros/move_base_msgs/msg/MoveBaseActionResult.l)
Linked: (/home/pi/do_an_ws/devel/.private/move_base_msgs/share/roseus/ros/move_base_msgs/msg/MoveBaseGoal.l, /home/pi/do_an_ws/devel/share/roseus/ros/move_base_msgs/msg/MoveBaseGoal.l)
Linked: (/home/pi/do_an_ws/devel/.private/move_base_msgs/share/roseus/ros/move_base_msgs/msg/MoveBaseActionGoal.l, /home/pi/do_an_ws/devel/share/roseus/ros/move_base_msgs/msg/MoveBaseActionGoal.l)
Linked: (/home/pi/do_an_ws/devel/.private/move_base_msgs/share/roseus/ros/move_base_msgs/msg/RecoveryStatus.l, /home/pi/do_an_ws/devel/share/roseus/ros/move_base_msgs/msg/RecoveryStatus.l)
Linked: (/home/pi/do_an_ws/devel/.private/move_base_msgs/share/roseus/ros/move_base_msgs/msg/MoveBaseAction.l, /home/pi/do_an_ws/devel/share/roseus/ros/move_base_msgs/msg/MoveBaseAction.l)
Linked: (/home/pi/do_an_ws/devel/.private/move_base_msgs/share/roseus/ros/move_base_msgs/msg/MoveBaseFeedback.l, /home/pi/do_an_ws/devel/share/roseus/ros/move_base_msgs/msg/MoveBaseFeedback.l)
Linked: (/home/pi/do_an_ws/devel/.private/move_base_msgs/share/roseus/ros/move_base_msgs/msg/MoveBaseActionFeedback.l, /home/pi/do_an_ws/devel/share/roseus/ros/move_base_msgs/msg/MoveBaseActionFeedback.l)
Linked: (/home/pi/do_an_ws/devel/.private/move_base_msgs/share/roseus/ros/move_base_msgs/msg/MoveBaseResult.l, /home/pi/do_an_ws/devel/share/roseus/ros/move_base_msgs/msg/MoveBaseResult.l)
Linked: (/home/pi/do_an_ws/devel/.private/move_base_msgs/share/common-lisp/ros/move_base_msgs/msg/_package_MoveBaseFeedback.lisp, /home/pi/do_an_ws/devel/share/common-lisp/ros/move_base_msgs/msg/_package_MoveBaseFeedback.lisp)
Linked: (/home/pi/do_an_ws/devel/.private/move_base_msgs/share/common-lisp/ros/move_base_msgs/msg/MoveBaseGoal.lisp, /home/pi/do_an_ws/devel/share/common-lisp/ros/move_base_msgs/msg/MoveBaseGoal.lisp)
Linked: (/home/pi/do_an_ws/devel/.private/move_base_msgs/share/common-lisp/ros/move_base_msgs/msg/MoveBaseActionFeedback.lisp, /home/pi/do_an_ws/devel/share/common-lisp/ros/move_base_msgs/msg/MoveBaseActionFeedback.lisp)
Linked: (/home/pi/do_an_ws/devel/.private/move_base_msgs/share/common-lisp/ros/move_base_msgs/msg/_package_MoveBaseActionGoal.lisp, /home/pi/do_an_ws/devel/share/common-lisp/ros/move_base_msgs/msg/_package_MoveBaseActionGoal.lisp)
Linked: (/home/pi/do_an_ws/devel/.private/move_base_msgs/share/common-lisp/ros/move_base_msgs/msg/RecoveryStatus.lisp, /home/pi/do_an_ws/devel/share/common-lisp/ros/move_base_msgs/msg/RecoveryStatus.lisp)
Linked: (/home/pi/do_an_ws/devel/.private/move_base_msgs/share/common-lisp/ros/move_base_msgs/msg/_package_MoveBaseResult.lisp, /home/pi/do_an_ws/devel/share/common-lisp/ros/move_base_msgs/msg/_package_MoveBaseResult.lisp)
Linked: (/home/pi/do_an_ws/devel/.private/move_base_msgs/share/common-lisp/ros/move_base_msgs/msg/_package_MoveBaseActionFeedback.lisp, /home/pi/do_an_ws/devel/share/common-lisp/ros/move_base_msgs/msg/_package_MoveBaseActionFeedback.lisp)
Linked: (/home/pi/do_an_ws/devel/.private/move_base_msgs/share/common-lisp/ros/move_base_msgs/msg/MoveBaseAction.lisp, /home/pi/do_an_ws/devel/share/common-lisp/ros/move_base_msgs/msg/MoveBaseAction.lisp)
Linked: (/home/pi/do_an_ws/devel/.private/move_base_msgs/share/common-lisp/ros/move_base_msgs/msg/_package_MoveBaseActionResult.lisp, /home/pi/do_an_ws/devel/share/common-lisp/ros/move_base_msgs/msg/_package_MoveBaseActionResult.lisp)
Linked: (/home/pi/do_an_ws/devel/.private/move_base_msgs/share/common-lisp/ros/move_base_msgs/msg/_package_RecoveryStatus.lisp, /home/pi/do_an_ws/devel/share/common-lisp/ros/move_base_msgs/msg/_package_RecoveryStatus.lisp)
Linked: (/home/pi/do_an_ws/devel/.private/move_base_msgs/share/common-lisp/ros/move_base_msgs/msg/MoveBaseFeedback.lisp, /home/pi/do_an_ws/devel/share/common-lisp/ros/move_base_msgs/msg/MoveBaseFeedback.lisp)
Linked: (/home/pi/do_an_ws/devel/.private/move_base_msgs/share/common-lisp/ros/move_base_msgs/msg/_package_MoveBaseGoal.lisp, /home/pi/do_an_ws/devel/share/common-lisp/ros/move_base_msgs/msg/_package_MoveBaseGoal.lisp)
Linked: (/home/pi/do_an_ws/devel/.private/move_base_msgs/share/common-lisp/ros/move_base_msgs/msg/_package.lisp, /home/pi/do_an_ws/devel/share/common-lisp/ros/move_base_msgs/msg/_package.lisp)
Linked: (/home/pi/do_an_ws/devel/.private/move_base_msgs/share/common-lisp/ros/move_base_msgs/msg/MoveBaseActionResult.lisp, /home/pi/do_an_ws/devel/share/common-lisp/ros/move_base_msgs/msg/MoveBaseActionResult.lisp)
Linked: (/home/pi/do_an_ws/devel/.private/move_base_msgs/share/common-lisp/ros/move_base_msgs/msg/_package_MoveBaseAction.lisp, /home/pi/do_an_ws/devel/share/common-lisp/ros/move_base_msgs/msg/_package_MoveBaseAction.lisp)
Linked: (/home/pi/do_an_ws/devel/.private/move_base_msgs/share/common-lisp/ros/move_base_msgs/msg/MoveBaseActionGoal.lisp, /home/pi/do_an_ws/devel/share/common-lisp/ros/move_base_msgs/msg/MoveBaseActionGoal.lisp)
Linked: (/home/pi/do_an_ws/devel/.private/move_base_msgs/share/common-lisp/ros/move_base_msgs/msg/MoveBaseResult.lisp, /home/pi/do_an_ws/devel/share/common-lisp/ros/move_base_msgs/msg/MoveBaseResult.lisp)
Linked: (/home/pi/do_an_ws/devel/.private/move_base_msgs/share/common-lisp/ros/move_base_msgs/msg/move_base_msgs-msg.asd, /home/pi/do_an_ws/devel/share/common-lisp/ros/move_base_msgs/msg/move_base_msgs-msg.asd)
Linked: (/home/pi/do_an_ws/devel/.private/move_base_msgs/include/move_base_msgs/MoveBaseActionGoal.h, /home/pi/do_an_ws/devel/include/move_base_msgs/MoveBaseActionGoal.h)
Linked: (/home/pi/do_an_ws/devel/.private/move_base_msgs/include/move_base_msgs/MoveBaseFeedback.h, /home/pi/do_an_ws/devel/include/move_base_msgs/MoveBaseFeedback.h)
Linked: (/home/pi/do_an_ws/devel/.private/move_base_msgs/include/move_base_msgs/MoveBaseActionFeedback.h, /home/pi/do_an_ws/devel/include/move_base_msgs/MoveBaseActionFeedback.h)
Linked: (/home/pi/do_an_ws/devel/.private/move_base_msgs/include/move_base_msgs/MoveBaseAction.h, /home/pi/do_an_ws/devel/include/move_base_msgs/MoveBaseAction.h)
Linked: (/home/pi/do_an_ws/devel/.private/move_base_msgs/include/move_base_msgs/RecoveryStatus.h, /home/pi/do_an_ws/devel/include/move_base_msgs/RecoveryStatus.h)
Linked: (/home/pi/do_an_ws/devel/.private/move_base_msgs/include/move_base_msgs/MoveBaseResult.h, /home/pi/do_an_ws/devel/include/move_base_msgs/MoveBaseResult.h)
Linked: (/home/pi/do_an_ws/devel/.private/move_base_msgs/include/move_base_msgs/MoveBaseActionResult.h, /home/pi/do_an_ws/devel/include/move_base_msgs/MoveBaseActionResult.h)
Linked: (/home/pi/do_an_ws/devel/.private/move_base_msgs/include/move_base_msgs/MoveBaseGoal.h, /home/pi/do_an_ws/devel/include/move_base_msgs/MoveBaseGoal.h)
