In file included from [01m[K/usr/include/c++/8/vector:69[m[K,
                 from [01m[K/usr/include/boost/math/special_functions/math_fwd.hpp:26[m[K,
                 from [01m[K/usr/include/boost/math/special_functions/round.hpp:15[m[K,
                 from [01m[K/opt/ros/noetic/include/ros/time.h:58[m[K,
                 from [01m[K/home/pi/do_an_ws/src/geometry2/tf2/include/tf2/transform_storage.h:39[m[K,
                 from [01m[K/home/pi/do_an_ws/src/geometry2/tf2/include/tf2/buffer_core.h:35[m[K,
                 from [01m[K/home/pi/do_an_ws/src/geometry2/tf2/src/buffer_core.cpp:32[m[K:
[01m[K/usr/include/c++/8/bits/vector.tcc:[m[K In member function '[01m[Kstd::vector<_Tp, _Alloc>::iterator std::vector<_Tp, _Alloc>::_M_erase(std::vector<_Tp, _Alloc>::iterator, std::vector<_Tp, _Alloc>::iterator) [with _Tp = tf2::BufferCore::TransformableRequest; _Alloc = std::allocator<tf2::BufferCore::TransformableRequest>][m[K':
[01m[K/usr/include/c++/8/bits/vector.tcc:172:5:[m[K [01;36m[Knote: [m[Kparameter passing for argument of type '[01m[Kstd::vector<tf2::BufferCore::TransformableRequest>::iterator[m[K' {aka '[01m[K__gnu_cxx::__normal_iterator<tf2::BufferCore::TransformableRequest*, std::vector<tf2::BufferCore::TransformableRequest> >[m[K'} changed in GCC 7.1
     [01;36m[Kvector<_Tp, _Alloc>[m[K::
     [01;36m[K^~~~~~~~~~~~~~~~~~~[m[K
[01m[K/usr/include/c++/8/bits/vector.tcc:172:5:[m[K [01;36m[Knote: [m[Kparameter passing for argument of type '[01m[Kstd::vector<tf2::BufferCore::TransformableRequest>::iterator[m[K' {aka '[01m[K__gnu_cxx::__normal_iterator<tf2::BufferCore::TransformableRequest*, std::vector<tf2::BufferCore::TransformableRequest> >[m[K'} changed in GCC 7.1
[01m[K/usr/include/c++/8/bits/vector.tcc:172:5:[m[K [01;36m[Knote: [m[Kparameter passing for argument of type '[01m[Kstd::vector<tf2::BufferCore::TransformableRequest>::iterator[m[K' {aka '[01m[K__gnu_cxx::__normal_iterator<tf2::BufferCore::TransformableRequest*, std::vector<tf2::BufferCore::TransformableRequest> >[m[K'} changed in GCC 7.1
In file included from [01m[K/usr/include/c++/8/vector:64[m[K,
                 from [01m[K/usr/include/boost/math/special_functions/math_fwd.hpp:26[m[K,
                 from [01m[K/usr/include/boost/math/special_functions/round.hpp:15[m[K,
                 from [01m[K/opt/ros/noetic/include/ros/time.h:58[m[K,
                 from [01m[K/home/pi/do_an_ws/src/geometry2/tf2/include/tf2/transform_storage.h:39[m[K,
                 from [01m[K/home/pi/do_an_ws/src/geometry2/tf2/include/tf2/buffer_core.h:35[m[K,
                 from [01m[K/home/pi/do_an_ws/src/geometry2/tf2/src/buffer_core.cpp:32[m[K:
[01m[K/usr/include/c++/8/bits/stl_vector.h:[m[K In member function '[01m[Kvoid tf2::BufferCore::removeTransformableCallback(tf2::TransformableCallbackHandle)[m[K':
[01m[K/usr/include/c++/8/bits/stl_vector.h:1348:71:[m[K [01;36m[Knote: [m[Kparameter passing for argument of type '[01m[K__gnu_cxx::__normal_iterator<tf2::BufferCore::TransformableRequest*, std::vector<tf2::BufferCore::TransformableRequest> >[m[K' changed in GCC 7.1
  return _M_erase(__beg + (__first - __cbeg), __beg + (__last - __cbeg)[01;36m[K)[m[K;
                                                                       [01;36m[K^[m[K
[01m[K/usr/include/c++/8/bits/stl_vector.h:[m[K In member function '[01m[Kvoid tf2::BufferCore::cancelTransformableRequest(tf2::TransformableRequestHandle)[m[K':
[01m[K/usr/include/c++/8/bits/stl_vector.h:1348:71:[m[K [01;36m[Knote: [m[Kparameter passing for argument of type '[01m[K__gnu_cxx::__normal_iterator<tf2::BufferCore::TransformableRequest*, std::vector<tf2::BufferCore::TransformableRequest> >[m[K' changed in GCC 7.1
  return _M_erase(__beg + (__first - __cbeg), __beg + (__last - __cbeg)[01;36m[K)[m[K;
                                                                       [01;36m[K^[m[K
In file included from [01m[K/usr/include/c++/8/vector:69[m[K,
                 from [01m[K/usr/include/boost/math/special_functions/math_fwd.hpp:26[m[K,
                 from [01m[K/usr/include/boost/math/special_functions/round.hpp:15[m[K,
                 from [01m[K/opt/ros/noetic/include/ros/time.h:58[m[K,
                 from [01m[K/home/pi/do_an_ws/src/geometry2/tf2/include/tf2/transform_storage.h:39[m[K,
                 from [01m[K/home/pi/do_an_ws/src/geometry2/tf2/include/tf2/buffer_core.h:35[m[K,
                 from [01m[K/home/pi/do_an_ws/src/geometry2/tf2/src/buffer_core.cpp:32[m[K:
[01m[K/usr/include/c++/8/bits/vector.tcc:[m[K In member function '[01m[Kvoid std::vector<_Tp, _Alloc>::_M_realloc_insert(std::vector<_Tp, _Alloc>::iterator, _Args&& ...) [with _Args = {const tf2::BufferCore::TransformableRequest&}; _Tp = tf2::BufferCore::TransformableRequest; _Alloc = std::allocator<tf2::BufferCore::TransformableRequest>][m[K':
[01m[K/usr/include/c++/8/bits/vector.tcc:413:7:[m[K [01;36m[Knote: [m[Kparameter passing for argument of type '[01m[Kstd::vector<tf2::BufferCore::TransformableRequest>::iterator[m[K' {aka '[01m[K__gnu_cxx::__normal_iterator<tf2::BufferCore::TransformableRequest*, std::vector<tf2::BufferCore::TransformableRequest> >[m[K'} changed in GCC 7.1
       [01;36m[Kvector<_Tp, _Alloc>[m[K::
       [01;36m[K^~~~~~~~~~~~~~~~~~~[m[K
In file included from [01m[K/usr/include/c++/8/vector:64[m[K,
                 from [01m[K/usr/include/boost/math/special_functions/math_fwd.hpp:26[m[K,
                 from [01m[K/usr/include/boost/math/special_functions/round.hpp:15[m[K,
                 from [01m[K/opt/ros/noetic/include/ros/time.h:58[m[K,
                 from [01m[K/home/pi/do_an_ws/src/geometry2/tf2/include/tf2/transform_storage.h:39[m[K,
                 from [01m[K/home/pi/do_an_ws/src/geometry2/tf2/include/tf2/buffer_core.h:35[m[K,
                 from [01m[K/home/pi/do_an_ws/src/geometry2/tf2/src/buffer_core.cpp:32[m[K:
[01m[K/usr/include/c++/8/bits/stl_vector.h:[m[K In member function '[01m[Ktf2::TransformableRequestHandle tf2::BufferCore::addTransformableRequest(tf2::TransformableCallbackHandle, const string&, const string&, ros::Time)[m[K':
[01m[K/usr/include/c++/8/bits/stl_vector.h:1085:4:[m[K [01;36m[Knote: [m[Kparameter passing for argument of type '[01m[K__gnu_cxx::__normal_iterator<tf2::BufferCore::TransformableRequest*, std::vector<tf2::BufferCore::TransformableRequest> >[m[K' changed in GCC 7.1
    [01;36m[K_M_realloc_insert[m[K(end(), __x);
    [01;36m[K^~~~~~~~~~~~~~~~~[m[K
In file included from [01m[K/usr/include/c++/8/vector:69[m[K,
                 from [01m[K/usr/include/boost/math/special_functions/math_fwd.hpp:26[m[K,
                 from [01m[K/usr/include/boost/math/special_functions/round.hpp:15[m[K,
                 from [01m[K/opt/ros/noetic/include/ros/time.h:58[m[K,
                 from [01m[K/home/pi/do_an_ws/src/geometry2/tf2/include/tf2/transform_storage.h:39[m[K,
                 from [01m[K/home/pi/do_an_ws/src/geometry2/tf2/include/tf2/buffer_core.h:35[m[K,
                 from [01m[K/home/pi/do_an_ws/src/geometry2/tf2/src/buffer_core.cpp:32[m[K:
[01m[K/usr/include/c++/8/bits/vector.tcc:[m[K In member function '[01m[Kvoid std::vector<_Tp, _Alloc>::_M_realloc_insert(std::vector<_Tp, _Alloc>::iterator, _Args&& ...) [with _Args = {boost::tuples::tuple<boost::function<void(long long unsigned int, const std::__cxx11::basic_string<char, std::char_traits<char>, std::allocator<char> >&, const std::__cxx11::basic_string<char, std::char_traits<char>, std::allocator<char> >&, ros::Time, tf2::TransformableResult)>&, long long unsigned int, std::__cxx11::basic_string<char, std::char_traits<char>, std::allocator<char> >, std::__cxx11::basic_string<char, std::char_traits<char>, std::allocator<char> >, ros::Time&, tf2::TransformableResult&, boost::tuples::null_type, boost::tuples::null_type, boost::tuples::null_type, boost::tuples::null_type>}; _Tp = boost::tuples::tuple<boost::function<void(long long unsigned int, const std::__cxx11::basic_string<char>&, const std::__cxx11::basic_string<char>&, ros::Time, tf2::TransformableResult)>&, long long unsigned int, std::__cxx11::basic_string<char>, std::__cxx11::basic_string<char>, ros::Time&, tf2::TransformableResult&>; _Alloc = std::allocator<boost::tuples::tuple<boost::function<void(long long unsigned int, const std::__cxx11::basic_string<char>&, const std::__cxx11::basic_string<char>&, ros::Time, tf2::TransformableResult)>&, long long unsigned int, std::__cxx11::basic_string<char>, std::__cxx11::basic_string<char>, ros::Time&, tf2::TransformableResult&> >][m[K':
[01m[K/usr/include/c++/8/bits/vector.tcc:413:7:[m[K [01;36m[Knote: [m[Kparameter passing for argument of type '[01m[Kstd::vector<boost::tuples::tuple<boost::function<void(long long unsigned int, const std::__cxx11::basic_string<char>&, const std::__cxx11::basic_string<char>&, ros::Time, tf2::TransformableResult)>&, long long unsigned int, std::__cxx11::basic_string<char>, std::__cxx11::basic_string<char>, ros::Time&, tf2::TransformableResult&> >::iterator[m[K' {aka '[01m[K__gnu_cxx::__normal_iterator<boost::tuples::tuple<boost::function<void(long long unsigned int, const std::__cxx11::basic_string<char>&, const std::__cxx11::basic_string<char>&, ros::Time, tf2::TransformableResult)>&, long long unsigned int, std::__cxx11::basic_string<char>, std::__cxx11::basic_string<char>, ros::Time&, tf2::TransformableResult&>*, std::vector<boost::tuples::tuple<boost::function<void(long long unsigned int, const std::__cxx11::basic_string<char>&, const std::__cxx11::basic_string<char>&, ros::Time, tf2::TransformableResult)>&, long long unsigned int, std::__cxx11::basic_string<char>, std::__cxx11::basic_string<char>, ros::Time&, tf2::TransformableResult&> > >[m[K'} changed in GCC 7.1
       [01;36m[Kvector<_Tp, _Alloc>[m[K::
       [01;36m[K^~~~~~~~~~~~~~~~~~~[m[K
[01m[K/usr/include/c++/8/bits/vector.tcc:[m[K In member function '[01m[Kvoid tf2::BufferCore::testTransformableRequests()[m[K':
[01m[K/usr/include/c++/8/bits/vector.tcc:109:4:[m[K [01;36m[Knote: [m[Kparameter passing for argument of type '[01m[K__gnu_cxx::__normal_iterator<boost::tuples::tuple<boost::function<void(long long unsigned int, const std::__cxx11::basic_string<char>&, const std::__cxx11::basic_string<char>&, ros::Time, tf2::TransformableResult)>&, long long unsigned int, std::__cxx11::basic_string<char>, std::__cxx11::basic_string<char>, ros::Time&, tf2::TransformableResult&>*, std::vector<boost::tuples::tuple<boost::function<void(long long unsigned int, const std::__cxx11::basic_string<char>&, const std::__cxx11::basic_string<char>&, ros::Time, tf2::TransformableResult)>&, long long unsigned int, std::__cxx11::basic_string<char>, std::__cxx11::basic_string<char>, ros::Time&, tf2::TransformableResult&> > >[m[K' changed in GCC 7.1
    [01;36m[K_M_realloc_insert[m[K(end(), std::forward<_Args>(__args)...);
    [01;36m[K^~~~~~~~~~~~~~~~~[m[K
