Symlinking /home/pi/do_an_ws/devel/lib/libpolygon_coverage_msgs.so
Symlinking /home/pi/do_an_ws/devel/lib/python3/dist-packages/polygon_coverage_msgs/__init__.py
Symlinking /home/pi/do_an_ws/devel/lib/python3/dist-packages/polygon_coverage_msgs/msg/_PolygonWithHolesStamped.py
Symlinking /home/pi/do_an_ws/devel/lib/python3/dist-packages/polygon_coverage_msgs/msg/__init__.py
Symlinking /home/pi/do_an_ws/devel/lib/python3/dist-packages/polygon_coverage_msgs/msg/_PolygonWithHoles.py
Symlinking /home/pi/do_an_ws/devel/lib/python3/dist-packages/polygon_coverage_msgs/srv/__init__.py
Symlinking /home/pi/do_an_ws/devel/lib/python3/dist-packages/polygon_coverage_msgs/srv/_PolygonService.py
Symlinking /home/pi/do_an_ws/devel/lib/python3/dist-packages/polygon_coverage_msgs/srv/_PlannerService.py
Symlinking /home/pi/do_an_ws/devel/lib/pkgconfig/polygon_coverage_msgs.pc
Symlinking /home/pi/do_an_ws/devel/share/polygon_coverage_msgs/cmake/polygon_coverage_msgs-msg-extras.cmake
Symlinking /home/pi/do_an_ws/devel/share/polygon_coverage_msgs/cmake/polygon_coverage_msgsConfig-version.cmake
Symlinking /home/pi/do_an_ws/devel/share/polygon_coverage_msgs/cmake/polygon_coverage_msgs-msg-paths.cmake
Symlinking /home/pi/do_an_ws/devel/share/polygon_coverage_msgs/cmake/polygon_coverage_msgsConfig.cmake
Symlinking /home/pi/do_an_ws/devel/share/gennodejs/ros/polygon_coverage_msgs/_index.js
Symlinking /home/pi/do_an_ws/devel/share/gennodejs/ros/polygon_coverage_msgs/msg/PolygonWithHoles.js
Symlinking /home/pi/do_an_ws/devel/share/gennodejs/ros/polygon_coverage_msgs/msg/_index.js
Symlinking /home/pi/do_an_ws/devel/share/gennodejs/ros/polygon_coverage_msgs/msg/PolygonWithHolesStamped.js
Symlinking /home/pi/do_an_ws/devel/share/gennodejs/ros/polygon_coverage_msgs/srv/PlannerService.js
Symlinking /home/pi/do_an_ws/devel/share/gennodejs/ros/polygon_coverage_msgs/srv/PolygonService.js
Symlinking /home/pi/do_an_ws/devel/share/gennodejs/ros/polygon_coverage_msgs/srv/_index.js
Symlinking /home/pi/do_an_ws/devel/share/roseus/ros/polygon_coverage_msgs/manifest.l
Symlinking /home/pi/do_an_ws/devel/share/roseus/ros/polygon_coverage_msgs/msg/PolygonWithHolesStamped.l
Symlinking /home/pi/do_an_ws/devel/share/roseus/ros/polygon_coverage_msgs/msg/PolygonWithHoles.l
Symlinking /home/pi/do_an_ws/devel/share/roseus/ros/polygon_coverage_msgs/srv/PolygonService.l
Symlinking /home/pi/do_an_ws/devel/share/roseus/ros/polygon_coverage_msgs/srv/PlannerService.l
Symlinking /home/pi/do_an_ws/devel/share/common-lisp/ros/polygon_coverage_msgs/msg/polygon_coverage_msgs-msg.asd
Symlinking /home/pi/do_an_ws/devel/share/common-lisp/ros/polygon_coverage_msgs/msg/_package.lisp
Symlinking /home/pi/do_an_ws/devel/share/common-lisp/ros/polygon_coverage_msgs/msg/PolygonWithHoles.lisp
Symlinking /home/pi/do_an_ws/devel/share/common-lisp/ros/polygon_coverage_msgs/msg/_package_PolygonWithHoles.lisp
Symlinking /home/pi/do_an_ws/devel/share/common-lisp/ros/polygon_coverage_msgs/msg/PolygonWithHolesStamped.lisp
Symlinking /home/pi/do_an_ws/devel/share/common-lisp/ros/polygon_coverage_msgs/msg/_package_PolygonWithHolesStamped.lisp
Symlinking /home/pi/do_an_ws/devel/share/common-lisp/ros/polygon_coverage_msgs/srv/PlannerService.lisp
Symlinking /home/pi/do_an_ws/devel/share/common-lisp/ros/polygon_coverage_msgs/srv/polygon_coverage_msgs-srv.asd
Symlinking /home/pi/do_an_ws/devel/share/common-lisp/ros/polygon_coverage_msgs/srv/_package.lisp
Symlinking /home/pi/do_an_ws/devel/share/common-lisp/ros/polygon_coverage_msgs/srv/_package_PlannerService.lisp
Symlinking /home/pi/do_an_ws/devel/share/common-lisp/ros/polygon_coverage_msgs/srv/_package_PolygonService.lisp
Symlinking /home/pi/do_an_ws/devel/share/common-lisp/ros/polygon_coverage_msgs/srv/PolygonService.lisp
Symlinking /home/pi/do_an_ws/devel/include/polygon_coverage_msgs/PlannerServiceRequest.h
Symlinking /home/pi/do_an_ws/devel/include/polygon_coverage_msgs/PolygonWithHoles.h
Symlinking /home/pi/do_an_ws/devel/include/polygon_coverage_msgs/PlannerServiceResponse.h
Symlinking /home/pi/do_an_ws/devel/include/polygon_coverage_msgs/PolygonServiceRequest.h
Symlinking /home/pi/do_an_ws/devel/include/polygon_coverage_msgs/PlannerService.h
Symlinking /home/pi/do_an_ws/devel/include/polygon_coverage_msgs/PolygonService.h
Symlinking /home/pi/do_an_ws/devel/include/polygon_coverage_msgs/PolygonServiceResponse.h
Symlinking /home/pi/do_an_ws/devel/include/polygon_coverage_msgs/PolygonWithHolesStamped.h
