[35m[1mScanning dependencies of target gk_ma[0m
[  5%] [34m[1mCreating directories for 'gk_ma'[0m
[ 10%] [34m[1mPerforming download step (download, verify and extract) for 'gk_ma'[0m
-- Downloading...
   dst='/home/pi/do_an_ws/build/polygon_coverage_solvers/gk_ma-prefix/src/gtsp_ma_source_codes.zip'
   timeout='none'
-- Using src='http://www.cs.nott.ac.uk/~pszdk/gtsp_ma_source_codes.zip'
-- [download 0% complete]
-- [download 5% complete]
-- [download 8% complete]
-- [download 11% complete]
-- [download 14% complete]
-- [download 15% complete]
-- [download 16% complete]
-- [download 17% complete]
-- [download 22% complete]
-- [download 23% complete]
-- [download 25% complete]
-- [download 28% complete]
-- [download 29% complete]
-- [download 30% complete]
-- [download 33% complete]
-- [download 34% complete]
-- [download 35% complete]
-- [download 38% complete]
-- [download 39% complete]
-- [download 41% complete]
-- [download 45% complete]
-- [download 46% complete]
-- [download 48% complete]
-- [download 50% complete]
-- [download 52% complete]
-- [download 53% complete]
-- [download 54% complete]
-- [download 56% complete]
-- [download 58% complete]
-- [download 60% complete]
-- [download 62% complete]
-- [download 66% complete]
-- [download 67% complete]
-- [download 71% complete]
-- [download 72% complete]
-- [download 73% complete]
-- [download 74% complete]
-- [download 79% complete]
-- [download 80% complete]
-- [download 81% complete]
-- [download 86% complete]
-- [download 87% complete]
-- [download 88% complete]
-- [download 92% complete]
-- [download 93% complete]
-- [download 94% complete]
-- [download 99% complete]
-- [download 100% complete]
-- verifying file...
       file='/home/pi/do_an_ws/build/polygon_coverage_solvers/gk_ma-prefix/src/gtsp_ma_source_codes.zip'
-- Downloading... done
-- extracting...
     src='/home/pi/do_an_ws/build/polygon_coverage_solvers/gk_ma-prefix/src/gtsp_ma_source_codes.zip'
     dst='/home/pi/do_an_ws/build/polygon_coverage_solvers/gk_ma-prefix/src/gk_ma'
-- extracting... [tar xfz]
-- extracting... [analysis]
-- extracting... [rename]
-- extracting... [clean up]
-- extracting... done
[ 15%] [34m[1mPerforming patch step for 'gk_ma'[0m
patching file GkMa/OurHeuristic/Algorithm.cs
patching file NativeHelper/ClusterOptimisation.cpp
patching file GkMa/OurHeuristic/Types/Generation.cs
patching file GkMa/OurHeuristic/GeneticAlgorithm.cs
patching file GkMa/Helper.cs
patching file NativeHelper/ClusterOptimisation.h
patching file NativeHelper/ImprovementManager.h
patching file NativeHelper/Insert.cpp
patching file NativeHelper/Insert.h
patching file NativeHelper/NativeHelper.cpp
patching file NativeHelper/Swap.cpp
patching file NativeHelper/NativeHelper.h
patching file GkMa/OurHeuristic/NativeHelper.cs
patching file GkMa/OurSolver.cs
patching file GkMa/OurHeuristic/Types/Permutation.cs
patching file GkMa/Program.cs
patching file GkMa/Solver.cs
patching file GkMa/Loader/Task.cs
patching file GkMa/OurHeuristic/Types/Tour.cs
[ 20%] [34m[1mNo update step for 'gk_ma'[0m
[ 25%] [34m[1mPerforming configure step for 'gk_ma'[0m
[ 30%] [34m[1mPerforming build step for 'gk_ma'[0m
[ 35%] [34m[1mPerforming install step for 'gk_ma'[0m
[ 40%] [34m[1mCompleted 'gk_ma'[0m
[ 40%] Built target gk_ma
[35m[1mScanning dependencies of target gtsp_instances[0m
[ 45%] [34m[1mCreating directories for 'gtsp_instances'[0m
[ 50%] [34m[1mPerforming download step (download, verify and extract) for 'gtsp_instances'[0m
-- Downloading...
   dst='/home/pi/do_an_ws/build/polygon_coverage_solvers/gtsp_instances-prefix/src/InstancesBinary.zip'
   timeout='none'
-- Using src='http://www.cs.nott.ac.uk/~dxk/gtsplib/InstancesBinary.zip'
-- [download 100% complete]
-- [download 0% complete]
-- [download 1% complete]
-- [download 2% complete]
-- [download 3% complete]
-- [download 4% complete]
-- [download 5% complete]
-- [download 6% complete]
-- [download 7% complete]
-- [download 8% complete]
-- [download 9% complete]
-- [download 10% complete]
-- [download 11% complete]
-- [download 12% complete]
-- [download 13% complete]
-- [download 14% complete]
-- [download 15% complete]
-- [download 16% complete]
-- [download 17% complete]
-- [download 18% complete]
-- [download 19% complete]
-- [download 20% complete]
-- [download 21% complete]
-- [download 22% complete]
-- [download 23% complete]
-- [download 24% complete]
-- [download 25% complete]
-- [download 26% complete]
-- [download 27% complete]
-- [download 28% complete]
-- [download 29% complete]
-- [download 30% complete]
-- [download 31% complete]
-- [download 32% complete]
-- [download 33% complete]
-- [download 34% complete]
-- [download 35% complete]
-- [download 36% complete]
-- [download 37% complete]
-- [download 38% complete]
-- [download 39% complete]
-- [download 40% complete]
-- [download 41% complete]
-- [download 42% complete]
-- [download 43% complete]
-- [download 44% complete]
-- [download 45% complete]
-- [download 46% complete]
-- [download 47% complete]
-- [download 48% complete]
-- [download 49% complete]
-- [download 50% complete]
-- [download 51% complete]
-- [download 52% complete]
-- [download 53% complete]
-- [download 54% complete]
-- [download 55% complete]
-- [download 56% complete]
-- [download 57% complete]
-- [download 58% complete]
-- [download 59% complete]
-- [download 60% complete]
-- [download 61% complete]
-- [download 62% complete]
-- [download 63% complete]
-- [download 64% complete]
-- [download 65% complete]
-- [download 66% complete]
-- [download 67% complete]
-- [download 68% complete]
-- [download 69% complete]
-- [download 70% complete]
-- [download 71% complete]
-- [download 72% complete]
-- [download 73% complete]
-- [download 74% complete]
-- [download 75% complete]
-- [download 76% complete]
-- [download 77% complete]
-- [download 78% complete]
-- [download 79% complete]
-- [download 80% complete]
-- [download 81% complete]
-- [download 82% complete]
-- [download 83% complete]
-- [download 84% complete]
-- [download 85% complete]
-- [download 86% complete]
-- [download 87% complete]
-- [download 88% complete]
-- [download 89% complete]
-- [download 90% complete]
-- [download 91% complete]
-- [download 92% complete]
-- [download 93% complete]
-- [download 94% complete]
-- [download 95% complete]
-- [download 96% complete]
-- [download 97% complete]
-- [download 98% complete]
-- [download 99% complete]
-- [download 100% complete]
-- verifying file...
       file='/home/pi/do_an_ws/build/polygon_coverage_solvers/gtsp_instances-prefix/src/InstancesBinary.zip'
-- Downloading... done
-- extracting...
     src='/home/pi/do_an_ws/build/polygon_coverage_solvers/gtsp_instances-prefix/src/InstancesBinary.zip'
     dst='/home/pi/do_an_ws/build/polygon_coverage_solvers/gtsp_instances-prefix/src/gtsp_instances'
-- extracting... [tar xfz]
-- extracting... [analysis]
-- extracting... [rename]
-- extracting... [clean up]
-- extracting... done
[ 55%] [34m[1mNo patch step for 'gtsp_instances'[0m
[ 60%] [34m[1mNo update step for 'gtsp_instances'[0m
[ 65%] [34m[1mNo configure step for 'gtsp_instances'[0m
[ 70%] [34m[1mNo build step for 'gtsp_instances'[0m
[ 75%] [34m[1mNo install step for 'gtsp_instances'[0m
[ 80%] [34m[1mCompleted 'gtsp_instances'[0m
[ 80%] Built target gtsp_instances
[35m[1mScanning dependencies of target polygon_coverage_solvers[0m
[ 85%] [32mBuilding CXX object CMakeFiles/polygon_coverage_solvers.dir/src/gk_ma.cc.o[0m
[ 90%] [32mBuilding CXX object CMakeFiles/polygon_coverage_solvers.dir/src/combinatorics.cc.o[0m
[ 95%] [32mBuilding CXX object CMakeFiles/polygon_coverage_solvers.dir/src/boolean_lattice.cc.o[0m
[100%] [32m[1mLinking CXX shared library /home/pi/do_an_ws/devel/.private/polygon_coverage_solvers/lib/libpolygon_coverage_solvers.so[0m
[100%] Built target polygon_coverage_solvers
