Symlinking /home/pi/do_an_ws/devel/lib/libpolled_camera.so
Symlinking /home/pi/do_an_ws/devel/lib/python3/dist-packages/polled_camera/__init__.py
Symlinking /home/pi/do_an_ws/devel/lib/python3/dist-packages/polled_camera/srv/__init__.py
Symlinking /home/pi/do_an_ws/devel/lib/python3/dist-packages/polled_camera/srv/_GetPolledImage.py
Symlinking /home/pi/do_an_ws/devel/lib/polled_camera/poller
Symlinking /home/pi/do_an_ws/devel/lib/pkgconfig/polled_camera.pc
Symlinking /home/pi/do_an_ws/devel/share/polled_camera/cmake/polled_cameraConfig-version.cmake
Symlinking /home/pi/do_an_ws/devel/share/polled_camera/cmake/polled_camera-msg-extras.cmake
Symlinking /home/pi/do_an_ws/devel/share/polled_camera/cmake/polled_cameraConfig.cmake
Symlinking /home/pi/do_an_ws/devel/share/polled_camera/cmake/polled_camera-msg-paths.cmake
Symlinking /home/pi/do_an_ws/devel/share/gennodejs/ros/polled_camera/_index.js
Symlinking /home/pi/do_an_ws/devel/share/gennodejs/ros/polled_camera/srv/GetPolledImage.js
Symlinking /home/pi/do_an_ws/devel/share/gennodejs/ros/polled_camera/srv/_index.js
Symlinking /home/pi/do_an_ws/devel/share/roseus/ros/polled_camera/manifest.l
Symlinking /home/pi/do_an_ws/devel/share/roseus/ros/polled_camera/srv/GetPolledImage.l
Symlinking /home/pi/do_an_ws/devel/share/common-lisp/ros/polled_camera/srv/GetPolledImage.lisp
Symlinking /home/pi/do_an_ws/devel/share/common-lisp/ros/polled_camera/srv/_package_GetPolledImage.lisp
Symlinking /home/pi/do_an_ws/devel/share/common-lisp/ros/polled_camera/srv/_package.lisp
Symlinking /home/pi/do_an_ws/devel/share/common-lisp/ros/polled_camera/srv/polled_camera-srv.asd
Symlinking /home/pi/do_an_ws/devel/include/polled_camera/GetPolledImageResponse.h
Symlinking /home/pi/do_an_ws/devel/include/polled_camera/GetPolledImageRequest.h
Symlinking /home/pi/do_an_ws/devel/include/polled_camera/GetPolledImage.h
