[35m[1mScanning dependencies of target interactive_markers[0m
[ 14%] [32mBuilding CXX object CMakeFiles/interactive_markers.dir/src/interactive_marker_server.cpp.o[0m
In file included from [01m[K/usr/include/c++/8/vector:69[m[K,
                 from [01m[K/home/pi/do_an_ws/devel/.private/visualization_msgs/include/visualization_msgs/InteractiveMarkerUpdate.h:10[m[K,
                 from [01m[K/home/pi/do_an_ws/src/interactive_markers/include/interactive_markers/interactive_marker_server.h:35[m[K,
                 from [01m[K/home/pi/do_an_ws/src/interactive_markers/src/interactive_marker_server.cpp:32[m[K:
[01m[K/usr/include/c++/8/bits/vector.tcc:[m[K In member function '[01m[Kvoid std::vector<_Tp, _Alloc>::_M_realloc_insert(std::vector<_Tp, _Alloc>::iterator, _Args&& ...) [with _Args = {const visualization_msgs::InteractiveMarkerPose_<std::allocator<void> >&}; _Tp = visualization_msgs::InteractiveMarkerPose_<std::allocator<void> >; _Alloc = std::allocator<visualization_msgs::InteractiveMarkerPose_<std::allocator<void> > >][m[K':
[01m[K/usr/include/c++/8/bits/vector.tcc:413:7:[m[K [01;36m[Knote: [m[Kparameter passing for argument of type '[01m[Kstd::vector<visualization_msgs::InteractiveMarkerPose_<std::allocator<void> >, std::allocator<visualization_msgs::InteractiveMarkerPose_<std::allocator<void> > > >::iterator[m[K' {aka '[01m[K__gnu_cxx::__normal_iterator<visualization_msgs::InteractiveMarkerPose_<std::allocator<void> >*, std::vector<visualization_msgs::InteractiveMarkerPose_<std::allocator<void> >, std::allocator<visualization_msgs::InteractiveMarkerPose_<std::allocator<void> > > > >[m[K'} changed in GCC 7.1
       [01;36m[Kvector<_Tp, _Alloc>[m[K::
       [01;36m[K^~~~~~~~~~~~~~~~~~~[m[K
[01m[K/home/pi/do_an_ws/src/interactive_markers/src/interactive_marker_server.cpp:[m[K In member function '[01m[Kvoid interactive_markers::InteractiveMarkerServer::doSetPose(boost::unordered::unordered_map<std::__cxx11::basic_string<char>, interactive_markers::InteractiveMarkerServer::UpdateContext>::iterator, const string&, const Pose&, const Header&)[m[K':
[01m[K/home/pi/do_an_ws/src/interactive_markers/src/interactive_marker_server.cpp:493:6:[m[K [01;36m[Knote: [m[Kparameter passing for argument of type '[01m[Kboost::unordered::unordered_map<std::__cxx11::basic_string<char>, interactive_markers::InteractiveMarkerServer::UpdateContext>::iterator[m[K' {aka '[01m[Kboost::unordered::iterator_detail::iterator<boost::unordered::detail::ptr_node<std::pair<const std::__cxx11::basic_string<char>, interactive_markers::InteractiveMarkerServer::UpdateContext> > >[m[K'} changed in GCC 7.1
 void [01;36m[KInteractiveMarkerServer[m[K::doSetPose( M_UpdateContext::iterator update_it, const std::string &name, const geometry_msgs::Pose &pose, const std_msgs::Header &header )
      [01;36m[K^~~~~~~~~~~~~~~~~~~~~~~[m[K
[01m[K/home/pi/do_an_ws/src/interactive_markers/src/interactive_marker_server.cpp:[m[K In member function '[01m[Kbool interactive_markers::InteractiveMarkerServer::setPose(const string&, const Pose&, const Header&)[m[K':
[01m[K/home/pi/do_an_ws/src/interactive_markers/src/interactive_marker_server.cpp:250:16:[m[K [01;36m[Knote: [m[Kparameter passing for argument of type '[01m[Kboost::unordered::unordered_map<std::__cxx11::basic_string<char>, interactive_markers::InteractiveMarkerServer::UpdateContext>::iterator[m[K' {aka '[01m[Kboost::unordered::iterator_detail::iterator<boost::unordered::detail::ptr_node<std::pair<const std::__cxx11::basic_string<char>, interactive_markers::InteractiveMarkerServer::UpdateContext> > >[m[K'} changed in GCC 7.1
       [01;36m[KdoSetPose( update_it, name, pose, marker_context_it->second.int_marker.header )[m[K;
       [01;36m[K~~~~~~~~~^~~~~~~~~~~~~~~~~~~~~~~~~~~~~~~~~~~~~~~~~~~~~~~~~~~~~~~~~~~~~~~~~~~~~~[m[K
[01m[K/home/pi/do_an_ws/src/interactive_markers/src/interactive_marker_server.cpp:254:16:[m[K [01;36m[Knote: [m[Kparameter passing for argument of type '[01m[Kboost::unordered::unordered_map<std::__cxx11::basic_string<char>, interactive_markers::InteractiveMarkerServer::UpdateContext>::iterator[m[K' {aka '[01m[Kboost::unordered::iterator_detail::iterator<boost::unordered::detail::ptr_node<std::pair<const std::__cxx11::basic_string<char>, interactive_markers::InteractiveMarkerServer::UpdateContext> > >[m[K'} changed in GCC 7.1
       [01;36m[KdoSetPose( update_it, name, pose, update_it->second.int_marker.header )[m[K;
       [01;36m[K~~~~~~~~~^~~~~~~~~~~~~~~~~~~~~~~~~~~~~~~~~~~~~~~~~~~~~~~~~~~~~~~~~~~~~~[m[K
[01m[K/home/pi/do_an_ws/src/interactive_markers/src/interactive_marker_server.cpp:264:14:[m[K [01;36m[Knote: [m[Kparameter passing for argument of type '[01m[Kboost::unordered::unordered_map<std::__cxx11::basic_string<char>, interactive_markers::InteractiveMarkerServer::UpdateContext>::iterator[m[K' {aka '[01m[Kboost::unordered::iterator_detail::iterator<boost::unordered::detail::ptr_node<std::pair<const std::__cxx11::basic_string<char>, interactive_markers::InteractiveMarkerServer::UpdateContext> > >[m[K'} changed in GCC 7.1
     [01;36m[KdoSetPose( update_it, name, pose, header )[m[K;
     [01;36m[K~~~~~~~~~^~~~~~~~~~~~~~~~~~~~~~~~~~~~~~~~~[m[K
[01m[K/home/pi/do_an_ws/src/interactive_markers/src/interactive_marker_server.cpp:[m[K In member function '[01m[Kvoid interactive_markers::InteractiveMarkerServer::processFeedback(const FeedbackConstPtr&)[m[K':
[01m[K/home/pi/do_an_ws/src/interactive_markers/src/interactive_marker_server.cpp:454:16:[m[K [01;36m[Knote: [m[Kparameter passing for argument of type '[01m[Kboost::unordered::iterator_detail::iterator<boost::unordered::detail::ptr_node<std::pair<const std::__cxx11::basic_string<char>, interactive_markers::InteractiveMarkerServer::UpdateContext> > >[m[K' changed in GCC 7.1
       [01;36m[KdoSetPose( pending_updates_.find( feedback->marker_name ), feedback->marker_name, feedback->pose, marker_context.int_marker.header )[m[K;
       [01;36m[K~~~~~~~~~^~~~~~~~~~~~~~~~~~~~~~~~~~~~~~~~~~~~~~~~~~~~~~~~~~~~~~~~~~~~~~~~~~~~~~~~~~~~~~~~~~~~~~~~~~~~~~~~~~~~~~~~~~~~~~~~~~~~~~~~~~~[m[K
[01m[K/home/pi/do_an_ws/src/interactive_markers/src/interactive_marker_server.cpp:458:16:[m[K [01;36m[Knote: [m[Kparameter passing for argument of type '[01m[Kboost::unordered::iterator_detail::iterator<boost::unordered::detail::ptr_node<std::pair<const std::__cxx11::basic_string<char>, interactive_markers::InteractiveMarkerServer::UpdateContext> > >[m[K' changed in GCC 7.1
       [01;36m[KdoSetPose( pending_updates_.find( feedback->marker_name ), feedback->marker_name, feedback->pose, feedback->header )[m[K;
       [01;36m[K~~~~~~~~~^~~~~~~~~~~~~~~~~~~~~~~~~~~~~~~~~~~~~~~~~~~~~~~~~~~~~~~~~~~~~~~~~~~~~~~~~~~~~~~~~~~~~~~~~~~~~~~~~~~~~~~~~~~[m[K
In file included from [01m[K/usr/include/c++/8/vector:63[m[K,
                 from [01m[K/home/pi/do_an_ws/devel/.private/visualization_msgs/include/visualization_msgs/InteractiveMarkerUpdate.h:10[m[K,
                 from [01m[K/home/pi/do_an_ws/src/interactive_markers/include/interactive_markers/interactive_marker_server.h:35[m[K,
                 from [01m[K/home/pi/do_an_ws/src/interactive_markers/src/interactive_marker_server.cpp:32[m[K:
[01m[K/usr/include/c++/8/bits/stl_uninitialized.h:[m[K In static member function '[01m[Kstatic _ForwardIterator std::__uninitialized_copy<_TrivialValueTypes>::__uninit_copy(_InputIterator, _InputIterator, _ForwardIterator) [with _InputIterator = __gnu_cxx::__normal_iterator<const visualization_msgs::InteractiveMarkerControl_<std::allocator<void> >*, std::vector<visualization_msgs::InteractiveMarkerControl_<std::allocator<void> >, std::allocator<visualization_msgs::InteractiveMarkerControl_<std::allocator<void> > > > >; _ForwardIterator = visualization_msgs::InteractiveMarkerControl_<std::allocator<void> >*; bool _TrivialValueTypes = false][m[K':
[01m[K/usr/include/c++/8/bits/stl_uninitialized.h:76:9:[m[K [01;36m[Knote: [m[Kparameter passing for argument of type '[01m[K__gnu_cxx::__normal_iterator<const visualization_msgs::InteractiveMarkerControl_<std::allocator<void> >*, std::vector<visualization_msgs::InteractiveMarkerControl_<std::allocator<void> >, std::allocator<visualization_msgs::InteractiveMarkerControl_<std::allocator<void> > > > >[m[K' changed in GCC 7.1
         [01;36m[K__uninit_copy[m[K(_InputIterator __first, _InputIterator __last,
         [01;36m[K^~~~~~~~~~~~~[m[K
[01m[K/usr/include/c++/8/bits/stl_uninitialized.h:76:9:[m[K [01;36m[Knote: [m[Kparameter passing for argument of type '[01m[K__gnu_cxx::__normal_iterator<const visualization_msgs::InteractiveMarkerControl_<std::allocator<void> >*, std::vector<visualization_msgs::InteractiveMarkerControl_<std::allocator<void> >, std::allocator<visualization_msgs::InteractiveMarkerControl_<std::allocator<void> > > > >[m[K' changed in GCC 7.1
[01m[K/usr/include/c++/8/bits/stl_uninitialized.h:[m[K In copy constructor '[01m[Kvisualization_msgs::InteractiveMarker_<std::allocator<void> >::InteractiveMarker_(const visualization_msgs::InteractiveMarker_<std::allocator<void> >&)[m[K':
[01m[K/usr/include/c++/8/bits/stl_uninitialized.h:134:15:[m[K [01;36m[Knote: [m[Kparameter passing for argument of type '[01m[K__gnu_cxx::__normal_iterator<const visualization_msgs::InteractiveMarkerControl_<std::allocator<void> >*, std::vector<visualization_msgs::InteractiveMarkerControl_<std::allocator<void> >, std::allocator<visualization_msgs::InteractiveMarkerControl_<std::allocator<void> > > > >[m[K' changed in GCC 7.1
       return [01;36m[Kstd::__uninitialized_copy<__is_trivial(_ValueType1)[m[K
              [01;36m[K~~~~~~~~~~~~~~~~~~~~~~~~~~~~~~~~~~~~~~~~~~~~~~~~~~~[m[K
 [01;36m[K           && __is_trivial(_ValueType2)[m[K
            [01;36m[K~~~~~~~~~~~~~~~~~~~~~~~~~~~~[m[K
 [01;36m[K           && __assignable>::[m[K
            [01;36m[K~~~~~~~~~~~~~~~~~~[m[K
 [01;36m[K __uninit_copy(__first, __last, __result)[m[K;
  [01;36m[K~~~~~~~~~~~~~^~~~~~~~~~~~~~~~~~~~~~~~~~~[m[K
In file included from [01m[K/usr/include/c++/8/vector:69[m[K,
                 from [01m[K/home/pi/do_an_ws/devel/.private/visualization_msgs/include/visualization_msgs/InteractiveMarkerUpdate.h:10[m[K,
                 from [01m[K/home/pi/do_an_ws/src/interactive_markers/include/interactive_markers/interactive_marker_server.h:35[m[K,
                 from [01m[K/home/pi/do_an_ws/src/interactive_markers/src/interactive_marker_server.cpp:32[m[K:
[01m[K/usr/include/c++/8/bits/vector.tcc:[m[K In member function '[01m[Kvoid std::vector<_Tp, _Alloc>::_M_realloc_insert(std::vector<_Tp, _Alloc>::iterator, _Args&& ...) [with _Args = {const visualization_msgs::InteractiveMarker_<std::allocator<void> >&}; _Tp = visualization_msgs::InteractiveMarker_<std::allocator<void> >; _Alloc = std::allocator<visualization_msgs::InteractiveMarker_<std::allocator<void> > >][m[K':
[01m[K/usr/include/c++/8/bits/vector.tcc:413:7:[m[K [01;36m[Knote: [m[Kparameter passing for argument of type '[01m[Kstd::vector<visualization_msgs::InteractiveMarker_<std::allocator<void> >, std::allocator<visualization_msgs::InteractiveMarker_<std::allocator<void> > > >::iterator[m[K' {aka '[01m[K__gnu_cxx::__normal_iterator<visualization_msgs::InteractiveMarker_<std::allocator<void> >*, std::vector<visualization_msgs::InteractiveMarker_<std::allocator<void> >, std::allocator<visualization_msgs::InteractiveMarker_<std::allocator<void> > > > >[m[K'} changed in GCC 7.1
       [01;36m[Kvector<_Tp, _Alloc>[m[K::
       [01;36m[K^~~~~~~~~~~~~~~~~~~[m[K
In file included from [01m[K/usr/include/c++/8/vector:64[m[K,
                 from [01m[K/home/pi/do_an_ws/devel/.private/visualization_msgs/include/visualization_msgs/InteractiveMarkerUpdate.h:10[m[K,
                 from [01m[K/home/pi/do_an_ws/src/interactive_markers/include/interactive_markers/interactive_marker_server.h:35[m[K,
                 from [01m[K/home/pi/do_an_ws/src/interactive_markers/src/interactive_marker_server.cpp:32[m[K:
[01m[K/usr/include/c++/8/bits/stl_vector.h:[m[K In member function '[01m[Kvoid interactive_markers::InteractiveMarkerServer::publishInit()[m[K':
[01m[K/usr/include/c++/8/bits/stl_vector.h:1085:4:[m[K [01;36m[Knote: [m[Kparameter passing for argument of type '[01m[K__gnu_cxx::__normal_iterator<visualization_msgs::InteractiveMarker_<std::allocator<void> >*, std::vector<visualization_msgs::InteractiveMarker_<std::allocator<void> >, std::allocator<visualization_msgs::InteractiveMarker_<std::allocator<void> > > > >[m[K' changed in GCC 7.1
    [01;36m[K_M_realloc_insert[m[K(end(), __x);
    [01;36m[K^~~~~~~~~~~~~~~~~[m[K
In file included from [01m[K/usr/include/c++/8/vector:63[m[K,
                 from [01m[K/home/pi/do_an_ws/devel/.private/visualization_msgs/include/visualization_msgs/InteractiveMarkerUpdate.h:10[m[K,
                 from [01m[K/home/pi/do_an_ws/src/interactive_markers/include/interactive_markers/interactive_marker_server.h:35[m[K,
                 from [01m[K/home/pi/do_an_ws/src/interactive_markers/src/interactive_marker_server.cpp:32[m[K:
[01m[K/usr/include/c++/8/bits/stl_uninitialized.h:[m[K In member function '[01m[Kstd::vector<_Tp, _Alloc>& std::vector<_Tp, _Alloc>::operator=(const std::vector<_Tp, _Alloc>&) [with _Tp = visualization_msgs::InteractiveMarkerControl_<std::allocator<void> >; _Alloc = std::allocator<visualization_msgs::InteractiveMarkerControl_<std::allocator<void> > >][m[K':
[01m[K/usr/include/c++/8/bits/stl_uninitialized.h:134:15:[m[K [01;36m[Knote: [m[Kparameter passing for argument of type '[01m[K__gnu_cxx::__normal_iterator<const visualization_msgs::InteractiveMarkerControl_<std::allocator<void> >*, std::vector<visualization_msgs::InteractiveMarkerControl_<std::allocator<void> >, std::allocator<visualization_msgs::InteractiveMarkerControl_<std::allocator<void> > > > >[m[K' changed in GCC 7.1
       return [01;36m[Kstd::__uninitialized_copy<__is_trivial(_ValueType1)[m[K
              [01;36m[K~~~~~~~~~~~~~~~~~~~~~~~~~~~~~~~~~~~~~~~~~~~~~~~~~~~[m[K
 [01;36m[K           && __is_trivial(_ValueType2)[m[K
            [01;36m[K~~~~~~~~~~~~~~~~~~~~~~~~~~~~[m[K
 [01;36m[K           && __assignable>::[m[K
            [01;36m[K~~~~~~~~~~~~~~~~~~[m[K
 [01;36m[K __uninit_copy(__first, __last, __result)[m[K;
  [01;36m[K~~~~~~~~~~~~~^~~~~~~~~~~~~~~~~~~~~~~~~~~[m[K
In file included from [01m[K/usr/include/c++/8/vector:64[m[K,
                 from [01m[K/home/pi/do_an_ws/devel/.private/visualization_msgs/include/visualization_msgs/InteractiveMarkerUpdate.h:10[m[K,
                 from [01m[K/home/pi/do_an_ws/src/interactive_markers/include/interactive_markers/interactive_marker_server.h:35[m[K,
                 from [01m[K/home/pi/do_an_ws/src/interactive_markers/src/interactive_marker_server.cpp:32[m[K:
[01m[K/usr/include/c++/8/bits/stl_vector.h:[m[K In member function '[01m[Kvoid interactive_markers::InteractiveMarkerServer::applyChanges()[m[K':
[01m[K/usr/include/c++/8/bits/stl_vector.h:1085:4:[m[K [01;36m[Knote: [m[Kparameter passing for argument of type '[01m[K__gnu_cxx::__normal_iterator<visualization_msgs::InteractiveMarker_<std::allocator<void> >*, std::vector<visualization_msgs::InteractiveMarker_<std::allocator<void> >, std::allocator<visualization_msgs::InteractiveMarker_<std::allocator<void> > > > >[m[K' changed in GCC 7.1
    [01;36m[K_M_realloc_insert[m[K(end(), __x);
    [01;36m[K^~~~~~~~~~~~~~~~~[m[K
[01m[K/usr/include/c++/8/bits/stl_vector.h:1085:4:[m[K [01;36m[Knote: [m[Kparameter passing for argument of type '[01m[K__gnu_cxx::__normal_iterator<visualization_msgs::InteractiveMarkerPose_<std::allocator<void> >*, std::vector<visualization_msgs::InteractiveMarkerPose_<std::allocator<void> >, std::allocator<visualization_msgs::InteractiveMarkerPose_<std::allocator<void> > > > >[m[K' changed in GCC 7.1
    [01;36m[K_M_realloc_insert[m[K(end(), __x);
    [01;36m[K^~~~~~~~~~~~~~~~~[m[K
[ 28%] [32mBuilding CXX object CMakeFiles/interactive_markers.dir/src/tools.cpp.o[0m
In file included from [01m[K/usr/include/c++/8/vector:69[m[K,
                 from [01m[K/home/pi/do_an_ws/devel/.private/visualization_msgs/include/visualization_msgs/InteractiveMarker.h:10[m[K,
                 from [01m[K/home/pi/do_an_ws/src/interactive_markers/include/interactive_markers/tools.h:33[m[K,
                 from [01m[K/home/pi/do_an_ws/src/interactive_markers/src/tools.cpp:30[m[K:
[01m[K/usr/include/c++/8/bits/vector.tcc:[m[K In member function '[01m[Kvoid std::vector<_Tp, _Alloc>::_M_realloc_insert(std::vector<_Tp, _Alloc>::iterator, _Args&& ...) [with _Args = {const visualization_msgs::Marker_<std::allocator<void> >&}; _Tp = visualization_msgs::Marker_<std::allocator<void> >; _Alloc = std::allocator<visualization_msgs::Marker_<std::allocator<void> > >][m[K':
[01m[K/usr/include/c++/8/bits/vector.tcc:413:7:[m[K [01;36m[Knote: [m[Kparameter passing for argument of type '[01m[Kstd::vector<visualization_msgs::Marker_<std::allocator<void> >, std::allocator<visualization_msgs::Marker_<std::allocator<void> > > >::iterator[m[K' {aka '[01m[K__gnu_cxx::__normal_iterator<visualization_msgs::Marker_<std::allocator<void> >*, std::vector<visualization_msgs::Marker_<std::allocator<void> >, std::allocator<visualization_msgs::Marker_<std::allocator<void> > > > >[m[K'} changed in GCC 7.1
       [01;36m[Kvector<_Tp, _Alloc>[m[K::
       [01;36m[K^~~~~~~~~~~~~~~~~~~[m[K
In file included from [01m[K/usr/include/c++/8/vector:64[m[K,
                 from [01m[K/home/pi/do_an_ws/devel/.private/visualization_msgs/include/visualization_msgs/InteractiveMarker.h:10[m[K,
                 from [01m[K/home/pi/do_an_ws/src/interactive_markers/include/interactive_markers/tools.h:33[m[K,
                 from [01m[K/home/pi/do_an_ws/src/interactive_markers/src/tools.cpp:30[m[K:
[01m[K/usr/include/c++/8/bits/stl_vector.h:[m[K In function '[01m[Kvoid interactive_markers::makeViewFacingButton(const InteractiveMarker&, visualization_msgs::InteractiveMarkerControl&, std::__cxx11::string)[m[K':
[01m[K/usr/include/c++/8/bits/stl_vector.h:1085:4:[m[K [01;36m[Knote: [m[Kparameter passing for argument of type '[01m[K__gnu_cxx::__normal_iterator<visualization_msgs::Marker_<std::allocator<void> >*, std::vector<visualization_msgs::Marker_<std::allocator<void> >, std::allocator<visualization_msgs::Marker_<std::allocator<void> > > > >[m[K' changed in GCC 7.1
    [01;36m[K_M_realloc_insert[m[K(end(), __x);
    [01;36m[K^~~~~~~~~~~~~~~~~[m[K
[01m[K/usr/include/c++/8/bits/stl_vector.h:[m[K In function '[01m[Kvoid interactive_markers::makeArrow(const InteractiveMarker&, visualization_msgs::InteractiveMarkerControl&, float)[m[K':
[01m[K/usr/include/c++/8/bits/stl_vector.h:1085:4:[m[K [01;36m[Knote: [m[Kparameter passing for argument of type '[01m[K__gnu_cxx::__normal_iterator<visualization_msgs::Marker_<std::allocator<void> >*, std::vector<visualization_msgs::Marker_<std::allocator<void> >, std::allocator<visualization_msgs::Marker_<std::allocator<void> > > > >[m[K' changed in GCC 7.1
    [01;36m[K_M_realloc_insert[m[K(end(), __x);
    [01;36m[K^~~~~~~~~~~~~~~~~[m[K
In file included from [01m[K/usr/include/c++/8/vector:69[m[K,
                 from [01m[K/home/pi/do_an_ws/devel/.private/visualization_msgs/include/visualization_msgs/InteractiveMarker.h:10[m[K,
                 from [01m[K/home/pi/do_an_ws/src/interactive_markers/include/interactive_markers/tools.h:33[m[K,
                 from [01m[K/home/pi/do_an_ws/src/interactive_markers/src/tools.cpp:30[m[K:
[01m[K/usr/include/c++/8/bits/vector.tcc:[m[K In member function '[01m[Kvoid std::vector<_Tp, _Alloc>::_M_realloc_insert(std::vector<_Tp, _Alloc>::iterator, _Args&& ...) [with _Args = {const geometry_msgs::Point_<std::allocator<void> >&}; _Tp = geometry_msgs::Point_<std::allocator<void> >; _Alloc = std::allocator<geometry_msgs::Point_<std::allocator<void> > >][m[K':
[01m[K/usr/include/c++/8/bits/vector.tcc:413:7:[m[K [01;36m[Knote: [m[Kparameter passing for argument of type '[01m[Kstd::vector<geometry_msgs::Point_<std::allocator<void> >, std::allocator<geometry_msgs::Point_<std::allocator<void> > > >::iterator[m[K' {aka '[01m[K__gnu_cxx::__normal_iterator<geometry_msgs::Point_<std::allocator<void> >*, std::vector<geometry_msgs::Point_<std::allocator<void> >, std::allocator<geometry_msgs::Point_<std::allocator<void> > > > >[m[K'} changed in GCC 7.1
       [01;36m[Kvector<_Tp, _Alloc>[m[K::
       [01;36m[K^~~~~~~~~~~~~~~~~~~[m[K
In file included from [01m[K/usr/include/c++/8/vector:64[m[K,
                 from [01m[K/home/pi/do_an_ws/devel/.private/visualization_msgs/include/visualization_msgs/InteractiveMarker.h:10[m[K,
                 from [01m[K/home/pi/do_an_ws/src/interactive_markers/include/interactive_markers/tools.h:33[m[K,
                 from [01m[K/home/pi/do_an_ws/src/interactive_markers/src/tools.cpp:30[m[K:
[01m[K/usr/include/c++/8/bits/stl_vector.h:[m[K In function '[01m[Kvoid interactive_markers::makeDisc(const InteractiveMarker&, visualization_msgs::InteractiveMarkerControl&, float)[m[K':
[01m[K/usr/include/c++/8/bits/stl_vector.h:1085:4:[m[K [01;36m[Knote: [m[Kparameter passing for argument of type '[01m[K__gnu_cxx::__normal_iterator<geometry_msgs::Point_<std::allocator<void> >*, std::vector<geometry_msgs::Point_<std::allocator<void> >, std::allocator<geometry_msgs::Point_<std::allocator<void> > > > >[m[K' changed in GCC 7.1
    [01;36m[K_M_realloc_insert[m[K(end(), __x);
    [01;36m[K^~~~~~~~~~~~~~~~~[m[K
[01m[K/usr/include/c++/8/bits/stl_vector.h:1085:4:[m[K [01;36m[Knote: [m[Kparameter passing for argument of type '[01m[K__gnu_cxx::__normal_iterator<geometry_msgs::Point_<std::allocator<void> >*, std::vector<geometry_msgs::Point_<std::allocator<void> >, std::allocator<geometry_msgs::Point_<std::allocator<void> > > > >[m[K' changed in GCC 7.1
    [01;36m[K_M_realloc_insert[m[K(end(), __x);
    [01;36m[K^~~~~~~~~~~~~~~~~[m[K
[01m[K/usr/include/c++/8/bits/stl_vector.h:1085:4:[m[K [01;36m[Knote: [m[Kparameter passing for argument of type '[01m[K__gnu_cxx::__normal_iterator<visualization_msgs::Marker_<std::allocator<void> >*, std::vector<visualization_msgs::Marker_<std::allocator<void> >, std::allocator<visualization_msgs::Marker_<std::allocator<void> > > > >[m[K' changed in GCC 7.1
    [01;36m[K_M_realloc_insert[m[K(end(), __x);
    [01;36m[K^~~~~~~~~~~~~~~~~[m[K
[01m[K/usr/include/c++/8/bits/stl_vector.h:[m[K In function '[01m[Kvisualization_msgs::InteractiveMarkerControl interactive_markers::makeTitle(const InteractiveMarker&)[m[K':
[01m[K/usr/include/c++/8/bits/stl_vector.h:1085:4:[m[K [01;36m[Knote: [m[Kparameter passing for argument of type '[01m[K__gnu_cxx::__normal_iterator<visualization_msgs::Marker_<std::allocator<void> >*, std::vector<visualization_msgs::Marker_<std::allocator<void> >, std::allocator<visualization_msgs::Marker_<std::allocator<void> > > > >[m[K' changed in GCC 7.1
    [01;36m[K_M_realloc_insert[m[K(end(), __x);
    [01;36m[K^~~~~~~~~~~~~~~~~[m[K
[ 42%] [32mBuilding CXX object CMakeFiles/interactive_markers.dir/src/menu_handler.cpp.o[0m
[ 57%] [32mBuilding CXX object CMakeFiles/interactive_markers.dir/src/interactive_marker_client.cpp.o[0m
[ 71%] [32mBuilding CXX object CMakeFiles/interactive_markers.dir/src/single_client.cpp.o[0m
[ 85%] [32mBuilding CXX object CMakeFiles/interactive_markers.dir/src/message_context.cpp.o[0m
In file included from [01m[K/usr/include/c++/8/vector:63[m[K,
                 from [01m[K/usr/include/boost/math/special_functions/math_fwd.hpp:26[m[K,
                 from [01m[K/usr/include/boost/math/special_functions/round.hpp:15[m[K,
                 from [01m[K/opt/ros/noetic/include/ros/time.h:58[m[K,
                 from [01m[K/home/pi/do_an_ws/src/geometry2/tf2/include/tf2/transform_storage.h:39[m[K,
                 from [01m[K/home/pi/do_an_ws/src/geometry2/tf2/include/tf2/buffer_core.h:35[m[K,
                 from [01m[K/home/pi/do_an_ws/src/geometry2/tf2_ros/include/tf2_ros/buffer_interface.h:35[m[K,
                 from [01m[K/home/pi/do_an_ws/src/geometry2/tf2_ros/include/tf2_ros/buffer.h:35[m[K,
                 from [01m[K/home/pi/do_an_ws/src/interactive_markers/include/interactive_markers/detail/message_context.h:40[m[K,
                 from [01m[K/home/pi/do_an_ws/src/interactive_markers/src/message_context.cpp:32[m[K:
[01m[K/usr/include/c++/8/bits/stl_uninitialized.h:[m[K In static member function '[01m[Kstatic _ForwardIterator std::__uninitialized_copy<_TrivialValueTypes>::__uninit_copy(_InputIterator, _InputIterator, _ForwardIterator) [with _InputIterator = __gnu_cxx::__normal_iterator<const visualization_msgs::InteractiveMarker_<std::allocator<void> >*, std::vector<visualization_msgs::InteractiveMarker_<std::allocator<void> > > >; _ForwardIterator = visualization_msgs::InteractiveMarker_<std::allocator<void> >*; bool _TrivialValueTypes = false][m[K':
[01m[K/usr/include/c++/8/bits/stl_uninitialized.h:76:9:[m[K [01;36m[Knote: [m[Kparameter passing for argument of type '[01m[K__gnu_cxx::__normal_iterator<const visualization_msgs::InteractiveMarker_<std::allocator<void> >*, std::vector<visualization_msgs::InteractiveMarker_<std::allocator<void> > > >[m[K' changed in GCC 7.1
         [01;36m[K__uninit_copy[m[K(_InputIterator __first, _InputIterator __last,
         [01;36m[K^~~~~~~~~~~~~[m[K
[01m[K/usr/include/c++/8/bits/stl_uninitialized.h:76:9:[m[K [01;36m[Knote: [m[Kparameter passing for argument of type '[01m[K__gnu_cxx::__normal_iterator<const visualization_msgs::InteractiveMarker_<std::allocator<void> >*, std::vector<visualization_msgs::InteractiveMarker_<std::allocator<void> > > >[m[K' changed in GCC 7.1
[01m[K/usr/include/c++/8/bits/stl_uninitialized.h:[m[K In function '[01m[Ktypename boost::detail::sp_if_not_array<T>::type boost::make_shared(Args&& ...) [with T = visualization_msgs::InteractiveMarkerInit_<std::allocator<void> >; Args = {const visualization_msgs::InteractiveMarkerInit_<std::allocator<void> >&}][m[K':
[01m[K/usr/include/c++/8/bits/stl_uninitialized.h:134:15:[m[K [01;36m[Knote: [m[Kparameter passing for argument of type '[01m[K__gnu_cxx::__normal_iterator<const visualization_msgs::InteractiveMarker_<std::allocator<void> >*, std::vector<visualization_msgs::InteractiveMarker_<std::allocator<void> > > >[m[K' changed in GCC 7.1
       return [01;36m[Kstd::__uninitialized_copy<__is_trivial(_ValueType1)[m[K
              [01;36m[K~~~~~~~~~~~~~~~~~~~~~~~~~~~~~~~~~~~~~~~~~~~~~~~~~~~[m[K
 [01;36m[K           && __is_trivial(_ValueType2)[m[K
            [01;36m[K~~~~~~~~~~~~~~~~~~~~~~~~~~~~[m[K
 [01;36m[K           && __assignable>::[m[K
            [01;36m[K~~~~~~~~~~~~~~~~~~[m[K
 [01;36m[K __uninit_copy(__first, __last, __result)[m[K;
  [01;36m[K~~~~~~~~~~~~~^~~~~~~~~~~~~~~~~~~~~~~~~~~[m[K
[01m[K/usr/include/c++/8/bits/stl_uninitialized.h:[m[K In function '[01m[Ktypename boost::detail::sp_if_not_array<T>::type boost::make_shared(Args&& ...) [with T = visualization_msgs::InteractiveMarkerUpdate_<std::allocator<void> >; Args = {const visualization_msgs::InteractiveMarkerUpdate_<std::allocator<void> >&}][m[K':
[01m[K/usr/include/c++/8/bits/stl_uninitialized.h:134:15:[m[K [01;36m[Knote: [m[Kparameter passing for argument of type '[01m[K__gnu_cxx::__normal_iterator<const visualization_msgs::InteractiveMarker_<std::allocator<void> >*, std::vector<visualization_msgs::InteractiveMarker_<std::allocator<void> > > >[m[K' changed in GCC 7.1
       return [01;36m[Kstd::__uninitialized_copy<__is_trivial(_ValueType1)[m[K
              [01;36m[K~~~~~~~~~~~~~~~~~~~~~~~~~~~~~~~~~~~~~~~~~~~~~~~~~~~[m[K
 [01;36m[K           && __is_trivial(_ValueType2)[m[K
            [01;36m[K~~~~~~~~~~~~~~~~~~~~~~~~~~~~[m[K
 [01;36m[K           && __assignable>::[m[K
            [01;36m[K~~~~~~~~~~~~~~~~~~[m[K
 [01;36m[K __uninit_copy(__first, __last, __result)[m[K;
  [01;36m[K~~~~~~~~~~~~~^~~~~~~~~~~~~~~~~~~~~~~~~~~[m[K
[100%] [32m[1mLinking CXX shared library /home/pi/do_an_ws/devel/.private/interactive_markers/lib/libinteractive_markers.so[0m
[100%] Built target interactive_markers
