In file included from [01m[K/usr/include/c++/8/vector:69[m[K,
                 from [01m[K/usr/include/boost/math/special_functions/math_fwd.hpp:26[m[K,
                 from [01m[K/usr/include/boost/math/special_functions/round.hpp:15[m[K,
                 from [01m[K/opt/ros/noetic/include/ros/time.h:58[m[K,
                 from [01m[K/opt/ros/noetic/include/ros/ros.h:38[m[K,
                 from [01m[K/home/pi/do_an_ws/src/geometry/tf/src/transform_broadcaster.cpp:34[m[K:
[01m[K/usr/include/c++/8/bits/vector.tcc:[m[K In member function '[01m[Kvoid std::vector<_Tp, _Alloc>::_M_realloc_insert(std::vector<_Tp, _Alloc>::iterator, _Args&& ...) [with _Args = {const geometry_msgs::TransformStamped_<std::allocator<void> >&}; _Tp = geometry_msgs::TransformStamped_<std::allocator<void> >; _Alloc = std::allocator<geometry_msgs::TransformStamped_<std::allocator<void> > >][m[K':
[01m[K/usr/include/c++/8/bits/vector.tcc:413:7:[m[K [01;36m[Knote: [m[Kparameter passing for argument of type '[01m[Kstd::vector<geometry_msgs::TransformStamped_<std::allocator<void> > >::iterator[m[K' {aka '[01m[K__gnu_cxx::__normal_iterator<geometry_msgs::TransformStamped_<std::allocator<void> >*, std::vector<geometry_msgs::TransformStamped_<std::allocator<void> > > >[m[K'} changed in GCC 7.1
       [01;36m[Kvector<_Tp, _Alloc>[m[K::
       [01;36m[K^~~~~~~~~~~~~~~~~~~[m[K
In file included from [01m[K/usr/include/c++/8/vector:64[m[K,
                 from [01m[K/usr/include/boost/math/special_functions/math_fwd.hpp:26[m[K,
                 from [01m[K/usr/include/boost/math/special_functions/round.hpp:15[m[K,
                 from [01m[K/opt/ros/noetic/include/ros/time.h:58[m[K,
                 from [01m[K/opt/ros/noetic/include/ros/ros.h:38[m[K,
                 from [01m[K/home/pi/do_an_ws/src/geometry/tf/src/transform_broadcaster.cpp:34[m[K:
[01m[K/usr/include/c++/8/bits/stl_vector.h:[m[K In member function '[01m[Kvoid tf::TransformBroadcaster::sendTransform(const std::vector<tf::StampedTransform>&)[m[K':
[01m[K/usr/include/c++/8/bits/stl_vector.h:1085:4:[m[K [01;36m[Knote: [m[Kparameter passing for argument of type '[01m[K__gnu_cxx::__normal_iterator<geometry_msgs::TransformStamped_<std::allocator<void> >*, std::vector<geometry_msgs::TransformStamped_<std::allocator<void> > > >[m[K' changed in GCC 7.1
    [01;36m[K_M_realloc_insert[m[K(end(), __x);
    [01;36m[K^~~~~~~~~~~~~~~~~[m[K
In file included from [01m[K/usr/include/c++/8/vector:69[m[K,
                 from [01m[K/usr/include/boost/math/special_functions/math_fwd.hpp:26[m[K,
                 from [01m[K/usr/include/boost/math/special_functions/round.hpp:15[m[K,
                 from [01m[K/opt/ros/noetic/include/ros/time.h:58[m[K,
                 from [01m[K/opt/ros/noetic/include/ros/ros.h:38[m[K,
                 from [01m[K/home/pi/do_an_ws/src/geometry/tf/src/change_notifier.cpp:32[m[K:
[01m[K/usr/include/c++/8/bits/vector.tcc:[m[K In member function '[01m[Kvoid std::vector<_Tp, _Alloc>::_M_realloc_insert(std::vector<_Tp, _Alloc>::iterator, _Args&& ...) [with _Args = {const geometry_msgs::TransformStamped_<std::allocator<void> >&}; _Tp = geometry_msgs::TransformStamped_<std::allocator<void> >; _Alloc = std::allocator<geometry_msgs::TransformStamped_<std::allocator<void> > >][m[K':
[01m[K/usr/include/c++/8/bits/vector.tcc:413:7:[m[K [01;36m[Knote: [m[Kparameter passing for argument of type '[01m[Kstd::vector<geometry_msgs::TransformStamped_<std::allocator<void> >, std::allocator<geometry_msgs::TransformStamped_<std::allocator<void> > > >::iterator[m[K' {aka '[01m[K__gnu_cxx::__normal_iterator<geometry_msgs::TransformStamped_<std::allocator<void> >*, std::vector<geometry_msgs::TransformStamped_<std::allocator<void> >, std::allocator<geometry_msgs::TransformStamped_<std::allocator<void> > > > >[m[K'} changed in GCC 7.1
       [01;36m[Kvector<_Tp, _Alloc>[m[K::
       [01;36m[K^~~~~~~~~~~~~~~~~~~[m[K
[01m[K/usr/include/c++/8/bits/vector.tcc:[m[K In member function '[01m[Kvoid std::vector<_Tp, _Alloc>::_M_realloc_insert(std::vector<_Tp, _Alloc>::iterator, _Args&& ...) [with _Args = {FramePair}; _Tp = FramePair; _Alloc = std::allocator<FramePair>][m[K':
[01m[K/usr/include/c++/8/bits/vector.tcc:413:7:[m[K [01;36m[Knote: [m[Kparameter passing for argument of type '[01m[Kstd::vector<FramePair>::iterator[m[K' {aka '[01m[K__gnu_cxx::__normal_iterator<FramePair*, std::vector<FramePair> >[m[K'} changed in GCC 7.1
[01m[K/usr/include/c++/8/bits/vector.tcc:[m[K In member function '[01m[Kvoid std::vector<_Tp, _Alloc>::emplace_back(_Args&& ...) [with _Args = {FramePair}; _Tp = FramePair; _Alloc = std::allocator<FramePair>][m[K':
[01m[K/usr/include/c++/8/bits/vector.tcc:109:4:[m[K [01;36m[Knote: [m[Kparameter passing for argument of type '[01m[K__gnu_cxx::__normal_iterator<FramePair*, std::vector<FramePair> >[m[K' changed in GCC 7.1
    [01;36m[K_M_realloc_insert[m[K(end(), std::forward<_Args>(__args)...);
    [01;36m[K^~~~~~~~~~~~~~~~~[m[K
In file included from [01m[K/usr/include/c++/8/vector:64[m[K,
                 from [01m[K/usr/include/boost/math/special_functions/math_fwd.hpp:26[m[K,
                 from [01m[K/usr/include/boost/math/special_functions/round.hpp:15[m[K,
                 from [01m[K/opt/ros/noetic/include/ros/time.h:58[m[K,
                 from [01m[K/opt/ros/noetic/include/ros/ros.h:38[m[K,
                 from [01m[K/home/pi/do_an_ws/src/geometry/tf/src/change_notifier.cpp:32[m[K:
[01m[K/usr/include/c++/8/bits/stl_vector.h:[m[K In function '[01m[Kint main(int, char**)[m[K':
[01m[K/usr/include/c++/8/bits/stl_vector.h:1085:4:[m[K [01;36m[Knote: [m[Kparameter passing for argument of type '[01m[K__gnu_cxx::__normal_iterator<geometry_msgs::TransformStamped_<std::allocator<void> >*, std::vector<geometry_msgs::TransformStamped_<std::allocator<void> >, std::allocator<geometry_msgs::TransformStamped_<std::allocator<void> > > > >[m[K' changed in GCC 7.1
    [01;36m[K_M_realloc_insert[m[K(end(), __x);
    [01;36m[K^~~~~~~~~~~~~~~~~[m[K
In file included from [01m[K/usr/include/c++/8/vector:69[m[K,
                 from [01m[K/home/pi/do_an_ws/src/geometry/tf/include/tf/tf.h:38[m[K,
                 from [01m[K/home/pi/do_an_ws/src/geometry/tf/src/tf_monitor.cpp:35[m[K:
[01m[K/usr/include/c++/8/bits/vector.tcc:[m[K In member function '[01m[Kvoid std::vector<_Tp, _Alloc>::_M_realloc_insert(std::vector<_Tp, _Alloc>::iterator, _Args&& ...) [with _Args = {const double&}; _Tp = double; _Alloc = std::allocator<double>][m[K':
[01m[K/usr/include/c++/8/bits/vector.tcc:413:7:[m[K [01;36m[Knote: [m[Kparameter passing for argument of type '[01m[Kstd::vector<double>::iterator[m[K' {aka '[01m[K__gnu_cxx::__normal_iterator<double*, std::vector<double> >[m[K'} changed in GCC 7.1
       [01;36m[Kvector<_Tp, _Alloc>[m[K::
       [01;36m[K^~~~~~~~~~~~~~~~~~~[m[K
[01m[K/usr/include/c++/8/bits/vector.tcc:[m[K In member function '[01m[Kstd::vector<_Tp, _Alloc>::iterator std::vector<_Tp, _Alloc>::_M_erase(std::vector<_Tp, _Alloc>::iterator) [with _Tp = double; _Alloc = std::allocator<double>][m[K':
[01m[K/usr/include/c++/8/bits/vector.tcc:159:5:[m[K [01;36m[Knote: [m[Kparameter passing for argument of type '[01m[Kstd::vector<double>::iterator[m[K' {aka '[01m[K__gnu_cxx::__normal_iterator<double*, std::vector<double> >[m[K'} changed in GCC 7.1
     [01;36m[Kvector<_Tp, _Alloc>[m[K::
     [01;36m[K^~~~~~~~~~~~~~~~~~~[m[K
[01m[K/usr/include/c++/8/bits/vector.tcc:[m[K In member function '[01m[Kvoid std::vector<_Tp, _Alloc>::_M_realloc_insert(std::vector<_Tp, _Alloc>::iterator, _Args&& ...) [with _Args = {double}; _Tp = double; _Alloc = std::allocator<double>][m[K':
[01m[K/usr/include/c++/8/bits/vector.tcc:413:7:[m[K [01;36m[Knote: [m[Kparameter passing for argument of type '[01m[Kstd::vector<double>::iterator[m[K' {aka '[01m[K__gnu_cxx::__normal_iterator<double*, std::vector<double> >[m[K'} changed in GCC 7.1
       [01;36m[Kvector<_Tp, _Alloc>[m[K::
       [01;36m[K^~~~~~~~~~~~~~~~~~~[m[K
In file included from [01m[K/usr/include/c++/8/vector:64[m[K,
                 from [01m[K/home/pi/do_an_ws/src/geometry/tf/include/tf/tf.h:38[m[K,
                 from [01m[K/home/pi/do_an_ws/src/geometry/tf/src/tf_monitor.cpp:35[m[K:
[01m[K/usr/include/c++/8/bits/stl_vector.h:[m[K In member function '[01m[Kvoid TFMonitor::process_callback(const tfMessage&, const string&, bool)[m[K':
[01m[K/usr/include/c++/8/bits/stl_vector.h:1085:4:[m[K [01;36m[Knote: [m[Kparameter passing for argument of type '[01m[K__gnu_cxx::__normal_iterator<double*, std::vector<double> >[m[K' changed in GCC 7.1
    [01;36m[K_M_realloc_insert[m[K(end(), __x);
    [01;36m[K^~~~~~~~~~~~~~~~~[m[K
[01m[K/usr/include/c++/8/bits/stl_vector.h:1085:4:[m[K [01;36m[Knote: [m[Kparameter passing for argument of type '[01m[K__gnu_cxx::__normal_iterator<double*, std::vector<double> >[m[K' changed in GCC 7.1
    [01;36m[K_M_realloc_insert[m[K(end(), __x);
    [01;36m[K^~~~~~~~~~~~~~~~~[m[K
[01m[K/usr/include/c++/8/bits/stl_vector.h:1318:58:[m[K [01;36m[Knote: [m[Kparameter passing for argument of type '[01m[K__gnu_cxx::__normal_iterator<double*, std::vector<double> >[m[K' changed in GCC 7.1
       { return _M_erase(begin() + (__position - cbegin())[01;36m[K)[m[K; }
                                                          [01;36m[K^[m[K
In file included from [01m[K/usr/include/c++/8/vector:69[m[K,
                 from [01m[K/home/pi/do_an_ws/src/geometry/tf/include/tf/tf.h:38[m[K,
                 from [01m[K/home/pi/do_an_ws/src/geometry/tf/src/tf_monitor.cpp:35[m[K:
[01m[K/usr/include/c++/8/bits/vector.tcc:109:4:[m[K [01;36m[Knote: [m[Kparameter passing for argument of type '[01m[K__gnu_cxx::__normal_iterator<double*, std::vector<double> >[m[K' changed in GCC 7.1
    [01;36m[K_M_realloc_insert[m[K(end(), std::forward<_Args>(__args)...);
    [01;36m[K^~~~~~~~~~~~~~~~~[m[K
In file included from [01m[K/usr/include/c++/8/vector:64[m[K,
                 from [01m[K/home/pi/do_an_ws/src/geometry/tf/include/tf/tf.h:38[m[K,
                 from [01m[K/home/pi/do_an_ws/src/geometry/tf/src/tf_monitor.cpp:35[m[K:
[01m[K/usr/include/c++/8/bits/stl_vector.h:1318:58:[m[K [01;36m[Knote: [m[Kparameter passing for argument of type '[01m[K__gnu_cxx::__normal_iterator<double*, std::vector<double> >[m[K' changed in GCC 7.1
       { return _M_erase(begin() + (__position - cbegin())[01;36m[K)[m[K; }
                                                          [01;36m[K^[m[K
In file included from [01m[K/usr/include/c++/8/vector:69[m[K,
                 from [01m[K/home/pi/do_an_ws/src/geometry/tf/include/tf/tf.h:38[m[K,
                 from [01m[K/home/pi/do_an_ws/src/geometry/tf/include/tf/transform_broadcaster.h:36[m[K,
                 from [01m[K/home/pi/do_an_ws/src/geometry/tf/test/testBroadcaster.cpp:30[m[K:
[01m[K/usr/include/c++/8/bits/vector.tcc:[m[K In member function '[01m[Kvoid std::vector<_Tp, _Alloc>::_M_realloc_insert(std::vector<_Tp, _Alloc>::iterator, _Args&& ...) [with _Args = {tf::StampedTransform}; _Tp = tf::StampedTransform; _Alloc = std::allocator<tf::StampedTransform>][m[K':
[01m[K/usr/include/c++/8/bits/vector.tcc:413:7:[m[K [01;36m[Knote: [m[Kparameter passing for argument of type '[01m[Kstd::vector<tf::StampedTransform>::iterator[m[K' {aka '[01m[K__gnu_cxx::__normal_iterator<tf::StampedTransform*, std::vector<tf::StampedTransform> >[m[K'} changed in GCC 7.1
       [01;36m[Kvector<_Tp, _Alloc>[m[K::
       [01;36m[K^~~~~~~~~~~~~~~~~~~[m[K
[01m[K/usr/include/c++/8/bits/vector.tcc:[m[K In member function '[01m[Kvoid std::vector<_Tp, _Alloc>::emplace_back(_Args&& ...) [with _Args = {tf::StampedTransform}; _Tp = tf::StampedTransform; _Alloc = std::allocator<tf::StampedTransform>][m[K':
[01m[K/usr/include/c++/8/bits/vector.tcc:109:4:[m[K [01;36m[Knote: [m[Kparameter passing for argument of type '[01m[K__gnu_cxx::__normal_iterator<tf::StampedTransform*, std::vector<tf::StampedTransform> >[m[K' changed in GCC 7.1
    [01;36m[K_M_realloc_insert[m[K(end(), std::forward<_Args>(__args)...);
    [01;36m[K^~~~~~~~~~~~~~~~~[m[K
