Linked: (/home/pi/do_an_ws/devel/.private/tf/lib/libtf.so, /home/pi/do_an_ws/devel/lib/libtf.so)
Linked: (/home/pi/do_an_ws/devel/.private/tf/lib/python3/dist-packages/tf/__init__.py, /home/pi/do_an_ws/devel/lib/python3/dist-packages/tf/__init__.py)
Linked: (/home/pi/do_an_ws/devel/.private/tf/lib/python3/dist-packages/tf/msg/__init__.py, /home/pi/do_an_ws/devel/lib/python3/dist-packages/tf/msg/__init__.py)
Linked: (/home/pi/do_an_ws/devel/.private/tf/lib/python3/dist-packages/tf/msg/_tfMessage.py, /home/pi/do_an_ws/devel/lib/python3/dist-packages/tf/msg/_tfMessage.py)
Linked: (/home/pi/do_an_ws/devel/.private/tf/lib/python3/dist-packages/tf/srv/_FrameGraph.py, /home/pi/do_an_ws/devel/lib/python3/dist-packages/tf/srv/_FrameGraph.py)
Linked: (/home/pi/do_an_ws/devel/.private/tf/lib/python3/dist-packages/tf/srv/__init__.py, /home/pi/do_an_ws/devel/lib/python3/dist-packages/tf/srv/__init__.py)
Linked: (/home/pi/do_an_ws/devel/.private/tf/lib/tf/testListener, /home/pi/do_an_ws/devel/lib/tf/testListener)
Linked: (/home/pi/do_an_ws/devel/.private/tf/lib/tf/tf_remap, /home/pi/do_an_ws/devel/lib/tf/tf_remap)
Linked: (/home/pi/do_an_ws/devel/.private/tf/lib/tf/cmake.lock, /home/pi/do_an_ws/devel/lib/tf/cmake.lock)
Linked: (/home/pi/do_an_ws/devel/.private/tf/lib/tf/view_frames, /home/pi/do_an_ws/devel/lib/tf/view_frames)
Linked: (/home/pi/do_an_ws/devel/.private/tf/lib/tf/testBroadcaster, /home/pi/do_an_ws/devel/lib/tf/testBroadcaster)
Linked: (/home/pi/do_an_ws/devel/.private/tf/lib/tf/tf_change_notifier, /home/pi/do_an_ws/devel/lib/tf/tf_change_notifier)
Linked: (/home/pi/do_an_ws/devel/.private/tf/lib/tf/static_transform_publisher, /home/pi/do_an_ws/devel/lib/tf/static_transform_publisher)
Linked: (/home/pi/do_an_ws/devel/.private/tf/lib/tf/tf_echo, /home/pi/do_an_ws/devel/lib/tf/tf_echo)
Linked: (/home/pi/do_an_ws/devel/.private/tf/lib/tf/transform_listener_unittest, /home/pi/do_an_ws/devel/lib/tf/transform_listener_unittest)
Linked: (/home/pi/do_an_ws/devel/.private/tf/lib/tf/tf_empty_listener, /home/pi/do_an_ws/devel/lib/tf/tf_empty_listener)
Linked: (/home/pi/do_an_ws/devel/.private/tf/lib/tf/tf_monitor, /home/pi/do_an_ws/devel/lib/tf/tf_monitor)
Linked: (/home/pi/do_an_ws/devel/.private/tf/lib/tf/bullet_migration_sed.py, /home/pi/do_an_ws/devel/lib/tf/bullet_migration_sed.py)
Linked: (/home/pi/do_an_ws/devel/.private/tf/lib/pkgconfig/tf.pc, /home/pi/do_an_ws/devel/lib/pkgconfig/tf.pc)
Linked: (/home/pi/do_an_ws/devel/.private/tf/share/tf/cmake/tf-msg-extras.cmake, /home/pi/do_an_ws/devel/share/tf/cmake/tf-msg-extras.cmake)
Linked: (/home/pi/do_an_ws/devel/.private/tf/share/tf/cmake/tfConfig-version.cmake, /home/pi/do_an_ws/devel/share/tf/cmake/tfConfig-version.cmake)
Linked: (/home/pi/do_an_ws/devel/.private/tf/share/tf/cmake/tf-msg-paths.cmake, /home/pi/do_an_ws/devel/share/tf/cmake/tf-msg-paths.cmake)
Linked: (/home/pi/do_an_ws/devel/.private/tf/share/tf/cmake/tfConfig.cmake, /home/pi/do_an_ws/devel/share/tf/cmake/tfConfig.cmake)
Linked: (/home/pi/do_an_ws/devel/.private/tf/share/gennodejs/ros/tf/_index.js, /home/pi/do_an_ws/devel/share/gennodejs/ros/tf/_index.js)
Linked: (/home/pi/do_an_ws/devel/.private/tf/share/gennodejs/ros/tf/msg/tfMessage.js, /home/pi/do_an_ws/devel/share/gennodejs/ros/tf/msg/tfMessage.js)
Linked: (/home/pi/do_an_ws/devel/.private/tf/share/gennodejs/ros/tf/msg/_index.js, /home/pi/do_an_ws/devel/share/gennodejs/ros/tf/msg/_index.js)
Linked: (/home/pi/do_an_ws/devel/.private/tf/share/gennodejs/ros/tf/srv/FrameGraph.js, /home/pi/do_an_ws/devel/share/gennodejs/ros/tf/srv/FrameGraph.js)
Linked: (/home/pi/do_an_ws/devel/.private/tf/share/gennodejs/ros/tf/srv/_index.js, /home/pi/do_an_ws/devel/share/gennodejs/ros/tf/srv/_index.js)
Linked: (/home/pi/do_an_ws/devel/.private/tf/share/roseus/ros/tf/manifest.l, /home/pi/do_an_ws/devel/share/roseus/ros/tf/manifest.l)
Linked: (/home/pi/do_an_ws/devel/.private/tf/share/roseus/ros/tf/msg/tfMessage.l, /home/pi/do_an_ws/devel/share/roseus/ros/tf/msg/tfMessage.l)
Linked: (/home/pi/do_an_ws/devel/.private/tf/share/roseus/ros/tf/srv/FrameGraph.l, /home/pi/do_an_ws/devel/share/roseus/ros/tf/srv/FrameGraph.l)
Linked: (/home/pi/do_an_ws/devel/.private/tf/share/common-lisp/ros/tf/msg/tf-msg.asd, /home/pi/do_an_ws/devel/share/common-lisp/ros/tf/msg/tf-msg.asd)
Linked: (/home/pi/do_an_ws/devel/.private/tf/share/common-lisp/ros/tf/msg/_package.lisp, /home/pi/do_an_ws/devel/share/common-lisp/ros/tf/msg/_package.lisp)
Linked: (/home/pi/do_an_ws/devel/.private/tf/share/common-lisp/ros/tf/msg/_package_tfMessage.lisp, /home/pi/do_an_ws/devel/share/common-lisp/ros/tf/msg/_package_tfMessage.lisp)
Linked: (/home/pi/do_an_ws/devel/.private/tf/share/common-lisp/ros/tf/msg/tfMessage.lisp, /home/pi/do_an_ws/devel/share/common-lisp/ros/tf/msg/tfMessage.lisp)
Linked: (/home/pi/do_an_ws/devel/.private/tf/share/common-lisp/ros/tf/srv/FrameGraph.lisp, /home/pi/do_an_ws/devel/share/common-lisp/ros/tf/srv/FrameGraph.lisp)
Linked: (/home/pi/do_an_ws/devel/.private/tf/share/common-lisp/ros/tf/srv/_package_FrameGraph.lisp, /home/pi/do_an_ws/devel/share/common-lisp/ros/tf/srv/_package_FrameGraph.lisp)
Linked: (/home/pi/do_an_ws/devel/.private/tf/share/common-lisp/ros/tf/srv/_package.lisp, /home/pi/do_an_ws/devel/share/common-lisp/ros/tf/srv/_package.lisp)
Linked: (/home/pi/do_an_ws/devel/.private/tf/share/common-lisp/ros/tf/srv/tf-srv.asd, /home/pi/do_an_ws/devel/share/common-lisp/ros/tf/srv/tf-srv.asd)
Linked: (/home/pi/do_an_ws/devel/.private/tf/bin/tf_remap, /home/pi/do_an_ws/devel/bin/tf_remap)
Linked: (/home/pi/do_an_ws/devel/.private/tf/bin/view_frames, /home/pi/do_an_ws/devel/bin/view_frames)
Linked: (/home/pi/do_an_ws/devel/.private/tf/include/tf/tfMessage.h, /home/pi/do_an_ws/devel/include/tf/tfMessage.h)
Linked: (/home/pi/do_an_ws/devel/.private/tf/include/tf/FrameGraphRequest.h, /home/pi/do_an_ws/devel/include/tf/FrameGraphRequest.h)
Linked: (/home/pi/do_an_ws/devel/.private/tf/include/tf/FrameGraphResponse.h, /home/pi/do_an_ws/devel/include/tf/FrameGraphResponse.h)
Linked: (/home/pi/do_an_ws/devel/.private/tf/include/tf/FrameGraph.h, /home/pi/do_an_ws/devel/include/tf/FrameGraph.h)
