Symlinking /home/pi/do_an_ws/devel/lib/mpu6050/mpu6050_node
Symlinking /home/pi/do_an_ws/devel/lib/python3/dist-packages/mpu6050/__init__.py
Symlinking /home/pi/do_an_ws/devel/lib/python3/dist-packages/mpu6050/srv/__init__.py
Symlinking /home/pi/do_an_ws/devel/lib/python3/dist-packages/mpu6050/srv/_ResetIMU.py
Symlinking /home/pi/do_an_ws/devel/lib/pkgconfig/mpu6050.pc
Symlinking /home/pi/do_an_ws/devel/share/mpu6050/cmake/mpu6050-msg-paths.cmake
Symlinking /home/pi/do_an_ws/devel/share/mpu6050/cmake/mpu6050Config.cmake
Symlinking /home/pi/do_an_ws/devel/share/mpu6050/cmake/mpu6050Config-version.cmake
Symlinking /home/pi/do_an_ws/devel/share/mpu6050/cmake/mpu6050-msg-extras.cmake
Symlinking /home/pi/do_an_ws/devel/share/gennodejs/ros/mpu6050/_index.js
Symlinking /home/pi/do_an_ws/devel/share/gennodejs/ros/mpu6050/srv/ResetIMU.js
Symlinking /home/pi/do_an_ws/devel/share/gennodejs/ros/mpu6050/srv/_index.js
Symlinking /home/pi/do_an_ws/devel/share/roseus/ros/mpu6050/manifest.l
Symlinking /home/pi/do_an_ws/devel/share/roseus/ros/mpu6050/srv/ResetIMU.l
Symlinking /home/pi/do_an_ws/devel/share/common-lisp/ros/mpu6050/srv/_package_ResetIMU.lisp
Symlinking /home/pi/do_an_ws/devel/share/common-lisp/ros/mpu6050/srv/_package.lisp
Symlinking /home/pi/do_an_ws/devel/share/common-lisp/ros/mpu6050/srv/ResetIMU.lisp
Symlinking /home/pi/do_an_ws/devel/share/common-lisp/ros/mpu6050/srv/mpu6050-srv.asd
Symlinking /home/pi/do_an_ws/devel/include/mpu6050/ResetIMUResponse.h
Symlinking /home/pi/do_an_ws/devel/include/mpu6050/ResetIMU.h
Symlinking /home/pi/do_an_ws/devel/include/mpu6050/ResetIMURequest.h
