In file included from [01m[K/usr/include/c++/8/vector:64[m[K,
                 from [01m[K/home/pi/do_an_ws/src/navigation/move_base/include/move_base/move_base.h:40[m[K,
                 from [01m[K/home/pi/do_an_ws/src/navigation/move_base/src/move_base.cpp:38[m[K:
[01m[K/usr/include/c++/8/bits/stl_vector.h:[m[K In member function '[01m[Kvoid std::vector<_Tp, _Alloc>::push_back(const value_type&) [with _Tp = geometry_msgs::Point_<std::allocator<void> >; _Alloc = std::allocator<geometry_msgs::Point_<std::allocator<void> > >][m[K':
[01m[K/usr/include/c++/8/bits/stl_vector.h:1085:4:[m[K [01;36m[Knote: [m[Kparameter passing for argument of type '[01m[K__gnu_cxx::__normal_iterator<geometry_msgs::Point_<std::allocator<void> >*, std::vector<geometry_msgs::Point_<std::allocator<void> > > >[m[K' changed in GCC 7.1
    [01;36m[K_M_realloc_insert[m[K(end(), __x);
    [01;36m[K^~~~~~~~~~~~~~~~~[m[K
[01m[K/usr/include/c++/8/bits/stl_vector.h:[m[K In member function '[01m[Kvoid std::vector<_Tp, _Alloc>::push_back(const value_type&) [with _Tp = geometry_msgs::PoseStamped_<std::allocator<void> >; _Alloc = std::allocator<geometry_msgs::PoseStamped_<std::allocator<void> > >][m[K':
[01m[K/usr/include/c++/8/bits/stl_vector.h:1085:4:[m[K [01;36m[Knote: [m[Kparameter passing for argument of type '[01m[K__gnu_cxx::__normal_iterator<geometry_msgs::PoseStamped_<std::allocator<void> >*, std::vector<geometry_msgs::PoseStamped_<std::allocator<void> > > >[m[K' changed in GCC 7.1
    [01;36m[K_M_realloc_insert[m[K(end(), __x);
    [01;36m[K^~~~~~~~~~~~~~~~~[m[K
In file included from [01m[K/usr/include/boost/bind.hpp:22[m[K,
                 from [01m[K/opt/ros/noetic/include/ros/publisher.h:35[m[K,
                 from [01m[K/opt/ros/noetic/include/ros/node_handle.h:32[m[K,
                 from [01m[K/opt/ros/noetic/include/ros/ros.h:45[m[K,
                 from [01m[K/home/pi/do_an_ws/src/navigation/move_base/include/move_base/move_base.h:43[m[K,
                 from [01m[K/home/pi/do_an_ws/src/navigation/move_base/src/move_base.cpp:38[m[K:
[01m[K/usr/include/boost/bind/bind_cc.hpp:[m[K In function '[01m[Kboost::_bi::bind_t<R, R (*)(B1), typename boost::_bi::list_av_1<A1>::type> boost::bind(R (*)(B1), A1) [with R = ros::SerializedMessage; B1 = const move_base_msgs::MoveBaseActionGoal_<std::allocator<void> >&; A1 = boost::reference_wrapper<const move_base_msgs::MoveBaseActionGoal_<std::allocator<void> > >][m[K':
[01m[K/usr/include/boost/bind/bind_cc.hpp:26:5:[m[K [01;36m[Knote: [m[Kparameter passing for argument of type '[01m[Kboost::reference_wrapper<const move_base_msgs::MoveBaseActionGoal_<std::allocator<void> > >[m[K' changed in GCC 7.1
     [01;36m[KBOOST_BIND[m[K(BOOST_BIND_ST R (BOOST_BIND_CC *f) (B1) BOOST_BIND_NOEXCEPT, A1 a1)
     [01;36m[K^~~~~~~~~~[m[K
In file included from [01m[K/usr/include/boost/bind/bind.hpp:2127[m[K,
                 from [01m[K/usr/include/boost/bind.hpp:22[m[K,
                 from [01m[K/opt/ros/noetic/include/ros/publisher.h:35[m[K,
                 from [01m[K/opt/ros/noetic/include/ros/node_handle.h:32[m[K,
                 from [01m[K/opt/ros/noetic/include/ros/ros.h:45[m[K,
                 from [01m[K/home/pi/do_an_ws/src/navigation/move_base/include/move_base/move_base.h:43[m[K,
                 from [01m[K/home/pi/do_an_ws/src/navigation/move_base/src/move_base.cpp:38[m[K:
[01m[K/usr/include/boost/bind/bind_cc.hpp:30:58:[m[K [01;36m[Knote: [m[Kparameter passing for argument of type '[01m[Kboost::reference_wrapper<const move_base_msgs::MoveBaseActionGoal_<std::allocator<void> > >[m[K' changed in GCC 7.1
     return _bi::bind_t<R, F, list_type> (f, list_type(a1)[01;36m[K)[m[K;
                                                          [01;36m[K^[m[K
In file included from [01m[K/usr/include/c++/8/vector:69[m[K,
                 from [01m[K/home/pi/do_an_ws/src/navigation/move_base/include/move_base/move_base.h:40[m[K,
                 from [01m[K/home/pi/do_an_ws/src/navigation/move_base/src/move_base.cpp:38[m[K:
[01m[K/usr/include/c++/8/bits/vector.tcc:[m[K In member function '[01m[Kvoid std::vector<_Tp, _Alloc>::_M_realloc_insert(std::vector<_Tp, _Alloc>::iterator, _Args&& ...) [with _Args = {const geometry_msgs::Point_<std::allocator<void> >&}; _Tp = geometry_msgs::Point_<std::allocator<void> >; _Alloc = std::allocator<geometry_msgs::Point_<std::allocator<void> > >][m[K':
[01m[K/usr/include/c++/8/bits/vector.tcc:413:7:[m[K [01;36m[Knote: [m[Kparameter passing for argument of type '[01m[Kstd::vector<geometry_msgs::Point_<std::allocator<void> > >::iterator[m[K' {aka '[01m[K__gnu_cxx::__normal_iterator<geometry_msgs::Point_<std::allocator<void> >*, std::vector<geometry_msgs::Point_<std::allocator<void> > > >[m[K'} changed in GCC 7.1
       [01;36m[Kvector<_Tp, _Alloc>[m[K::
       [01;36m[K^~~~~~~~~~~~~~~~~~~[m[K
[01m[K/usr/include/c++/8/bits/vector.tcc:[m[K In member function '[01m[Kvoid std::vector<_Tp, _Alloc>::_M_realloc_insert(std::vector<_Tp, _Alloc>::iterator, _Args&& ...) [with _Args = {const geometry_msgs::PoseStamped_<std::allocator<void> >&}; _Tp = geometry_msgs::PoseStamped_<std::allocator<void> >; _Alloc = std::allocator<geometry_msgs::PoseStamped_<std::allocator<void> > >][m[K':
[01m[K/usr/include/c++/8/bits/vector.tcc:413:7:[m[K [01;36m[Knote: [m[Kparameter passing for argument of type '[01m[Kstd::vector<geometry_msgs::PoseStamped_<std::allocator<void> > >::iterator[m[K' {aka '[01m[K__gnu_cxx::__normal_iterator<geometry_msgs::PoseStamped_<std::allocator<void> >*, std::vector<geometry_msgs::PoseStamped_<std::allocator<void> > > >[m[K'} changed in GCC 7.1
In file included from [01m[K/usr/include/boost/bind.hpp:22[m[K,
                 from [01m[K/opt/ros/noetic/include/ros/publisher.h:35[m[K,
                 from [01m[K/opt/ros/noetic/include/ros/node_handle.h:32[m[K,
                 from [01m[K/opt/ros/noetic/include/ros/ros.h:45[m[K,
                 from [01m[K/home/pi/do_an_ws/src/navigation/move_base/include/move_base/move_base.h:43[m[K,
                 from [01m[K/home/pi/do_an_ws/src/navigation/move_base/src/move_base.cpp:38[m[K:
[01m[K/usr/include/boost/bind/bind_cc.hpp:[m[K In function '[01m[Kboost::_bi::bind_t<R, R (*)(B1), typename boost::_bi::list_av_1<A1>::type> boost::bind(R (*)(B1), A1) [with R = ros::SerializedMessage; B1 = const geometry_msgs::Twist_<std::allocator<void> >&; A1 = boost::reference_wrapper<const geometry_msgs::Twist_<std::allocator<void> > >][m[K':
[01m[K/usr/include/boost/bind/bind_cc.hpp:26:5:[m[K [01;36m[Knote: [m[Kparameter passing for argument of type '[01m[Kboost::reference_wrapper<const geometry_msgs::Twist_<std::allocator<void> > >[m[K' changed in GCC 7.1
     [01;36m[KBOOST_BIND[m[K(BOOST_BIND_ST R (BOOST_BIND_CC *f) (B1) BOOST_BIND_NOEXCEPT, A1 a1)
     [01;36m[K^~~~~~~~~~[m[K
In file included from [01m[K/usr/include/boost/bind/bind.hpp:2127[m[K,
                 from [01m[K/usr/include/boost/bind.hpp:22[m[K,
                 from [01m[K/opt/ros/noetic/include/ros/publisher.h:35[m[K,
                 from [01m[K/opt/ros/noetic/include/ros/node_handle.h:32[m[K,
                 from [01m[K/opt/ros/noetic/include/ros/ros.h:45[m[K,
                 from [01m[K/home/pi/do_an_ws/src/navigation/move_base/include/move_base/move_base.h:43[m[K,
                 from [01m[K/home/pi/do_an_ws/src/navigation/move_base/src/move_base.cpp:38[m[K:
[01m[K/usr/include/boost/bind/bind_cc.hpp:30:58:[m[K [01;36m[Knote: [m[Kparameter passing for argument of type '[01m[Kboost::reference_wrapper<const geometry_msgs::Twist_<std::allocator<void> > >[m[K' changed in GCC 7.1
     return _bi::bind_t<R, F, list_type> (f, list_type(a1)[01;36m[K)[m[K;
                                                          [01;36m[K^[m[K
In file included from [01m[K/usr/include/boost/bind.hpp:22[m[K,
                 from [01m[K/opt/ros/noetic/include/ros/publisher.h:35[m[K,
                 from [01m[K/opt/ros/noetic/include/ros/node_handle.h:32[m[K,
                 from [01m[K/opt/ros/noetic/include/ros/ros.h:45[m[K,
                 from [01m[K/home/pi/do_an_ws/src/navigation/move_base/include/move_base/move_base.h:43[m[K,
                 from [01m[K/home/pi/do_an_ws/src/navigation/move_base/src/move_base.cpp:38[m[K:
[01m[K/usr/include/boost/bind/bind_cc.hpp:[m[K In function '[01m[Kboost::_bi::bind_t<R, R (*)(B1), typename boost::_bi::list_av_1<A1>::type> boost::bind(R (*)(B1), A1) [with R = ros::SerializedMessage; B1 = const geometry_msgs::PoseStamped_<std::allocator<void> >&; A1 = boost::reference_wrapper<const geometry_msgs::PoseStamped_<std::allocator<void> > >][m[K':
[01m[K/usr/include/boost/bind/bind_cc.hpp:26:5:[m[K [01;36m[Knote: [m[Kparameter passing for argument of type '[01m[Kboost::reference_wrapper<const geometry_msgs::PoseStamped_<std::allocator<void> > >[m[K' changed in GCC 7.1
     [01;36m[KBOOST_BIND[m[K(BOOST_BIND_ST R (BOOST_BIND_CC *f) (B1) BOOST_BIND_NOEXCEPT, A1 a1)
     [01;36m[K^~~~~~~~~~[m[K
In file included from [01m[K/usr/include/boost/bind/bind.hpp:2127[m[K,
                 from [01m[K/usr/include/boost/bind.hpp:22[m[K,
                 from [01m[K/opt/ros/noetic/include/ros/publisher.h:35[m[K,
                 from [01m[K/opt/ros/noetic/include/ros/node_handle.h:32[m[K,
                 from [01m[K/opt/ros/noetic/include/ros/ros.h:45[m[K,
                 from [01m[K/home/pi/do_an_ws/src/navigation/move_base/include/move_base/move_base.h:43[m[K,
                 from [01m[K/home/pi/do_an_ws/src/navigation/move_base/src/move_base.cpp:38[m[K:
[01m[K/usr/include/boost/bind/bind_cc.hpp:30:58:[m[K [01;36m[Knote: [m[Kparameter passing for argument of type '[01m[Kboost::reference_wrapper<const geometry_msgs::PoseStamped_<std::allocator<void> > >[m[K' changed in GCC 7.1
     return _bi::bind_t<R, F, list_type> (f, list_type(a1)[01;36m[K)[m[K;
                                                          [01;36m[K^[m[K
In file included from [01m[K/usr/include/boost/bind.hpp:22[m[K,
                 from [01m[K/opt/ros/noetic/include/ros/publisher.h:35[m[K,
                 from [01m[K/opt/ros/noetic/include/ros/node_handle.h:32[m[K,
                 from [01m[K/opt/ros/noetic/include/ros/ros.h:45[m[K,
                 from [01m[K/home/pi/do_an_ws/src/navigation/move_base/include/move_base/move_base.h:43[m[K,
                 from [01m[K/home/pi/do_an_ws/src/navigation/move_base/src/move_base.cpp:38[m[K:
[01m[K/usr/include/boost/bind/bind_cc.hpp:[m[K In function '[01m[Kboost::_bi::bind_t<R, R (*)(B1), typename boost::_bi::list_av_1<A1>::type> boost::bind(R (*)(B1), A1) [with R = ros::SerializedMessage; B1 = const move_base_msgs::RecoveryStatus_<std::allocator<void> >&; A1 = boost::reference_wrapper<const move_base_msgs::RecoveryStatus_<std::allocator<void> > >][m[K':
[01m[K/usr/include/boost/bind/bind_cc.hpp:26:5:[m[K [01;36m[Knote: [m[Kparameter passing for argument of type '[01m[Kboost::reference_wrapper<const move_base_msgs::RecoveryStatus_<std::allocator<void> > >[m[K' changed in GCC 7.1
     [01;36m[KBOOST_BIND[m[K(BOOST_BIND_ST R (BOOST_BIND_CC *f) (B1) BOOST_BIND_NOEXCEPT, A1 a1)
     [01;36m[K^~~~~~~~~~[m[K
In file included from [01m[K/usr/include/boost/bind/bind.hpp:2127[m[K,
                 from [01m[K/usr/include/boost/bind.hpp:22[m[K,
                 from [01m[K/opt/ros/noetic/include/ros/publisher.h:35[m[K,
                 from [01m[K/opt/ros/noetic/include/ros/node_handle.h:32[m[K,
                 from [01m[K/opt/ros/noetic/include/ros/ros.h:45[m[K,
                 from [01m[K/home/pi/do_an_ws/src/navigation/move_base/include/move_base/move_base.h:43[m[K,
                 from [01m[K/home/pi/do_an_ws/src/navigation/move_base/src/move_base.cpp:38[m[K:
[01m[K/usr/include/boost/bind/bind_cc.hpp:30:58:[m[K [01;36m[Knote: [m[Kparameter passing for argument of type '[01m[Kboost::reference_wrapper<const move_base_msgs::RecoveryStatus_<std::allocator<void> > >[m[K' changed in GCC 7.1
     return _bi::bind_t<R, F, list_type> (f, list_type(a1)[01;36m[K)[m[K;
                                                          [01;36m[K^[m[K
In file included from [01m[K/usr/include/boost/bind.hpp:22[m[K,
                 from [01m[K/opt/ros/noetic/include/ros/publisher.h:35[m[K,
                 from [01m[K/opt/ros/noetic/include/ros/node_handle.h:32[m[K,
                 from [01m[K/opt/ros/noetic/include/ros/ros.h:45[m[K,
                 from [01m[K/home/pi/do_an_ws/src/navigation/move_base/include/move_base/move_base.h:43[m[K,
                 from [01m[K/home/pi/do_an_ws/src/navigation/move_base/src/move_base.cpp:38[m[K:
[01m[K/usr/include/boost/bind/bind.hpp:[m[K In constructor '[01m[Kboost::_bi::list1<A1>::list1(A1) [with A1 = boost::reference_wrapper<const move_base_msgs::MoveBaseActionGoal_<std::allocator<void> > >][m[K':
[01m[K/usr/include/boost/bind/bind.hpp:231:14:[m[K [01;36m[Knote: [m[Kparameter passing for argument of type '[01m[Kboost::reference_wrapper<const move_base_msgs::MoveBaseActionGoal_<std::allocator<void> > >[m[K' changed in GCC 7.1
     explicit [01;36m[Klist1[m[K( A1 a1 ): base_type( a1 ) {}
              [01;36m[K^~~~~[m[K
[01m[K/usr/include/boost/bind/bind.hpp:231:44:[m[K [01;36m[Knote: [m[Kparameter passing for argument of type '[01m[Kboost::reference_wrapper<const move_base_msgs::MoveBaseActionGoal_<std::allocator<void> > >[m[K' changed in GCC 7.1
     explicit list1( A1 a1 ): base_type( a1 [01;36m[K)[m[K {}
                                            [01;36m[K^[m[K
In file included from [01m[K/usr/include/c++/8/vector:63[m[K,
                 from [01m[K/home/pi/do_an_ws/src/navigation/move_base/include/move_base/move_base.h:40[m[K,
                 from [01m[K/home/pi/do_an_ws/src/navigation/move_base/src/move_base.cpp:38[m[K:
[01m[K/usr/include/c++/8/bits/stl_uninitialized.h:[m[K In function '[01m[K_ForwardIterator std::__uninitialized_move_if_noexcept_a(_InputIterator, _InputIterator, _ForwardIterator, _Allocator&) [with _InputIterator = geometry_msgs::Point_<std::allocator<void> >*; _ForwardIterator = geometry_msgs::Point_<std::allocator<void> >*; _Allocator = std::allocator<geometry_msgs::Point_<std::allocator<void> > >][m[K':
[01m[K/usr/include/c++/8/bits/stl_uninitialized.h:311:2:[m[K [01;36m[Knote: [m[Kparameter passing for argument of type '[01m[Kstd::move_iterator<geometry_msgs::Point_<std::allocator<void> >*>[m[K' changed in GCC 7.1
       return [01;36m[Kstd::__uninitialized_copy_a[m[K
              [01;36m[K~~~~~~~~~~~~~~~~~~~~~~~~~~~[m[K
 [01;36m[K (_GLIBCXX_MAKE_MOVE_IF_NOEXCEPT_ITERATOR(__first),[m[K
  [01;36m[K^~~~~~~~~~~~~~~~~~~~~~~~~~~~~~~~~~~~~~~~~~~~~~~~~~[m[K
 [01;36m[K  _GLIBCXX_MAKE_MOVE_IF_NOEXCEPT_ITERATOR(__last), __result, __alloc)[m[K;
   [01;36m[K~~~~~~~~~~~~~~~~~~~~~~~~~~~~~~~~~~~~~~~~~~~~~~~~~~~~~~~~~~~~~~~~~~~[m[K
[01m[K/usr/include/c++/8/bits/stl_uninitialized.h:[m[K In function '[01m[K_ForwardIterator std::__uninitialized_move_if_noexcept_a(_InputIterator, _InputIterator, _ForwardIterator, _Allocator&) [with _InputIterator = geometry_msgs::PoseStamped_<std::allocator<void> >*; _ForwardIterator = geometry_msgs::PoseStamped_<std::allocator<void> >*; _Allocator = std::allocator<geometry_msgs::PoseStamped_<std::allocator<void> > >][m[K':
[01m[K/usr/include/c++/8/bits/stl_uninitialized.h:311:2:[m[K [01;36m[Knote: [m[Kparameter passing for argument of type '[01m[Kstd::move_iterator<geometry_msgs::PoseStamped_<std::allocator<void> >*>[m[K' changed in GCC 7.1
       return [01;36m[Kstd::__uninitialized_copy_a[m[K
              [01;36m[K~~~~~~~~~~~~~~~~~~~~~~~~~~~[m[K
 [01;36m[K (_GLIBCXX_MAKE_MOVE_IF_NOEXCEPT_ITERATOR(__first),[m[K
  [01;36m[K^~~~~~~~~~~~~~~~~~~~~~~~~~~~~~~~~~~~~~~~~~~~~~~~~~[m[K
 [01;36m[K  _GLIBCXX_MAKE_MOVE_IF_NOEXCEPT_ITERATOR(__last), __result, __alloc)[m[K;
   [01;36m[K~~~~~~~~~~~~~~~~~~~~~~~~~~~~~~~~~~~~~~~~~~~~~~~~~~~~~~~~~~~~~~~~~~~[m[K
In file included from [01m[K/usr/include/boost/bind.hpp:22[m[K,
                 from [01m[K/opt/ros/noetic/include/ros/publisher.h:35[m[K,
                 from [01m[K/opt/ros/noetic/include/ros/node_handle.h:32[m[K,
                 from [01m[K/opt/ros/noetic/include/ros/ros.h:45[m[K,
                 from [01m[K/home/pi/do_an_ws/src/navigation/move_base/include/move_base/move_base.h:43[m[K,
                 from [01m[K/home/pi/do_an_ws/src/navigation/move_base/src/move_base.cpp:38[m[K:
[01m[K/usr/include/boost/bind/bind.hpp:[m[K In constructor '[01m[Kboost::_bi::list1<A1>::list1(A1) [with A1 = boost::reference_wrapper<const geometry_msgs::Twist_<std::allocator<void> > >][m[K':
[01m[K/usr/include/boost/bind/bind.hpp:231:14:[m[K [01;36m[Knote: [m[Kparameter passing for argument of type '[01m[Kboost::reference_wrapper<const geometry_msgs::Twist_<std::allocator<void> > >[m[K' changed in GCC 7.1
     explicit [01;36m[Klist1[m[K( A1 a1 ): base_type( a1 ) {}
              [01;36m[K^~~~~[m[K
[01m[K/usr/include/boost/bind/bind.hpp:231:44:[m[K [01;36m[Knote: [m[Kparameter passing for argument of type '[01m[Kboost::reference_wrapper<const geometry_msgs::Twist_<std::allocator<void> > >[m[K' changed in GCC 7.1
     explicit list1( A1 a1 ): base_type( a1 [01;36m[K)[m[K {}
                                            [01;36m[K^[m[K
[01m[K/usr/include/boost/bind/bind.hpp:[m[K In constructor '[01m[Kboost::_bi::list1<A1>::list1(A1) [with A1 = boost::reference_wrapper<const geometry_msgs::PoseStamped_<std::allocator<void> > >][m[K':
[01m[K/usr/include/boost/bind/bind.hpp:231:14:[m[K [01;36m[Knote: [m[Kparameter passing for argument of type '[01m[Kboost::reference_wrapper<const geometry_msgs::PoseStamped_<std::allocator<void> > >[m[K' changed in GCC 7.1
     explicit [01;36m[Klist1[m[K( A1 a1 ): base_type( a1 ) {}
              [01;36m[K^~~~~[m[K
[01m[K/usr/include/boost/bind/bind.hpp:231:44:[m[K [01;36m[Knote: [m[Kparameter passing for argument of type '[01m[Kboost::reference_wrapper<const geometry_msgs::PoseStamped_<std::allocator<void> > >[m[K' changed in GCC 7.1
     explicit list1( A1 a1 ): base_type( a1 [01;36m[K)[m[K {}
                                            [01;36m[K^[m[K
[01m[K/usr/include/boost/bind/bind.hpp:[m[K In constructor '[01m[Kboost::_bi::list1<A1>::list1(A1) [with A1 = boost::reference_wrapper<const move_base_msgs::RecoveryStatus_<std::allocator<void> > >][m[K':
[01m[K/usr/include/boost/bind/bind.hpp:231:14:[m[K [01;36m[Knote: [m[Kparameter passing for argument of type '[01m[Kboost::reference_wrapper<const move_base_msgs::RecoveryStatus_<std::allocator<void> > >[m[K' changed in GCC 7.1
     explicit [01;36m[Klist1[m[K( A1 a1 ): base_type( a1 ) {}
              [01;36m[K^~~~~[m[K
[01m[K/usr/include/boost/bind/bind.hpp:231:44:[m[K [01;36m[Knote: [m[Kparameter passing for argument of type '[01m[Kboost::reference_wrapper<const move_base_msgs::RecoveryStatus_<std::allocator<void> > >[m[K' changed in GCC 7.1
     explicit list1( A1 a1 ): base_type( a1 [01;36m[K)[m[K {}
                                            [01;36m[K^[m[K
In file included from [01m[K/usr/include/boost/bind/bind.hpp:47[m[K,
                 from [01m[K/usr/include/boost/bind.hpp:22[m[K,
                 from [01m[K/opt/ros/noetic/include/ros/publisher.h:35[m[K,
                 from [01m[K/opt/ros/noetic/include/ros/node_handle.h:32[m[K,
                 from [01m[K/opt/ros/noetic/include/ros/ros.h:45[m[K,
                 from [01m[K/home/pi/do_an_ws/src/navigation/move_base/include/move_base/move_base.h:43[m[K,
                 from [01m[K/home/pi/do_an_ws/src/navigation/move_base/src/move_base.cpp:38[m[K:
[01m[K/usr/include/boost/bind/storage.hpp:[m[K In constructor '[01m[Kboost::_bi::storage1<A1>::storage1(A1) [with A1 = boost::reference_wrapper<const move_base_msgs::MoveBaseActionGoal_<std::allocator<void> > >][m[K':
[01m[K/usr/include/boost/bind/storage.hpp:42:14:[m[K [01;36m[Knote: [m[Kparameter passing for argument of type '[01m[Kboost::reference_wrapper<const move_base_msgs::MoveBaseActionGoal_<std::allocator<void> > >[m[K' changed in GCC 7.1
     explicit [01;36m[Kstorage1[m[K( A1 a1 ): a1_( a1 ) {}
              [01;36m[K^~~~~~~~[m[K
In file included from [01m[K/usr/include/c++/8/vector:63[m[K,
                 from [01m[K/home/pi/do_an_ws/src/navigation/move_base/include/move_base/move_base.h:40[m[K,
                 from [01m[K/home/pi/do_an_ws/src/navigation/move_base/src/move_base.cpp:38[m[K:
[01m[K/usr/include/c++/8/bits/stl_uninitialized.h:[m[K In function '[01m[K_ForwardIterator std::__uninitialized_copy_a(_InputIterator, _InputIterator, _ForwardIterator, std::allocator<_Tp>&) [with _InputIterator = std::move_iterator<geometry_msgs::Point_<std::allocator<void> >*>; _ForwardIterator = geometry_msgs::Point_<std::allocator<void> >*; _Tp = geometry_msgs::Point_<std::allocator<void> >][m[K':
[01m[K/usr/include/c++/8/bits/stl_uninitialized.h:287:5:[m[K [01;36m[Knote: [m[Kparameter passing for argument of type '[01m[Kstd::move_iterator<geometry_msgs::Point_<std::allocator<void> >*>[m[K' changed in GCC 7.1
     [01;36m[K__uninitialized_copy_a[m[K(_InputIterator __first, _InputIterator __last,
     [01;36m[K^~~~~~~~~~~~~~~~~~~~~~[m[K
[01m[K/usr/include/c++/8/bits/stl_uninitialized.h:287:5:[m[K [01;36m[Knote: [m[Kparameter passing for argument of type '[01m[Kstd::move_iterator<geometry_msgs::Point_<std::allocator<void> >*>[m[K' changed in GCC 7.1
[01m[K/usr/include/c++/8/bits/stl_uninitialized.h:289:37:[m[K [01;36m[Knote: [m[Kparameter passing for argument of type '[01m[Kstd::move_iterator<geometry_msgs::Point_<std::allocator<void> >*>[m[K' changed in GCC 7.1
     { return [01;36m[Kstd::uninitialized_copy(__first, __last, __result)[m[K; }
              [01;36m[K~~~~~~~~~~~~~~~~~~~~~~~^~~~~~~~~~~~~~~~~~~~~~~~~~~[m[K
[01m[K/usr/include/c++/8/bits/stl_uninitialized.h:[m[K In function '[01m[K_ForwardIterator std::__uninitialized_copy_a(_InputIterator, _InputIterator, _ForwardIterator, std::allocator<_Tp>&) [with _InputIterator = std::move_iterator<geometry_msgs::PoseStamped_<std::allocator<void> >*>; _ForwardIterator = geometry_msgs::PoseStamped_<std::allocator<void> >*; _Tp = geometry_msgs::PoseStamped_<std::allocator<void> >][m[K':
[01m[K/usr/include/c++/8/bits/stl_uninitialized.h:287:5:[m[K [01;36m[Knote: [m[Kparameter passing for argument of type '[01m[Kstd::move_iterator<geometry_msgs::PoseStamped_<std::allocator<void> >*>[m[K' changed in GCC 7.1
     [01;36m[K__uninitialized_copy_a[m[K(_InputIterator __first, _InputIterator __last,
     [01;36m[K^~~~~~~~~~~~~~~~~~~~~~[m[K
[01m[K/usr/include/c++/8/bits/stl_uninitialized.h:287:5:[m[K [01;36m[Knote: [m[Kparameter passing for argument of type '[01m[Kstd::move_iterator<geometry_msgs::PoseStamped_<std::allocator<void> >*>[m[K' changed in GCC 7.1
[01m[K/usr/include/c++/8/bits/stl_uninitialized.h:289:37:[m[K [01;36m[Knote: [m[Kparameter passing for argument of type '[01m[Kstd::move_iterator<geometry_msgs::PoseStamped_<std::allocator<void> >*>[m[K' changed in GCC 7.1
     { return [01;36m[Kstd::uninitialized_copy(__first, __last, __result)[m[K; }
              [01;36m[K~~~~~~~~~~~~~~~~~~~~~~~^~~~~~~~~~~~~~~~~~~~~~~~~~~[m[K
In file included from [01m[K/usr/include/boost/bind/bind.hpp:47[m[K,
                 from [01m[K/usr/include/boost/bind.hpp:22[m[K,
                 from [01m[K/opt/ros/noetic/include/ros/publisher.h:35[m[K,
                 from [01m[K/opt/ros/noetic/include/ros/node_handle.h:32[m[K,
                 from [01m[K/opt/ros/noetic/include/ros/ros.h:45[m[K,
                 from [01m[K/home/pi/do_an_ws/src/navigation/move_base/include/move_base/move_base.h:43[m[K,
                 from [01m[K/home/pi/do_an_ws/src/navigation/move_base/src/move_base.cpp:38[m[K:
[01m[K/usr/include/boost/bind/storage.hpp:[m[K In constructor '[01m[Kboost::_bi::storage1<A1>::storage1(A1) [with A1 = boost::reference_wrapper<const geometry_msgs::Twist_<std::allocator<void> > >][m[K':
[01m[K/usr/include/boost/bind/storage.hpp:42:14:[m[K [01;36m[Knote: [m[Kparameter passing for argument of type '[01m[Kboost::reference_wrapper<const geometry_msgs::Twist_<std::allocator<void> > >[m[K' changed in GCC 7.1
     explicit [01;36m[Kstorage1[m[K( A1 a1 ): a1_( a1 ) {}
              [01;36m[K^~~~~~~~[m[K
[01m[K/usr/include/boost/bind/storage.hpp:[m[K In constructor '[01m[Kboost::_bi::storage1<A1>::storage1(A1) [with A1 = boost::reference_wrapper<const geometry_msgs::PoseStamped_<std::allocator<void> > >][m[K':
[01m[K/usr/include/boost/bind/storage.hpp:42:14:[m[K [01;36m[Knote: [m[Kparameter passing for argument of type '[01m[Kboost::reference_wrapper<const geometry_msgs::PoseStamped_<std::allocator<void> > >[m[K' changed in GCC 7.1
[01m[K/usr/include/boost/bind/storage.hpp:[m[K In constructor '[01m[Kboost::_bi::storage1<A1>::storage1(A1) [with A1 = boost::reference_wrapper<const move_base_msgs::RecoveryStatus_<std::allocator<void> > >][m[K':
[01m[K/usr/include/boost/bind/storage.hpp:42:14:[m[K [01;36m[Knote: [m[Kparameter passing for argument of type '[01m[Kboost::reference_wrapper<const move_base_msgs::RecoveryStatus_<std::allocator<void> > >[m[K' changed in GCC 7.1
In file included from [01m[K/usr/include/c++/8/vector:63[m[K,
                 from [01m[K/home/pi/do_an_ws/src/navigation/move_base/include/move_base/move_base.h:40[m[K,
                 from [01m[K/home/pi/do_an_ws/src/navigation/move_base/src/move_base.cpp:38[m[K:
[01m[K/usr/include/c++/8/bits/stl_uninitialized.h:[m[K In function '[01m[K_ForwardIterator std::uninitialized_copy(_InputIterator, _InputIterator, _ForwardIterator) [with _InputIterator = std::move_iterator<geometry_msgs::Point_<std::allocator<void> >*>; _ForwardIterator = geometry_msgs::Point_<std::allocator<void> >*][m[K':
[01m[K/usr/include/c++/8/bits/stl_uninitialized.h:115:5:[m[K [01;36m[Knote: [m[Kparameter passing for argument of type '[01m[Kstd::move_iterator<geometry_msgs::Point_<std::allocator<void> >*>[m[K' changed in GCC 7.1
     [01;36m[Kuninitialized_copy[m[K(_InputIterator __first, _InputIterator __last,
     [01;36m[K^~~~~~~~~~~~~~~~~~[m[K
[01m[K/usr/include/c++/8/bits/stl_uninitialized.h:115:5:[m[K [01;36m[Knote: [m[Kparameter passing for argument of type '[01m[Kstd::move_iterator<geometry_msgs::Point_<std::allocator<void> >*>[m[K' changed in GCC 7.1
[01m[K/usr/include/c++/8/bits/stl_uninitialized.h:134:15:[m[K [01;36m[Knote: [m[Kparameter passing for argument of type '[01m[Kstd::move_iterator<geometry_msgs::Point_<std::allocator<void> >*>[m[K' changed in GCC 7.1
       return [01;36m[Kstd::__uninitialized_copy<__is_trivial(_ValueType1)[m[K
              [01;36m[K~~~~~~~~~~~~~~~~~~~~~~~~~~~~~~~~~~~~~~~~~~~~~~~~~~~[m[K
 [01;36m[K           && __is_trivial(_ValueType2)[m[K
            [01;36m[K~~~~~~~~~~~~~~~~~~~~~~~~~~~~[m[K
 [01;36m[K           && __assignable>::[m[K
            [01;36m[K~~~~~~~~~~~~~~~~~~[m[K
 [01;36m[K __uninit_copy(__first, __last, __result)[m[K;
  [01;36m[K~~~~~~~~~~~~~^~~~~~~~~~~~~~~~~~~~~~~~~~~[m[K
[01m[K/usr/include/c++/8/bits/stl_uninitialized.h:[m[K In function '[01m[K_ForwardIterator std::uninitialized_copy(_InputIterator, _InputIterator, _ForwardIterator) [with _InputIterator = std::move_iterator<geometry_msgs::PoseStamped_<std::allocator<void> >*>; _ForwardIterator = geometry_msgs::PoseStamped_<std::allocator<void> >*][m[K':
[01m[K/usr/include/c++/8/bits/stl_uninitialized.h:115:5:[m[K [01;36m[Knote: [m[Kparameter passing for argument of type '[01m[Kstd::move_iterator<geometry_msgs::PoseStamped_<std::allocator<void> >*>[m[K' changed in GCC 7.1
     [01;36m[Kuninitialized_copy[m[K(_InputIterator __first, _InputIterator __last,
     [01;36m[K^~~~~~~~~~~~~~~~~~[m[K
[01m[K/usr/include/c++/8/bits/stl_uninitialized.h:115:5:[m[K [01;36m[Knote: [m[Kparameter passing for argument of type '[01m[Kstd::move_iterator<geometry_msgs::PoseStamped_<std::allocator<void> >*>[m[K' changed in GCC 7.1
[01m[K/usr/include/c++/8/bits/stl_uninitialized.h:134:15:[m[K [01;36m[Knote: [m[Kparameter passing for argument of type '[01m[Kstd::move_iterator<geometry_msgs::PoseStamped_<std::allocator<void> >*>[m[K' changed in GCC 7.1
       return [01;36m[Kstd::__uninitialized_copy<__is_trivial(_ValueType1)[m[K
              [01;36m[K~~~~~~~~~~~~~~~~~~~~~~~~~~~~~~~~~~~~~~~~~~~~~~~~~~~[m[K
 [01;36m[K           && __is_trivial(_ValueType2)[m[K
            [01;36m[K~~~~~~~~~~~~~~~~~~~~~~~~~~~~[m[K
 [01;36m[K           && __assignable>::[m[K
            [01;36m[K~~~~~~~~~~~~~~~~~~[m[K
 [01;36m[K __uninit_copy(__first, __last, __result)[m[K;
  [01;36m[K~~~~~~~~~~~~~^~~~~~~~~~~~~~~~~~~~~~~~~~~[m[K
[01m[K/usr/include/c++/8/bits/stl_uninitialized.h:[m[K In static member function '[01m[Kstatic _ForwardIterator std::__uninitialized_copy<_TrivialValueTypes>::__uninit_copy(_InputIterator, _InputIterator, _ForwardIterator) [with _InputIterator = std::move_iterator<geometry_msgs::Point_<std::allocator<void> >*>; _ForwardIterator = geometry_msgs::Point_<std::allocator<void> >*; bool _TrivialValueTypes = false][m[K':
[01m[K/usr/include/c++/8/bits/stl_uninitialized.h:76:9:[m[K [01;36m[Knote: [m[Kparameter passing for argument of type '[01m[Kstd::move_iterator<geometry_msgs::Point_<std::allocator<void> >*>[m[K' changed in GCC 7.1
         [01;36m[K__uninit_copy[m[K(_InputIterator __first, _InputIterator __last,
         [01;36m[K^~~~~~~~~~~~~[m[K
[01m[K/usr/include/c++/8/bits/stl_uninitialized.h:76:9:[m[K [01;36m[Knote: [m[Kparameter passing for argument of type '[01m[Kstd::move_iterator<geometry_msgs::Point_<std::allocator<void> >*>[m[K' changed in GCC 7.1
[01m[K/usr/include/c++/8/bits/stl_uninitialized.h:[m[K In static member function '[01m[Kstatic _ForwardIterator std::__uninitialized_copy<_TrivialValueTypes>::__uninit_copy(_InputIterator, _InputIterator, _ForwardIterator) [with _InputIterator = std::move_iterator<geometry_msgs::PoseStamped_<std::allocator<void> >*>; _ForwardIterator = geometry_msgs::PoseStamped_<std::allocator<void> >*; bool _TrivialValueTypes = false][m[K':
[01m[K/usr/include/c++/8/bits/stl_uninitialized.h:76:9:[m[K [01;36m[Knote: [m[Kparameter passing for argument of type '[01m[Kstd::move_iterator<geometry_msgs::PoseStamped_<std::allocator<void> >*>[m[K' changed in GCC 7.1
[01m[K/usr/include/c++/8/bits/stl_uninitialized.h:76:9:[m[K [01;36m[Knote: [m[Kparameter passing for argument of type '[01m[Kstd::move_iterator<geometry_msgs::PoseStamped_<std::allocator<void> >*>[m[K' changed in GCC 7.1
In file included from [01m[K/usr/include/boost/bind.hpp:22[m[K,
                 from [01m[K/opt/ros/noetic/include/ros/publisher.h:35[m[K,
                 from [01m[K/opt/ros/noetic/include/ros/node_handle.h:32[m[K,
                 from [01m[K/opt/ros/noetic/include/ros/ros.h:45[m[K,
                 from [01m[K/home/pi/do_an_ws/src/navigation/move_base/include/move_base/move_base.h:43[m[K,
                 from [01m[K/home/pi/do_an_ws/src/navigation/move_base/src/move_base.cpp:38[m[K:
[01m[K/usr/include/boost/bind/bind_cc.hpp:[m[K In function '[01m[Kboost::_bi::bind_t<R, R (*)(B1), typename boost::_bi::list_av_1<A1>::type> boost::bind(R (*)(B1), A1) [with R = ros::SerializedMessage; B1 = const move_base_msgs::MoveBaseActionFeedback_<std::allocator<void> >&; A1 = boost::reference_wrapper<move_base_msgs::MoveBaseActionFeedback_<std::allocator<void> > >][m[K':
[01m[K/usr/include/boost/bind/bind_cc.hpp:26:5:[m[K [01;36m[Knote: [m[Kparameter passing for argument of type '[01m[Kboost::reference_wrapper<move_base_msgs::MoveBaseActionFeedback_<std::allocator<void> > >[m[K' changed in GCC 7.1
     [01;36m[KBOOST_BIND[m[K(BOOST_BIND_ST R (BOOST_BIND_CC *f) (B1) BOOST_BIND_NOEXCEPT, A1 a1)
     [01;36m[K^~~~~~~~~~[m[K
In file included from [01m[K/usr/include/boost/bind/bind.hpp:2127[m[K,
                 from [01m[K/usr/include/boost/bind.hpp:22[m[K,
                 from [01m[K/opt/ros/noetic/include/ros/publisher.h:35[m[K,
                 from [01m[K/opt/ros/noetic/include/ros/node_handle.h:32[m[K,
                 from [01m[K/opt/ros/noetic/include/ros/ros.h:45[m[K,
                 from [01m[K/home/pi/do_an_ws/src/navigation/move_base/include/move_base/move_base.h:43[m[K,
                 from [01m[K/home/pi/do_an_ws/src/navigation/move_base/src/move_base.cpp:38[m[K:
[01m[K/usr/include/boost/bind/bind_cc.hpp:30:58:[m[K [01;36m[Knote: [m[Kparameter passing for argument of type '[01m[Kboost::reference_wrapper<move_base_msgs::MoveBaseActionFeedback_<std::allocator<void> > >[m[K' changed in GCC 7.1
     return _bi::bind_t<R, F, list_type> (f, list_type(a1)[01;36m[K)[m[K;
                                                          [01;36m[K^[m[K
In file included from [01m[K/usr/include/boost/bind.hpp:22[m[K,
                 from [01m[K/opt/ros/noetic/include/ros/publisher.h:35[m[K,
                 from [01m[K/opt/ros/noetic/include/ros/node_handle.h:32[m[K,
                 from [01m[K/opt/ros/noetic/include/ros/ros.h:45[m[K,
                 from [01m[K/home/pi/do_an_ws/src/navigation/move_base/include/move_base/move_base.h:43[m[K,
                 from [01m[K/home/pi/do_an_ws/src/navigation/move_base/src/move_base.cpp:38[m[K:
[01m[K/usr/include/boost/bind/bind.hpp:[m[K In constructor '[01m[Kboost::_bi::list1<A1>::list1(A1) [with A1 = boost::reference_wrapper<move_base_msgs::MoveBaseActionFeedback_<std::allocator<void> > >][m[K':
[01m[K/usr/include/boost/bind/bind.hpp:231:14:[m[K [01;36m[Knote: [m[Kparameter passing for argument of type '[01m[Kboost::reference_wrapper<move_base_msgs::MoveBaseActionFeedback_<std::allocator<void> > >[m[K' changed in GCC 7.1
     explicit [01;36m[Klist1[m[K( A1 a1 ): base_type( a1 ) {}
              [01;36m[K^~~~~[m[K
[01m[K/usr/include/boost/bind/bind.hpp:231:44:[m[K [01;36m[Knote: [m[Kparameter passing for argument of type '[01m[Kboost::reference_wrapper<move_base_msgs::MoveBaseActionFeedback_<std::allocator<void> > >[m[K' changed in GCC 7.1
     explicit list1( A1 a1 ): base_type( a1 [01;36m[K)[m[K {}
                                            [01;36m[K^[m[K
In file included from [01m[K/usr/include/c++/8/vector:69[m[K,
                 from [01m[K/home/pi/do_an_ws/src/navigation/move_base/include/move_base/move_base.h:40[m[K,
                 from [01m[K/home/pi/do_an_ws/src/navigation/move_base/src/move_base.cpp:38[m[K:
[01m[K/usr/include/c++/8/bits/vector.tcc:[m[K In member function '[01m[Kvoid std::vector<_Tp, _Alloc>::emplace_back(_Args&& ...) [with _Args = {dynamic_reconfigure::DoubleParameter_<std::allocator<void> >}; _Tp = dynamic_reconfigure::DoubleParameter_<std::allocator<void> >; _Alloc = std::allocator<dynamic_reconfigure::DoubleParameter_<std::allocator<void> > >][m[K':
[01m[K/usr/include/c++/8/bits/vector.tcc:109:4:[m[K [01;36m[Knote: [m[Kparameter passing for argument of type '[01m[K__gnu_cxx::__normal_iterator<dynamic_reconfigure::DoubleParameter_<std::allocator<void> >*, std::vector<dynamic_reconfigure::DoubleParameter_<std::allocator<void> > > >[m[K' changed in GCC 7.1
    [01;36m[K_M_realloc_insert[m[K(end(), std::forward<_Args>(__args)...);
    [01;36m[K^~~~~~~~~~~~~~~~~[m[K
In file included from [01m[K/usr/include/boost/bind/bind.hpp:47[m[K,
                 from [01m[K/usr/include/boost/bind.hpp:22[m[K,
                 from [01m[K/opt/ros/noetic/include/ros/publisher.h:35[m[K,
                 from [01m[K/opt/ros/noetic/include/ros/node_handle.h:32[m[K,
                 from [01m[K/opt/ros/noetic/include/ros/ros.h:45[m[K,
                 from [01m[K/home/pi/do_an_ws/src/navigation/move_base/include/move_base/move_base.h:43[m[K,
                 from [01m[K/home/pi/do_an_ws/src/navigation/move_base/src/move_base.cpp:38[m[K:
[01m[K/usr/include/boost/bind/storage.hpp:[m[K In constructor '[01m[Kboost::_bi::storage1<A1>::storage1(A1) [with A1 = boost::reference_wrapper<move_base_msgs::MoveBaseActionFeedback_<std::allocator<void> > >][m[K':
[01m[K/usr/include/boost/bind/storage.hpp:42:14:[m[K [01;36m[Knote: [m[Kparameter passing for argument of type '[01m[Kboost::reference_wrapper<move_base_msgs::MoveBaseActionFeedback_<std::allocator<void> > >[m[K' changed in GCC 7.1
     explicit [01;36m[Kstorage1[m[K( A1 a1 ): a1_( a1 ) {}
              [01;36m[K^~~~~~~~[m[K
In file included from [01m[K/usr/include/c++/8/vector:69[m[K,
                 from [01m[K/home/pi/do_an_ws/src/navigation/move_base/include/move_base/move_base.h:40[m[K,
                 from [01m[K/home/pi/do_an_ws/src/navigation/move_base/src/move_base.cpp:38[m[K:
[01m[K/usr/include/c++/8/bits/vector.tcc:[m[K In member function '[01m[Kvoid std::vector<_Tp, _Alloc>::_M_realloc_insert(std::vector<_Tp, _Alloc>::iterator, _Args&& ...) [with _Args = {dynamic_reconfigure::DoubleParameter_<std::allocator<void> >}; _Tp = dynamic_reconfigure::DoubleParameter_<std::allocator<void> >; _Alloc = std::allocator<dynamic_reconfigure::DoubleParameter_<std::allocator<void> > >][m[K':
[01m[K/usr/include/c++/8/bits/vector.tcc:413:7:[m[K [01;36m[Knote: [m[Kparameter passing for argument of type '[01m[Kstd::vector<dynamic_reconfigure::DoubleParameter_<std::allocator<void> > >::iterator[m[K' {aka '[01m[K__gnu_cxx::__normal_iterator<dynamic_reconfigure::DoubleParameter_<std::allocator<void> >*, std::vector<dynamic_reconfigure::DoubleParameter_<std::allocator<void> > > >[m[K'} changed in GCC 7.1
       [01;36m[Kvector<_Tp, _Alloc>[m[K::
       [01;36m[K^~~~~~~~~~~~~~~~~~~[m[K
In file included from [01m[K/usr/include/c++/8/vector:63[m[K,
                 from [01m[K/home/pi/do_an_ws/src/navigation/move_base/include/move_base/move_base.h:40[m[K,
                 from [01m[K/home/pi/do_an_ws/src/navigation/move_base/src/move_base.cpp:38[m[K:
[01m[K/usr/include/c++/8/bits/stl_uninitialized.h:[m[K In function '[01m[K_ForwardIterator std::__uninitialized_move_if_noexcept_a(_InputIterator, _InputIterator, _ForwardIterator, _Allocator&) [with _InputIterator = dynamic_reconfigure::DoubleParameter_<std::allocator<void> >*; _ForwardIterator = dynamic_reconfigure::DoubleParameter_<std::allocator<void> >*; _Allocator = std::allocator<dynamic_reconfigure::DoubleParameter_<std::allocator<void> > >][m[K':
[01m[K/usr/include/c++/8/bits/stl_uninitialized.h:311:2:[m[K [01;36m[Knote: [m[Kparameter passing for argument of type '[01m[Kstd::move_iterator<dynamic_reconfigure::DoubleParameter_<std::allocator<void> >*>[m[K' changed in GCC 7.1
       return [01;36m[Kstd::__uninitialized_copy_a[m[K
              [01;36m[K~~~~~~~~~~~~~~~~~~~~~~~~~~~[m[K
 [01;36m[K (_GLIBCXX_MAKE_MOVE_IF_NOEXCEPT_ITERATOR(__first),[m[K
  [01;36m[K^~~~~~~~~~~~~~~~~~~~~~~~~~~~~~~~~~~~~~~~~~~~~~~~~~[m[K
 [01;36m[K  _GLIBCXX_MAKE_MOVE_IF_NOEXCEPT_ITERATOR(__last), __result, __alloc)[m[K;
   [01;36m[K~~~~~~~~~~~~~~~~~~~~~~~~~~~~~~~~~~~~~~~~~~~~~~~~~~~~~~~~~~~~~~~~~~~[m[K
[01m[K/usr/include/c++/8/bits/stl_uninitialized.h:[m[K In function '[01m[K_ForwardIterator std::__uninitialized_copy_a(_InputIterator, _InputIterator, _ForwardIterator, std::allocator<_Tp>&) [with _InputIterator = std::move_iterator<dynamic_reconfigure::DoubleParameter_<std::allocator<void> >*>; _ForwardIterator = dynamic_reconfigure::DoubleParameter_<std::allocator<void> >*; _Tp = dynamic_reconfigure::DoubleParameter_<std::allocator<void> >][m[K':
[01m[K/usr/include/c++/8/bits/stl_uninitialized.h:287:5:[m[K [01;36m[Knote: [m[Kparameter passing for argument of type '[01m[Kstd::move_iterator<dynamic_reconfigure::DoubleParameter_<std::allocator<void> >*>[m[K' changed in GCC 7.1
     [01;36m[K__uninitialized_copy_a[m[K(_InputIterator __first, _InputIterator __last,
     [01;36m[K^~~~~~~~~~~~~~~~~~~~~~[m[K
[01m[K/usr/include/c++/8/bits/stl_uninitialized.h:287:5:[m[K [01;36m[Knote: [m[Kparameter passing for argument of type '[01m[Kstd::move_iterator<dynamic_reconfigure::DoubleParameter_<std::allocator<void> >*>[m[K' changed in GCC 7.1
[01m[K/usr/include/c++/8/bits/stl_uninitialized.h:289:37:[m[K [01;36m[Knote: [m[Kparameter passing for argument of type '[01m[Kstd::move_iterator<dynamic_reconfigure::DoubleParameter_<std::allocator<void> >*>[m[K' changed in GCC 7.1
     { return [01;36m[Kstd::uninitialized_copy(__first, __last, __result)[m[K; }
              [01;36m[K~~~~~~~~~~~~~~~~~~~~~~~^~~~~~~~~~~~~~~~~~~~~~~~~~~[m[K
[01m[K/usr/include/c++/8/bits/stl_uninitialized.h:[m[K In function '[01m[K_ForwardIterator std::uninitialized_copy(_InputIterator, _InputIterator, _ForwardIterator) [with _InputIterator = std::move_iterator<dynamic_reconfigure::DoubleParameter_<std::allocator<void> >*>; _ForwardIterator = dynamic_reconfigure::DoubleParameter_<std::allocator<void> >*][m[K':
[01m[K/usr/include/c++/8/bits/stl_uninitialized.h:115:5:[m[K [01;36m[Knote: [m[Kparameter passing for argument of type '[01m[Kstd::move_iterator<dynamic_reconfigure::DoubleParameter_<std::allocator<void> >*>[m[K' changed in GCC 7.1
     [01;36m[Kuninitialized_copy[m[K(_InputIterator __first, _InputIterator __last,
     [01;36m[K^~~~~~~~~~~~~~~~~~[m[K
[01m[K/usr/include/c++/8/bits/stl_uninitialized.h:115:5:[m[K [01;36m[Knote: [m[Kparameter passing for argument of type '[01m[Kstd::move_iterator<dynamic_reconfigure::DoubleParameter_<std::allocator<void> >*>[m[K' changed in GCC 7.1
[01m[K/usr/include/c++/8/bits/stl_uninitialized.h:134:15:[m[K [01;36m[Knote: [m[Kparameter passing for argument of type '[01m[Kstd::move_iterator<dynamic_reconfigure::DoubleParameter_<std::allocator<void> >*>[m[K' changed in GCC 7.1
       return [01;36m[Kstd::__uninitialized_copy<__is_trivial(_ValueType1)[m[K
              [01;36m[K~~~~~~~~~~~~~~~~~~~~~~~~~~~~~~~~~~~~~~~~~~~~~~~~~~~[m[K
 [01;36m[K           && __is_trivial(_ValueType2)[m[K
            [01;36m[K~~~~~~~~~~~~~~~~~~~~~~~~~~~~[m[K
 [01;36m[K           && __assignable>::[m[K
            [01;36m[K~~~~~~~~~~~~~~~~~~[m[K
 [01;36m[K __uninit_copy(__first, __last, __result)[m[K;
  [01;36m[K~~~~~~~~~~~~~^~~~~~~~~~~~~~~~~~~~~~~~~~~[m[K
[01m[K/usr/include/c++/8/bits/stl_uninitialized.h:[m[K In static member function '[01m[Kstatic _ForwardIterator std::__uninitialized_copy<_TrivialValueTypes>::__uninit_copy(_InputIterator, _InputIterator, _ForwardIterator) [with _InputIterator = std::move_iterator<dynamic_reconfigure::DoubleParameter_<std::allocator<void> >*>; _ForwardIterator = dynamic_reconfigure::DoubleParameter_<std::allocator<void> >*; bool _TrivialValueTypes = false][m[K':
[01m[K/usr/include/c++/8/bits/stl_uninitialized.h:76:9:[m[K [01;36m[Knote: [m[Kparameter passing for argument of type '[01m[Kstd::move_iterator<dynamic_reconfigure::DoubleParameter_<std::allocator<void> >*>[m[K' changed in GCC 7.1
         [01;36m[K__uninit_copy[m[K(_InputIterator __first, _InputIterator __last,
         [01;36m[K^~~~~~~~~~~~~[m[K
[01m[K/usr/include/c++/8/bits/stl_uninitialized.h:76:9:[m[K [01;36m[Knote: [m[Kparameter passing for argument of type '[01m[Kstd::move_iterator<dynamic_reconfigure::DoubleParameter_<std::allocator<void> >*>[m[K' changed in GCC 7.1
