Symlinking /home/pi/do_an_ws/devel/lib/libnodeletlib.so
Symlinking /home/pi/do_an_ws/devel/lib/python3/dist-packages/nodelet/__init__.py
Symlinking /home/pi/do_an_ws/devel/lib/python3/dist-packages/nodelet/srv/_NodeletList.py
Symlinking /home/pi/do_an_ws/devel/lib/python3/dist-packages/nodelet/srv/__init__.py
Symlinking /home/pi/do_an_ws/devel/lib/python3/dist-packages/nodelet/srv/_NodeletLoad.py
Symlinking /home/pi/do_an_ws/devel/lib/python3/dist-packages/nodelet/srv/_NodeletUnload.py
Symlinking /home/pi/do_an_ws/devel/lib/nodelet/cmake.lock
Symlinking /home/pi/do_an_ws/devel/lib/nodelet/nodelet
Symlinking /home/pi/do_an_ws/devel/lib/nodelet/declared_nodelets
Symlinking /home/pi/do_an_ws/devel/lib/nodelet/list_nodelets
Symlinking /home/pi/do_an_ws/devel/lib/pkgconfig/nodelet.pc
Symlinking /home/pi/do_an_ws/devel/share/nodelet/cmake/nodelet-msg-extras.cmake
Symlinking /home/pi/do_an_ws/devel/share/nodelet/cmake/nodeletConfig-version.cmake
Symlinking /home/pi/do_an_ws/devel/share/nodelet/cmake/nodeletConfig.cmake
Symlinking /home/pi/do_an_ws/devel/share/nodelet/cmake/nodelet-msg-paths.cmake
Symlinking /home/pi/do_an_ws/devel/share/gennodejs/ros/nodelet/_index.js
Symlinking /home/pi/do_an_ws/devel/share/gennodejs/ros/nodelet/srv/NodeletUnload.js
Symlinking /home/pi/do_an_ws/devel/share/gennodejs/ros/nodelet/srv/NodeletLoad.js
Symlinking /home/pi/do_an_ws/devel/share/gennodejs/ros/nodelet/srv/_index.js
Symlinking /home/pi/do_an_ws/devel/share/gennodejs/ros/nodelet/srv/NodeletList.js
Symlinking /home/pi/do_an_ws/devel/share/roseus/ros/nodelet/manifest.l
Symlinking /home/pi/do_an_ws/devel/share/roseus/ros/nodelet/srv/NodeletLoad.l
Symlinking /home/pi/do_an_ws/devel/share/roseus/ros/nodelet/srv/NodeletUnload.l
Symlinking /home/pi/do_an_ws/devel/share/roseus/ros/nodelet/srv/NodeletList.l
Symlinking /home/pi/do_an_ws/devel/share/common-lisp/ros/nodelet/srv/NodeletList.lisp
Symlinking /home/pi/do_an_ws/devel/share/common-lisp/ros/nodelet/srv/NodeletLoad.lisp
Symlinking /home/pi/do_an_ws/devel/share/common-lisp/ros/nodelet/srv/NodeletUnload.lisp
Symlinking /home/pi/do_an_ws/devel/share/common-lisp/ros/nodelet/srv/_package_NodeletLoad.lisp
Symlinking /home/pi/do_an_ws/devel/share/common-lisp/ros/nodelet/srv/_package_NodeletUnload.lisp
Symlinking /home/pi/do_an_ws/devel/share/common-lisp/ros/nodelet/srv/_package_NodeletList.lisp
Symlinking /home/pi/do_an_ws/devel/share/common-lisp/ros/nodelet/srv/_package.lisp
Symlinking /home/pi/do_an_ws/devel/share/common-lisp/ros/nodelet/srv/nodelet-srv.asd
Symlinking /home/pi/do_an_ws/devel/include/nodelet/NodeletUnloadResponse.h
Symlinking /home/pi/do_an_ws/devel/include/nodelet/NodeletLoadResponse.h
Symlinking /home/pi/do_an_ws/devel/include/nodelet/NodeletUnload.h
Symlinking /home/pi/do_an_ws/devel/include/nodelet/NodeletLoadRequest.h
Symlinking /home/pi/do_an_ws/devel/include/nodelet/version.h
Symlinking /home/pi/do_an_ws/devel/include/nodelet/NodeletListResponse.h
Symlinking /home/pi/do_an_ws/devel/include/nodelet/NodeletListRequest.h
Symlinking /home/pi/do_an_ws/devel/include/nodelet/NodeletUnloadRequest.h
Symlinking /home/pi/do_an_ws/devel/include/nodelet/NodeletLoad.h
Symlinking /home/pi/do_an_ws/devel/include/nodelet/NodeletList.h
