[35m[1mScanning dependencies of target _imu_msgs_generate_messages_check_deps_Angle[0m
[  0%] Built target _imu_msgs_generate_messages_check_deps_Angle
[35m[1mScanning dependencies of target std_msgs_generate_messages_eus[0m
[  0%] Built target std_msgs_generate_messages_eus
[35m[1mScanning dependencies of target std_msgs_generate_messages_cpp[0m
[  0%] Built target std_msgs_generate_messages_cpp
[35m[1mScanning dependencies of target std_msgs_generate_messages_lisp[0m
[  0%] Built target std_msgs_generate_messages_lisp
[35m[1mScanning dependencies of target std_msgs_generate_messages_nodejs[0m
[  0%] Built target std_msgs_generate_messages_nodejs
[35m[1mScanning dependencies of target std_msgs_generate_messages_py[0m
[  0%] Built target std_msgs_generate_messages_py
[35m[1mScanning dependencies of target imu_msgs_generate_messages_eus[0m
[ 14%] [34m[1mGenerating EusLisp code from imu_msgs/Angle.msg[0m
[ 28%] [34m[1mGenerating EusLisp manifest code for imu_msgs[0m
[ 28%] Built target imu_msgs_generate_messages_eus
[35m[1mScanning dependencies of target imu_msgs_generate_messages_cpp[0m
[ 42%] [34m[1mGenerating C++ code from imu_msgs/Angle.msg[0m
[ 42%] Built target imu_msgs_generate_messages_cpp
[35m[1mScanning dependencies of target imu_msgs_generate_messages_lisp[0m
[ 57%] [34m[1mGenerating Lisp code from imu_msgs/Angle.msg[0m
[ 57%] Built target imu_msgs_generate_messages_lisp
[35m[1mScanning dependencies of target imu_msgs_generate_messages_nodejs[0m
[ 71%] [34m[1mGenerating Javascript code from imu_msgs/Angle.msg[0m
[ 71%] Built target imu_msgs_generate_messages_nodejs
[35m[1mScanning dependencies of target imu_msgs_generate_messages_py[0m
[ 85%] [34m[1mGenerating Python from MSG imu_msgs/Angle[0m
[100%] [34m[1mGenerating Python msg __init__.py for imu_msgs[0m
[100%] Built target imu_msgs_generate_messages_py
[35m[1mScanning dependencies of target imu_msgs_generate_messages[0m
[100%] Built target imu_msgs_generate_messages
