Linked: (/home/pi/do_an_ws/devel/.private/dynamic_reconfigure/lib/libdynamic_reconfigure_config_init_mutex.so, /home/pi/do_an_ws/devel/lib/libdynamic_reconfigure_config_init_mutex.so)
Linked: (/home/pi/do_an_ws/devel/.private/dynamic_reconfigure/lib/python3/dist-packages/dynamic_reconfigure/__init__.py, /home/pi/do_an_ws/devel/lib/python3/dist-packages/dynamic_reconfigure/__init__.py)
Linked: (/home/pi/do_an_ws/devel/.private/dynamic_reconfigure/lib/python3/dist-packages/dynamic_reconfigure/msg/_ParamDescription.py, /home/pi/do_an_ws/devel/lib/python3/dist-packages/dynamic_reconfigure/msg/_ParamDescription.py)
Linked: (/home/pi/do_an_ws/devel/.private/dynamic_reconfigure/lib/python3/dist-packages/dynamic_reconfigure/msg/_Group.py, /home/pi/do_an_ws/devel/lib/python3/dist-packages/dynamic_reconfigure/msg/_Group.py)
Linked: (/home/pi/do_an_ws/devel/.private/dynamic_reconfigure/lib/python3/dist-packages/dynamic_reconfigure/msg/_BoolParameter.py, /home/pi/do_an_ws/devel/lib/python3/dist-packages/dynamic_reconfigure/msg/_BoolParameter.py)
Linked: (/home/pi/do_an_ws/devel/.private/dynamic_reconfigure/lib/python3/dist-packages/dynamic_reconfigure/msg/_DoubleParameter.py, /home/pi/do_an_ws/devel/lib/python3/dist-packages/dynamic_reconfigure/msg/_DoubleParameter.py)
Linked: (/home/pi/do_an_ws/devel/.private/dynamic_reconfigure/lib/python3/dist-packages/dynamic_reconfigure/msg/_GroupState.py, /home/pi/do_an_ws/devel/lib/python3/dist-packages/dynamic_reconfigure/msg/_GroupState.py)
Linked: (/home/pi/do_an_ws/devel/.private/dynamic_reconfigure/lib/python3/dist-packages/dynamic_reconfigure/msg/__init__.py, /home/pi/do_an_ws/devel/lib/python3/dist-packages/dynamic_reconfigure/msg/__init__.py)
Linked: (/home/pi/do_an_ws/devel/.private/dynamic_reconfigure/lib/python3/dist-packages/dynamic_reconfigure/msg/_Config.py, /home/pi/do_an_ws/devel/lib/python3/dist-packages/dynamic_reconfigure/msg/_Config.py)
Linked: (/home/pi/do_an_ws/devel/.private/dynamic_reconfigure/lib/python3/dist-packages/dynamic_reconfigure/msg/_SensorLevels.py, /home/pi/do_an_ws/devel/lib/python3/dist-packages/dynamic_reconfigure/msg/_SensorLevels.py)
Linked: (/home/pi/do_an_ws/devel/.private/dynamic_reconfigure/lib/python3/dist-packages/dynamic_reconfigure/msg/_IntParameter.py, /home/pi/do_an_ws/devel/lib/python3/dist-packages/dynamic_reconfigure/msg/_IntParameter.py)
Linked: (/home/pi/do_an_ws/devel/.private/dynamic_reconfigure/lib/python3/dist-packages/dynamic_reconfigure/msg/_StrParameter.py, /home/pi/do_an_ws/devel/lib/python3/dist-packages/dynamic_reconfigure/msg/_StrParameter.py)
Linked: (/home/pi/do_an_ws/devel/.private/dynamic_reconfigure/lib/python3/dist-packages/dynamic_reconfigure/msg/_ConfigDescription.py, /home/pi/do_an_ws/devel/lib/python3/dist-packages/dynamic_reconfigure/msg/_ConfigDescription.py)
Linked: (/home/pi/do_an_ws/devel/.private/dynamic_reconfigure/lib/python3/dist-packages/dynamic_reconfigure/cfg/__init__.py, /home/pi/do_an_ws/devel/lib/python3/dist-packages/dynamic_reconfigure/cfg/__init__.py)
Linked: (/home/pi/do_an_ws/devel/.private/dynamic_reconfigure/lib/python3/dist-packages/dynamic_reconfigure/cfg/TestConfig.py, /home/pi/do_an_ws/devel/lib/python3/dist-packages/dynamic_reconfigure/cfg/TestConfig.py)
Linked: (/home/pi/do_an_ws/devel/.private/dynamic_reconfigure/lib/python3/dist-packages/dynamic_reconfigure/srv/_Reconfigure.py, /home/pi/do_an_ws/devel/lib/python3/dist-packages/dynamic_reconfigure/srv/_Reconfigure.py)
Linked: (/home/pi/do_an_ws/devel/.private/dynamic_reconfigure/lib/python3/dist-packages/dynamic_reconfigure/srv/__init__.py, /home/pi/do_an_ws/devel/lib/python3/dist-packages/dynamic_reconfigure/srv/__init__.py)
Linked: (/home/pi/do_an_ws/devel/.private/dynamic_reconfigure/lib/python3/dist-packages/dynamic_reconfigure/__pycache__/__init__.cpython-37.pyc, /home/pi/do_an_ws/devel/lib/python3/dist-packages/dynamic_reconfigure/__pycache__/__init__.cpython-37.pyc)
Linked: (/home/pi/do_an_ws/devel/.private/dynamic_reconfigure/lib/pkgconfig/dynamic_reconfigure.pc, /home/pi/do_an_ws/devel/lib/pkgconfig/dynamic_reconfigure.pc)
Linked: (/home/pi/do_an_ws/devel/.private/dynamic_reconfigure/lib/dynamic_reconfigure/dynparam, /home/pi/do_an_ws/devel/lib/dynamic_reconfigure/dynparam)
Linked: (/home/pi/do_an_ws/devel/.private/dynamic_reconfigure/lib/dynamic_reconfigure/cmake.lock, /home/pi/do_an_ws/devel/lib/dynamic_reconfigure/cmake.lock)
Linked: (/home/pi/do_an_ws/devel/.private/dynamic_reconfigure/share/gennodejs/ros/dynamic_reconfigure/_index.js, /home/pi/do_an_ws/devel/share/gennodejs/ros/dynamic_reconfigure/_index.js)
Linked: (/home/pi/do_an_ws/devel/.private/dynamic_reconfigure/share/gennodejs/ros/dynamic_reconfigure/msg/StrParameter.js, /home/pi/do_an_ws/devel/share/gennodejs/ros/dynamic_reconfigure/msg/StrParameter.js)
Linked: (/home/pi/do_an_ws/devel/.private/dynamic_reconfigure/share/gennodejs/ros/dynamic_reconfigure/msg/BoolParameter.js, /home/pi/do_an_ws/devel/share/gennodejs/ros/dynamic_reconfigure/msg/BoolParameter.js)
Linked: (/home/pi/do_an_ws/devel/.private/dynamic_reconfigure/share/gennodejs/ros/dynamic_reconfigure/msg/GroupState.js, /home/pi/do_an_ws/devel/share/gennodejs/ros/dynamic_reconfigure/msg/GroupState.js)
Linked: (/home/pi/do_an_ws/devel/.private/dynamic_reconfigure/share/gennodejs/ros/dynamic_reconfigure/msg/Group.js, /home/pi/do_an_ws/devel/share/gennodejs/ros/dynamic_reconfigure/msg/Group.js)
Linked: (/home/pi/do_an_ws/devel/.private/dynamic_reconfigure/share/gennodejs/ros/dynamic_reconfigure/msg/IntParameter.js, /home/pi/do_an_ws/devel/share/gennodejs/ros/dynamic_reconfigure/msg/IntParameter.js)
Linked: (/home/pi/do_an_ws/devel/.private/dynamic_reconfigure/share/gennodejs/ros/dynamic_reconfigure/msg/SensorLevels.js, /home/pi/do_an_ws/devel/share/gennodejs/ros/dynamic_reconfigure/msg/SensorLevels.js)
Linked: (/home/pi/do_an_ws/devel/.private/dynamic_reconfigure/share/gennodejs/ros/dynamic_reconfigure/msg/ConfigDescription.js, /home/pi/do_an_ws/devel/share/gennodejs/ros/dynamic_reconfigure/msg/ConfigDescription.js)
Linked: (/home/pi/do_an_ws/devel/.private/dynamic_reconfigure/share/gennodejs/ros/dynamic_reconfigure/msg/_index.js, /home/pi/do_an_ws/devel/share/gennodejs/ros/dynamic_reconfigure/msg/_index.js)
Linked: (/home/pi/do_an_ws/devel/.private/dynamic_reconfigure/share/gennodejs/ros/dynamic_reconfigure/msg/ParamDescription.js, /home/pi/do_an_ws/devel/share/gennodejs/ros/dynamic_reconfigure/msg/ParamDescription.js)
Linked: (/home/pi/do_an_ws/devel/.private/dynamic_reconfigure/share/gennodejs/ros/dynamic_reconfigure/msg/DoubleParameter.js, /home/pi/do_an_ws/devel/share/gennodejs/ros/dynamic_reconfigure/msg/DoubleParameter.js)
Linked: (/home/pi/do_an_ws/devel/.private/dynamic_reconfigure/share/gennodejs/ros/dynamic_reconfigure/msg/Config.js, /home/pi/do_an_ws/devel/share/gennodejs/ros/dynamic_reconfigure/msg/Config.js)
Linked: (/home/pi/do_an_ws/devel/.private/dynamic_reconfigure/share/gennodejs/ros/dynamic_reconfigure/srv/Reconfigure.js, /home/pi/do_an_ws/devel/share/gennodejs/ros/dynamic_reconfigure/srv/Reconfigure.js)
Linked: (/home/pi/do_an_ws/devel/.private/dynamic_reconfigure/share/gennodejs/ros/dynamic_reconfigure/srv/_index.js, /home/pi/do_an_ws/devel/share/gennodejs/ros/dynamic_reconfigure/srv/_index.js)
Linked: (/home/pi/do_an_ws/devel/.private/dynamic_reconfigure/share/roseus/ros/dynamic_reconfigure/manifest.l, /home/pi/do_an_ws/devel/share/roseus/ros/dynamic_reconfigure/manifest.l)
Linked: (/home/pi/do_an_ws/devel/.private/dynamic_reconfigure/share/roseus/ros/dynamic_reconfigure/msg/GroupState.l, /home/pi/do_an_ws/devel/share/roseus/ros/dynamic_reconfigure/msg/GroupState.l)
Linked: (/home/pi/do_an_ws/devel/.private/dynamic_reconfigure/share/roseus/ros/dynamic_reconfigure/msg/Config.l, /home/pi/do_an_ws/devel/share/roseus/ros/dynamic_reconfigure/msg/Config.l)
Linked: (/home/pi/do_an_ws/devel/.private/dynamic_reconfigure/share/roseus/ros/dynamic_reconfigure/msg/ParamDescription.l, /home/pi/do_an_ws/devel/share/roseus/ros/dynamic_reconfigure/msg/ParamDescription.l)
Linked: (/home/pi/do_an_ws/devel/.private/dynamic_reconfigure/share/roseus/ros/dynamic_reconfigure/msg/DoubleParameter.l, /home/pi/do_an_ws/devel/share/roseus/ros/dynamic_reconfigure/msg/DoubleParameter.l)
Linked: (/home/pi/do_an_ws/devel/.private/dynamic_reconfigure/share/roseus/ros/dynamic_reconfigure/msg/BoolParameter.l, /home/pi/do_an_ws/devel/share/roseus/ros/dynamic_reconfigure/msg/BoolParameter.l)
Linked: (/home/pi/do_an_ws/devel/.private/dynamic_reconfigure/share/roseus/ros/dynamic_reconfigure/msg/ConfigDescription.l, /home/pi/do_an_ws/devel/share/roseus/ros/dynamic_reconfigure/msg/ConfigDescription.l)
Linked: (/home/pi/do_an_ws/devel/.private/dynamic_reconfigure/share/roseus/ros/dynamic_reconfigure/msg/Group.l, /home/pi/do_an_ws/devel/share/roseus/ros/dynamic_reconfigure/msg/Group.l)
Linked: (/home/pi/do_an_ws/devel/.private/dynamic_reconfigure/share/roseus/ros/dynamic_reconfigure/msg/StrParameter.l, /home/pi/do_an_ws/devel/share/roseus/ros/dynamic_reconfigure/msg/StrParameter.l)
Linked: (/home/pi/do_an_ws/devel/.private/dynamic_reconfigure/share/roseus/ros/dynamic_reconfigure/msg/SensorLevels.l, /home/pi/do_an_ws/devel/share/roseus/ros/dynamic_reconfigure/msg/SensorLevels.l)
Linked: (/home/pi/do_an_ws/devel/.private/dynamic_reconfigure/share/roseus/ros/dynamic_reconfigure/msg/IntParameter.l, /home/pi/do_an_ws/devel/share/roseus/ros/dynamic_reconfigure/msg/IntParameter.l)
Linked: (/home/pi/do_an_ws/devel/.private/dynamic_reconfigure/share/roseus/ros/dynamic_reconfigure/srv/Reconfigure.l, /home/pi/do_an_ws/devel/share/roseus/ros/dynamic_reconfigure/srv/Reconfigure.l)
Linked: (/home/pi/do_an_ws/devel/.private/dynamic_reconfigure/share/dynamic_reconfigure/cmake/dynamic_reconfigureConfig-version.cmake, /home/pi/do_an_ws/devel/share/dynamic_reconfigure/cmake/dynamic_reconfigureConfig-version.cmake)
Linked: (/home/pi/do_an_ws/devel/.private/dynamic_reconfigure/share/dynamic_reconfigure/cmake/dynamic_reconfigure-extras.cmake, /home/pi/do_an_ws/devel/share/dynamic_reconfigure/cmake/dynamic_reconfigure-extras.cmake)
Linked: (/home/pi/do_an_ws/devel/.private/dynamic_reconfigure/share/dynamic_reconfigure/cmake/dynamic_reconfigureConfig.cmake, /home/pi/do_an_ws/devel/share/dynamic_reconfigure/cmake/dynamic_reconfigureConfig.cmake)
Linked: (/home/pi/do_an_ws/devel/.private/dynamic_reconfigure/share/dynamic_reconfigure/cmake/dynamic_reconfigure-msg-paths.cmake, /home/pi/do_an_ws/devel/share/dynamic_reconfigure/cmake/dynamic_reconfigure-msg-paths.cmake)
Linked: (/home/pi/do_an_ws/devel/.private/dynamic_reconfigure/share/dynamic_reconfigure/cmake/dynamic_reconfigure-msg-extras.cmake, /home/pi/do_an_ws/devel/share/dynamic_reconfigure/cmake/dynamic_reconfigure-msg-extras.cmake)
Linked: (/home/pi/do_an_ws/devel/.private/dynamic_reconfigure/share/dynamic_reconfigure/docs/TestConfig-usage.dox, /home/pi/do_an_ws/devel/share/dynamic_reconfigure/docs/TestConfig-usage.dox)
Linked: (/home/pi/do_an_ws/devel/.private/dynamic_reconfigure/share/dynamic_reconfigure/docs/TestConfig.dox, /home/pi/do_an_ws/devel/share/dynamic_reconfigure/docs/TestConfig.dox)
Linked: (/home/pi/do_an_ws/devel/.private/dynamic_reconfigure/share/dynamic_reconfigure/docs/TestConfig.wikidoc, /home/pi/do_an_ws/devel/share/dynamic_reconfigure/docs/TestConfig.wikidoc)
Linked: (/home/pi/do_an_ws/devel/.private/dynamic_reconfigure/share/common-lisp/ros/dynamic_reconfigure/msg/_package_DoubleParameter.lisp, /home/pi/do_an_ws/devel/share/common-lisp/ros/dynamic_reconfigure/msg/_package_DoubleParameter.lisp)
Linked: (/home/pi/do_an_ws/devel/.private/dynamic_reconfigure/share/common-lisp/ros/dynamic_reconfigure/msg/Group.lisp, /home/pi/do_an_ws/devel/share/common-lisp/ros/dynamic_reconfigure/msg/Group.lisp)
Linked: (/home/pi/do_an_ws/devel/.private/dynamic_reconfigure/share/common-lisp/ros/dynamic_reconfigure/msg/ParamDescription.lisp, /home/pi/do_an_ws/devel/share/common-lisp/ros/dynamic_reconfigure/msg/ParamDescription.lisp)
Linked: (/home/pi/do_an_ws/devel/.private/dynamic_reconfigure/share/common-lisp/ros/dynamic_reconfigure/msg/_package_SensorLevels.lisp, /home/pi/do_an_ws/devel/share/common-lisp/ros/dynamic_reconfigure/msg/_package_SensorLevels.lisp)
Linked: (/home/pi/do_an_ws/devel/.private/dynamic_reconfigure/share/common-lisp/ros/dynamic_reconfigure/msg/_package_Config.lisp, /home/pi/do_an_ws/devel/share/common-lisp/ros/dynamic_reconfigure/msg/_package_Config.lisp)
Linked: (/home/pi/do_an_ws/devel/.private/dynamic_reconfigure/share/common-lisp/ros/dynamic_reconfigure/msg/StrParameter.lisp, /home/pi/do_an_ws/devel/share/common-lisp/ros/dynamic_reconfigure/msg/StrParameter.lisp)
Linked: (/home/pi/do_an_ws/devel/.private/dynamic_reconfigure/share/common-lisp/ros/dynamic_reconfigure/msg/_package_IntParameter.lisp, /home/pi/do_an_ws/devel/share/common-lisp/ros/dynamic_reconfigure/msg/_package_IntParameter.lisp)
Linked: (/home/pi/do_an_ws/devel/.private/dynamic_reconfigure/share/common-lisp/ros/dynamic_reconfigure/msg/_package_ConfigDescription.lisp, /home/pi/do_an_ws/devel/share/common-lisp/ros/dynamic_reconfigure/msg/_package_ConfigDescription.lisp)
Linked: (/home/pi/do_an_ws/devel/.private/dynamic_reconfigure/share/common-lisp/ros/dynamic_reconfigure/msg/IntParameter.lisp, /home/pi/do_an_ws/devel/share/common-lisp/ros/dynamic_reconfigure/msg/IntParameter.lisp)
Linked: (/home/pi/do_an_ws/devel/.private/dynamic_reconfigure/share/common-lisp/ros/dynamic_reconfigure/msg/_package.lisp, /home/pi/do_an_ws/devel/share/common-lisp/ros/dynamic_reconfigure/msg/_package.lisp)
Linked: (/home/pi/do_an_ws/devel/.private/dynamic_reconfigure/share/common-lisp/ros/dynamic_reconfigure/msg/_package_Group.lisp, /home/pi/do_an_ws/devel/share/common-lisp/ros/dynamic_reconfigure/msg/_package_Group.lisp)
Linked: (/home/pi/do_an_ws/devel/.private/dynamic_reconfigure/share/common-lisp/ros/dynamic_reconfigure/msg/DoubleParameter.lisp, /home/pi/do_an_ws/devel/share/common-lisp/ros/dynamic_reconfigure/msg/DoubleParameter.lisp)
Linked: (/home/pi/do_an_ws/devel/.private/dynamic_reconfigure/share/common-lisp/ros/dynamic_reconfigure/msg/ConfigDescription.lisp, /home/pi/do_an_ws/devel/share/common-lisp/ros/dynamic_reconfigure/msg/ConfigDescription.lisp)
Linked: (/home/pi/do_an_ws/devel/.private/dynamic_reconfigure/share/common-lisp/ros/dynamic_reconfigure/msg/_package_StrParameter.lisp, /home/pi/do_an_ws/devel/share/common-lisp/ros/dynamic_reconfigure/msg/_package_StrParameter.lisp)
Linked: (/home/pi/do_an_ws/devel/.private/dynamic_reconfigure/share/common-lisp/ros/dynamic_reconfigure/msg/dynamic_reconfigure-msg.asd, /home/pi/do_an_ws/devel/share/common-lisp/ros/dynamic_reconfigure/msg/dynamic_reconfigure-msg.asd)
Linked: (/home/pi/do_an_ws/devel/.private/dynamic_reconfigure/share/common-lisp/ros/dynamic_reconfigure/msg/BoolParameter.lisp, /home/pi/do_an_ws/devel/share/common-lisp/ros/dynamic_reconfigure/msg/BoolParameter.lisp)
Linked: (/home/pi/do_an_ws/devel/.private/dynamic_reconfigure/share/common-lisp/ros/dynamic_reconfigure/msg/_package_ParamDescription.lisp, /home/pi/do_an_ws/devel/share/common-lisp/ros/dynamic_reconfigure/msg/_package_ParamDescription.lisp)
Linked: (/home/pi/do_an_ws/devel/.private/dynamic_reconfigure/share/common-lisp/ros/dynamic_reconfigure/msg/_package_GroupState.lisp, /home/pi/do_an_ws/devel/share/common-lisp/ros/dynamic_reconfigure/msg/_package_GroupState.lisp)
Linked: (/home/pi/do_an_ws/devel/.private/dynamic_reconfigure/share/common-lisp/ros/dynamic_reconfigure/msg/Config.lisp, /home/pi/do_an_ws/devel/share/common-lisp/ros/dynamic_reconfigure/msg/Config.lisp)
Linked: (/home/pi/do_an_ws/devel/.private/dynamic_reconfigure/share/common-lisp/ros/dynamic_reconfigure/msg/_package_BoolParameter.lisp, /home/pi/do_an_ws/devel/share/common-lisp/ros/dynamic_reconfigure/msg/_package_BoolParameter.lisp)
Linked: (/home/pi/do_an_ws/devel/.private/dynamic_reconfigure/share/common-lisp/ros/dynamic_reconfigure/msg/GroupState.lisp, /home/pi/do_an_ws/devel/share/common-lisp/ros/dynamic_reconfigure/msg/GroupState.lisp)
Linked: (/home/pi/do_an_ws/devel/.private/dynamic_reconfigure/share/common-lisp/ros/dynamic_reconfigure/msg/SensorLevels.lisp, /home/pi/do_an_ws/devel/share/common-lisp/ros/dynamic_reconfigure/msg/SensorLevels.lisp)
Linked: (/home/pi/do_an_ws/devel/.private/dynamic_reconfigure/share/common-lisp/ros/dynamic_reconfigure/srv/_package.lisp, /home/pi/do_an_ws/devel/share/common-lisp/ros/dynamic_reconfigure/srv/_package.lisp)
Linked: (/home/pi/do_an_ws/devel/.private/dynamic_reconfigure/share/common-lisp/ros/dynamic_reconfigure/srv/dynamic_reconfigure-srv.asd, /home/pi/do_an_ws/devel/share/common-lisp/ros/dynamic_reconfigure/srv/dynamic_reconfigure-srv.asd)
Linked: (/home/pi/do_an_ws/devel/.private/dynamic_reconfigure/share/common-lisp/ros/dynamic_reconfigure/srv/Reconfigure.lisp, /home/pi/do_an_ws/devel/share/common-lisp/ros/dynamic_reconfigure/srv/Reconfigure.lisp)
Linked: (/home/pi/do_an_ws/devel/.private/dynamic_reconfigure/share/common-lisp/ros/dynamic_reconfigure/srv/_package_Reconfigure.lisp, /home/pi/do_an_ws/devel/share/common-lisp/ros/dynamic_reconfigure/srv/_package_Reconfigure.lisp)
Linked: (/home/pi/do_an_ws/devel/.private/dynamic_reconfigure/include/dynamic_reconfigure/BoolParameter.h, /home/pi/do_an_ws/devel/include/dynamic_reconfigure/BoolParameter.h)
Linked: (/home/pi/do_an_ws/devel/.private/dynamic_reconfigure/include/dynamic_reconfigure/Reconfigure.h, /home/pi/do_an_ws/devel/include/dynamic_reconfigure/Reconfigure.h)
Linked: (/home/pi/do_an_ws/devel/.private/dynamic_reconfigure/include/dynamic_reconfigure/StrParameter.h, /home/pi/do_an_ws/devel/include/dynamic_reconfigure/StrParameter.h)
Linked: (/home/pi/do_an_ws/devel/.private/dynamic_reconfigure/include/dynamic_reconfigure/Config.h, /home/pi/do_an_ws/devel/include/dynamic_reconfigure/Config.h)
Linked: (/home/pi/do_an_ws/devel/.private/dynamic_reconfigure/include/dynamic_reconfigure/ConfigDescription.h, /home/pi/do_an_ws/devel/include/dynamic_reconfigure/ConfigDescription.h)
Linked: (/home/pi/do_an_ws/devel/.private/dynamic_reconfigure/include/dynamic_reconfigure/ReconfigureResponse.h, /home/pi/do_an_ws/devel/include/dynamic_reconfigure/ReconfigureResponse.h)
Linked: (/home/pi/do_an_ws/devel/.private/dynamic_reconfigure/include/dynamic_reconfigure/DoubleParameter.h, /home/pi/do_an_ws/devel/include/dynamic_reconfigure/DoubleParameter.h)
Linked: (/home/pi/do_an_ws/devel/.private/dynamic_reconfigure/include/dynamic_reconfigure/ReconfigureRequest.h, /home/pi/do_an_ws/devel/include/dynamic_reconfigure/ReconfigureRequest.h)
Linked: (/home/pi/do_an_ws/devel/.private/dynamic_reconfigure/include/dynamic_reconfigure/SensorLevels.h, /home/pi/do_an_ws/devel/include/dynamic_reconfigure/SensorLevels.h)
Linked: (/home/pi/do_an_ws/devel/.private/dynamic_reconfigure/include/dynamic_reconfigure/Group.h, /home/pi/do_an_ws/devel/include/dynamic_reconfigure/Group.h)
Linked: (/home/pi/do_an_ws/devel/.private/dynamic_reconfigure/include/dynamic_reconfigure/GroupState.h, /home/pi/do_an_ws/devel/include/dynamic_reconfigure/GroupState.h)
Linked: (/home/pi/do_an_ws/devel/.private/dynamic_reconfigure/include/dynamic_reconfigure/TestConfig.h, /home/pi/do_an_ws/devel/include/dynamic_reconfigure/TestConfig.h)
Linked: (/home/pi/do_an_ws/devel/.private/dynamic_reconfigure/include/dynamic_reconfigure/IntParameter.h, /home/pi/do_an_ws/devel/include/dynamic_reconfigure/IntParameter.h)
Linked: (/home/pi/do_an_ws/devel/.private/dynamic_reconfigure/include/dynamic_reconfigure/ParamDescription.h, /home/pi/do_an_ws/devel/include/dynamic_reconfigure/ParamDescription.h)
