[  3%] Built target dynamic_reconfigure_config_init_mutex
[  4%] Built target dynamic_reconfigure_gencfg
[  4%] Built target _dynamic_reconfigure_generate_messages_check_deps_Reconfigure
[  4%] Built target _dynamic_reconfigure_generate_messages_check_deps_BoolParameter
[  4%] Built target _dynamic_reconfigure_generate_messages_check_deps_Config
[  4%] Built target _dynamic_reconfigure_generate_messages_check_deps_ParamDescription
[  4%] Built target _dynamic_reconfigure_generate_messages_check_deps_ConfigDescription
[  4%] Built target std_msgs_generate_messages_cpp
[  4%] Built target _dynamic_reconfigure_generate_messages_check_deps_GroupState
[  4%] Built target _dynamic_reconfigure_generate_messages_check_deps_Group
[  4%] Built target _dynamic_reconfigure_generate_messages_check_deps_SensorLevels
[  4%] Built target _dynamic_reconfigure_generate_messages_check_deps_DoubleParameter
[  4%] Built target _dynamic_reconfigure_generate_messages_check_deps_IntParameter
[  4%] Built target _dynamic_reconfigure_generate_messages_check_deps_StrParameter
[  4%] Built target std_msgs_generate_messages_py
[  4%] Built target std_msgs_generate_messages_lisp
[  4%] Built target std_msgs_generate_messages_nodejs
[  4%] Built target std_msgs_generate_messages_eus
[ 22%] Built target dynamic_reconfigure_generate_messages_cpp
[ 44%] Built target dynamic_reconfigure_generate_messages_py
[ 62%] Built target dynamic_reconfigure_generate_messages_lisp
[ 80%] Built target dynamic_reconfigure_generate_messages_nodejs
[100%] Built target dynamic_reconfigure_generate_messages_eus
[100%] Built target dynamic_reconfigure_generate_messages
