[  0%] Built target std_msgs_generate_messages_lisp
[  0%] Built target std_msgs_generate_messages_py
[  0%] Built target std_msgs_generate_messages_cpp
[  0%] Built target std_msgs_generate_messages_eus
[  0%] Built target std_msgs_generate_messages_nodejs
[  0%] Built target roscpp_generate_messages_cpp
[  0%] Built target _gps_generate_messages_check_deps_Gps
[  0%] Built target rosgraph_msgs_generate_messages_eus
[  0%] Built target rosgraph_msgs_generate_messages_lisp
[  0%] Built target roscpp_generate_messages_nodejs
[  0%] Built target roscpp_generate_messages_eus
[  0%] Built target rosgraph_msgs_generate_messages_nodejs
[  0%] Built target rosgraph_msgs_generate_messages_py
[  0%] Built target rosgraph_msgs_generate_messages_cpp
[  0%] Built target roscpp_generate_messages_py
[  0%] Built target _catkin_empty_exported_target
[  0%] Built target roscpp_generate_messages_lisp
[ 22%] Built target gps_generate_messages_py
[ 33%] Built target gps_generate_messages_cpp
[ 44%] Built target gps_generate_messages_lisp
[ 66%] Built target gps_generate_messages_eus
[ 77%] Built target gps_generate_messages_nodejs
[35m[1mScanning dependencies of target gps[0m
[ 88%] [32mBuilding CXX object CMakeFiles/gps.dir/src/gps_node.cpp.o[0m
[ 88%] Built target gps_generate_messages
[01m[K/home/pi/do_an_ws/src/gps/src/gps_node.cpp:[m[K In function '[01m[Kint main(int, char**)[m[K':
[01m[K/home/pi/do_an_ws/src/gps/src/gps_node.cpp:229:2:[m[K [01;31m[Kerror: [m[K'[01m[Kelse[m[K' without a previous '[01m[Kif[m[K'
  [01;31m[Kelse[m[K // Use fake gps coordinate
  [01;31m[K^~~~[m[K
make[2]: *** [CMakeFiles/gps.dir/build.make:63: CMakeFiles/gps.dir/src/gps_node.cpp.o] Error 1
make[1]: *** [CMakeFiles/Makefile2:1085: CMakeFiles/gps.dir/all] Error 2
make: *** [Makefile:141: all] Error 2
